{"C:\\Users\\ytang\\OneDrive\\Desktop\\elai\\backend\\controllers\\adminController.js": {"path":"C:\\Users\\ytang\\OneDrive\\Desktop\\elai\\backend\\controllers\\adminController.js","statementMap":{"0":{"start":{"line":6,"column":21},"end":{"line":6,"column":56}},"1":{"start":{"line":7,"column":29},"end":{"line":7,"column":57}},"2":{"start":{"line":11,"column":4},"end":{"line":16,"column":5}},"3":{"start":{"line":12,"column":22},"end":{"line":12,"column":54}},"4":{"start":{"line":13,"column":6},"end":{"line":13,"column":28}},"5":{"start":{"line":15,"column":6},"end":{"line":15,"column":16}},"6":{"start":{"line":20,"column":4},"end":{"line":25,"column":5}},"7":{"start":{"line":21,"column":20},"end":{"line":21,"column":50}},"8":{"start":{"line":22,"column":6},"end":{"line":22,"column":26}},"9":{"start":{"line":24,"column":6},"end":{"line":24,"column":16}},"10":{"start":{"line":29,"column":4},"end":{"line":36,"column":5}},"11":{"start":{"line":30,"column":25},"end":{"line":30,"column":35}},"12":{"start":{"line":31,"column":30},"end":{"line":31,"column":38}},"13":{"start":{"line":32,"column":21},"end":{"line":32,"column":87}},"14":{"start":{"line":33,"column":6},"end":{"line":33,"column":23}},"15":{"start":{"line":35,"column":6},"end":{"line":35,"column":16}},"16":{"start":{"line":40,"column":4},"end":{"line":52,"column":5}},"17":{"start":{"line":41,"column":21},"end":{"line":41,"column":42}},"18":{"start":{"line":42,"column":6},"end":{"line":44,"column":7}},"19":{"start":{"line":43,"column":8},"end":{"line":43,"column":64}},"20":{"start":{"line":46,"column":25},"end":{"line":46,"column":35}},"21":{"start":{"line":47,"column":30},"end":{"line":47,"column":38}},"22":{"start":{"line":48,"column":21},"end":{"line":48,"column":88}},"23":{"start":{"line":49,"column":6},"end":{"line":49,"column":23}},"24":{"start":{"line":51,"column":6},"end":{"line":51,"column":16}},"25":{"start":{"line":56,"column":4},"end":{"line":61,"column":5}},"26":{"start":{"line":57,"column":22},"end":{"line":57,"column":53}},"27":{"start":{"line":58,"column":6},"end":{"line":58,"column":28}},"28":{"start":{"line":60,"column":6},"end":{"line":60,"column":16}},"29":{"start":{"line":65,"column":0},"end":{"line":65,"column":39}}},"fnMap":{"0":{"name":"(anonymous_0)","decl":{"start":{"line":10,"column":2},"end":{"line":10,"column":3}},"loc":{"start":{"line":10,"column":36},"end":{"line":17,"column":3}},"line":10},"1":{"name":"(anonymous_1)","decl":{"start":{"line":19,"column":2},"end":{"line":19,"column":3}},"loc":{"start":{"line":19,"column":34},"end":{"line":26,"column":3}},"line":19},"2":{"name":"(anonymous_2)","decl":{"start":{"line":28,"column":2},"end":{"line":28,"column":3}},"loc":{"start":{"line":28,"column":41},"end":{"line":37,"column":3}},"line":28},"3":{"name":"(anonymous_3)","decl":{"start":{"line":39,"column":2},"end":{"line":39,"column":3}},"loc":{"start":{"line":39,"column":42},"end":{"line":53,"column":3}},"line":39},"4":{"name":"(anonymous_4)","decl":{"start":{"line":55,"column":2},"end":{"line":55,"column":3}},"loc":{"start":{"line":55,"column":35},"end":{"line":62,"column":3}},"line":55}},"branchMap":{"0":{"loc":{"start":{"line":42,"column":6},"end":{"line":44,"column":7}},"type":"if","locations":[{"start":{"line":42,"column":6},"end":{"line":44,"column":7}},{"start":{"line":42,"column":6},"end":{"line":44,"column":7}}],"line":42}},"s":{"0":0,"1":0,"2":0,"3":0,"4":0,"5":0,"6":0,"7":0,"8":0,"9":0,"10":0,"11":0,"12":0,"13":0,"14":0,"15":0,"16":0,"17":0,"18":0,"19":0,"20":0,"21":0,"22":0,"23":0,"24":0,"25":0,"26":0,"27":0,"28":0,"29":0},"f":{"0":0,"1":0,"2":0,"3":0,"4":0},"b":{"0":[0,0]}}
,"C:\\Users\\ytang\\OneDrive\\Desktop\\elai\\backend\\controllers\\billingController.js": {"path":"C:\\Users\\ytang\\OneDrive\\Desktop\\elai\\backend\\controllers\\billingController.js","statementMap":{"0":{"start":{"line":1,"column":13},"end":{"line":1,"column":28}},"1":{"start":{"line":2,"column":23},"end":{"line":2,"column":60}},"2":{"start":{"line":6,"column":4},"end":{"line":11,"column":5}},"3":{"start":{"line":7,"column":20},"end":{"line":7,"column":52}},"4":{"start":{"line":8,"column":6},"end":{"line":8,"column":26}},"5":{"start":{"line":10,"column":6},"end":{"line":10,"column":16}},"6":{"start":{"line":15,"column":4},"end":{"line":20,"column":5}},"7":{"start":{"line":16,"column":21},"end":{"line":16,"column":68}},"8":{"start":{"line":17,"column":6},"end":{"line":17,"column":27}},"9":{"start":{"line":19,"column":6},"end":{"line":19,"column":16}},"10":{"start":{"line":24,"column":4},"end":{"line":32,"column":5}},"11":{"start":{"line":25,"column":26},"end":{"line":27,"column":10}},"12":{"start":{"line":28,"column":21},"end":{"line":28,"column":106}},"13":{"start":{"line":29,"column":6},"end":{"line":29,"column":35}},"14":{"start":{"line":31,"column":6},"end":{"line":31,"column":16}},"15":{"start":{"line":36,"column":4},"end":{"line":44,"column":5}},"16":{"start":{"line":37,"column":26},"end":{"line":39,"column":10}},"17":{"start":{"line":40,"column":21},"end":{"line":40,"column":105}},"18":{"start":{"line":41,"column":6},"end":{"line":41,"column":35}},"19":{"start":{"line":43,"column":6},"end":{"line":43,"column":16}},"20":{"start":{"line":48,"column":4},"end":{"line":53,"column":5}},"21":{"start":{"line":49,"column":21},"end":{"line":49,"column":76}},"22":{"start":{"line":50,"column":6},"end":{"line":50,"column":23}},"23":{"start":{"line":52,"column":6},"end":{"line":52,"column":16}},"24":{"start":{"line":57,"column":4},"end":{"line":62,"column":5}},"25":{"start":{"line":58,"column":21},"end":{"line":58,"column":77}},"26":{"start":{"line":59,"column":6},"end":{"line":59,"column":23}},"27":{"start":{"line":61,"column":6},"end":{"line":61,"column":16}},"28":{"start":{"line":66,"column":4},"end":{"line":75,"column":5}},"29":{"start":{"line":67,"column":21},"end":{"line":67,"column":68}},"30":{"start":{"line":68,"column":6},"end":{"line":70,"column":7}},"31":{"start":{"line":69,"column":8},"end":{"line":69,"column":98}},"32":{"start":{"line":71,"column":21},"end":{"line":71,"column":76}},"33":{"start":{"line":72,"column":6},"end":{"line":72,"column":27}},"34":{"start":{"line":74,"column":6},"end":{"line":74,"column":16}},"35":{"start":{"line":79,"column":4},"end":{"line":84,"column":5}},"36":{"start":{"line":80,"column":23},"end":{"line":80,"column":82}},"37":{"start":{"line":81,"column":6},"end":{"line":81,"column":29}},"38":{"start":{"line":83,"column":6},"end":{"line":83,"column":16}},"39":{"start":{"line":88,"column":4},"end":{"line":98,"column":5}},"40":{"start":{"line":89,"column":21},"end":{"line":93,"column":37}},"41":{"start":{"line":95,"column":6},"end":{"line":95,"column":23}},"42":{"start":{"line":97,"column":6},"end":{"line":97,"column":16}},"43":{"start":{"line":102,"column":4},"end":{"line":112,"column":5}},"44":{"start":{"line":103,"column":21},"end":{"line":107,"column":37}},"45":{"start":{"line":109,"column":6},"end":{"line":109,"column":23}},"46":{"start":{"line":111,"column":6},"end":{"line":111,"column":16}},"47":{"start":{"line":116,"column":0},"end":{"line":116,"column":41}}},"fnMap":{"0":{"name":"(anonymous_0)","decl":{"start":{"line":5,"column":2},"end":{"line":5,"column":3}},"loc":{"start":{"line":5,"column":34},"end":{"line":12,"column":3}},"line":5},"1":{"name":"(anonymous_1)","decl":{"start":{"line":14,"column":2},"end":{"line":14,"column":3}},"loc":{"start":{"line":14,"column":31},"end":{"line":21,"column":3}},"line":14},"2":{"name":"(anonymous_2)","decl":{"start":{"line":23,"column":2},"end":{"line":23,"column":3}},"loc":{"start":{"line":23,"column":36},"end":{"line":33,"column":3}},"line":23},"3":{"name":"(anonymous_3)","decl":{"start":{"line":35,"column":2},"end":{"line":35,"column":3}},"loc":{"start":{"line":35,"column":35},"end":{"line":45,"column":3}},"line":35},"4":{"name":"(anonymous_4)","decl":{"start":{"line":47,"column":2},"end":{"line":47,"column":3}},"loc":{"start":{"line":47,"column":42},"end":{"line":54,"column":3}},"line":47},"5":{"name":"(anonymous_5)","decl":{"start":{"line":56,"column":2},"end":{"line":56,"column":3}},"loc":{"start":{"line":56,"column":43},"end":{"line":63,"column":3}},"line":56},"6":{"name":"(anonymous_6)","decl":{"start":{"line":65,"column":2},"end":{"line":65,"column":3}},"loc":{"start":{"line":65,"column":45},"end":{"line":76,"column":3}},"line":65},"7":{"name":"(anonymous_7)","decl":{"start":{"line":78,"column":2},"end":{"line":78,"column":3}},"loc":{"start":{"line":78,"column":37},"end":{"line":85,"column":3}},"line":78},"8":{"name":"(anonymous_8)","decl":{"start":{"line":87,"column":2},"end":{"line":87,"column":3}},"loc":{"start":{"line":87,"column":39},"end":{"line":99,"column":3}},"line":87},"9":{"name":"(anonymous_9)","decl":{"start":{"line":101,"column":2},"end":{"line":101,"column":3}},"loc":{"start":{"line":101,"column":38},"end":{"line":113,"column":3}},"line":101}},"branchMap":{"0":{"loc":{"start":{"line":25,"column":26},"end":{"line":27,"column":10}},"type":"cond-expr","locations":[{"start":{"line":26,"column":6},"end":{"line":26,"column":88}},{"start":{"line":27,"column":6},"end":{"line":27,"column":10}}],"line":25},"1":{"loc":{"start":{"line":28,"column":78},"end":{"line":28,"column":92}},"type":"binary-expr","locations":[{"start":{"line":28,"column":78},"end":{"line":28,"column":86}},{"start":{"line":28,"column":90},"end":{"line":28,"column":92}}],"line":28},"2":{"loc":{"start":{"line":37,"column":26},"end":{"line":39,"column":10}},"type":"cond-expr","locations":[{"start":{"line":38,"column":6},"end":{"line":38,"column":88}},{"start":{"line":39,"column":6},"end":{"line":39,"column":10}}],"line":37},"3":{"loc":{"start":{"line":40,"column":77},"end":{"line":40,"column":91}},"type":"binary-expr","locations":[{"start":{"line":40,"column":77},"end":{"line":40,"column":85}},{"start":{"line":40,"column":89},"end":{"line":40,"column":91}}],"line":40},"4":{"loc":{"start":{"line":68,"column":6},"end":{"line":70,"column":7}},"type":"if","locations":[{"start":{"line":68,"column":6},"end":{"line":70,"column":7}},{"start":{"line":68,"column":6},"end":{"line":70,"column":7}}],"line":68},"5":{"loc":{"start":{"line":80,"column":57},"end":{"line":80,"column":81}},"type":"binary-expr","locations":[{"start":{"line":80,"column":57},"end":{"line":80,"column":73}},{"start":{"line":80,"column":77},"end":{"line":80,"column":81}}],"line":80},"6":{"loc":{"start":{"line":93,"column":6},"end":{"line":93,"column":36}},"type":"binary-expr","locations":[{"start":{"line":93,"column":6},"end":{"line":93,"column":14}},{"start":{"line":93,"column":18},"end":{"line":93,"column":36}}],"line":93},"7":{"loc":{"start":{"line":107,"column":6},"end":{"line":107,"column":36}},"type":"binary-expr","locations":[{"start":{"line":107,"column":6},"end":{"line":107,"column":14}},{"start":{"line":107,"column":18},"end":{"line":107,"column":36}}],"line":107}},"s":{"0":0,"1":0,"2":0,"3":0,"4":0,"5":0,"6":0,"7":0,"8":0,"9":0,"10":0,"11":0,"12":0,"13":0,"14":0,"15":0,"16":0,"17":0,"18":0,"19":0,"20":0,"21":0,"22":0,"23":0,"24":0,"25":0,"26":0,"27":0,"28":0,"29":0,"30":0,"31":0,"32":0,"33":0,"34":0,"35":0,"36":0,"37":0,"38":0,"39":0,"40":0,"41":0,"42":0,"43":0,"44":0,"45":0,"46":0,"47":0},"f":{"0":0,"1":0,"2":0,"3":0,"4":0,"5":0,"6":0,"7":0,"8":0,"9":0},"b":{"0":[0,0],"1":[0,0],"2":[0,0],"3":[0,0],"4":[0,0],"5":[0,0],"6":[0,0],"7":[0,0]}}
,"C:\\Users\\ytang\\OneDrive\\Desktop\\elai\\backend\\controllers\\guideController.js": {"path":"C:\\Users\\ytang\\OneDrive\\Desktop\\elai\\backend\\controllers\\guideController.js","statementMap":{"0":{"start":{"line":6,"column":21},"end":{"line":6,"column":56}},"1":{"start":{"line":7,"column":23},"end":{"line":7,"column":60}},"2":{"start":{"line":8,"column":29},"end":{"line":8,"column":57}},"3":{"start":{"line":12,"column":4},"end":{"line":22,"column":5}},"4":{"start":{"line":13,"column":22},"end":{"line":15,"column":50}},"5":{"start":{"line":17,"column":24},"end":{"line":17,"column":90}},"6":{"start":{"line":18,"column":21},"end":{"line":18,"column":126}},"7":{"start":{"line":19,"column":6},"end":{"line":19,"column":27}},"8":{"start":{"line":21,"column":6},"end":{"line":21,"column":16}},"9":{"start":{"line":26,"column":4},"end":{"line":35,"column":5}},"10":{"start":{"line":27,"column":26},"end":{"line":27,"column":36}},"11":{"start":{"line":28,"column":24},"end":{"line":28,"column":90}},"12":{"start":{"line":29,"column":20},"end":{"line":29,"column":133}},"13":{"start":{"line":30,"column":6},"end":{"line":31,"column":17}},"14":{"start":{"line":34,"column":6},"end":{"line":34,"column":16}},"15":{"start":{"line":39,"column":4},"end":{"line":49,"column":5}},"16":{"start":{"line":40,"column":21},"end":{"line":40,"column":42}},"17":{"start":{"line":41,"column":6},"end":{"line":43,"column":7}},"18":{"start":{"line":42,"column":8},"end":{"line":42,"column":64}},"19":{"start":{"line":45,"column":20},"end":{"line":45,"column":77}},"20":{"start":{"line":46,"column":6},"end":{"line":46,"column":38}},"21":{"start":{"line":48,"column":6},"end":{"line":48,"column":16}},"22":{"start":{"line":53,"column":4},"end":{"line":61,"column":5}},"23":{"start":{"line":54,"column":26},"end":{"line":54,"column":36}},"24":{"start":{"line":55,"column":20},"end":{"line":55,"column":79}},"25":{"start":{"line":56,"column":6},"end":{"line":57,"column":17}},"26":{"start":{"line":60,"column":6},"end":{"line":60,"column":16}},"27":{"start":{"line":65,"column":4},"end":{"line":71,"column":5}},"28":{"start":{"line":66,"column":26},"end":{"line":66,"column":36}},"29":{"start":{"line":67,"column":21},"end":{"line":67,"column":70}},"30":{"start":{"line":68,"column":6},"end":{"line":68,"column":23}},"31":{"start":{"line":70,"column":6},"end":{"line":70,"column":16}},"32":{"start":{"line":75,"column":0},"end":{"line":75,"column":39}}},"fnMap":{"0":{"name":"(anonymous_0)","decl":{"start":{"line":11,"column":2},"end":{"line":11,"column":3}},"loc":{"start":{"line":11,"column":35},"end":{"line":23,"column":3}},"line":11},"1":{"name":"(anonymous_1)","decl":{"start":{"line":25,"column":2},"end":{"line":25,"column":3}},"loc":{"start":{"line":25,"column":33},"end":{"line":36,"column":3}},"line":25},"2":{"name":"(anonymous_2)","decl":{"start":{"line":38,"column":2},"end":{"line":38,"column":3}},"loc":{"start":{"line":38,"column":36},"end":{"line":50,"column":3}},"line":38},"3":{"name":"(anonymous_3)","decl":{"start":{"line":52,"column":2},"end":{"line":52,"column":3}},"loc":{"start":{"line":52,"column":36},"end":{"line":62,"column":3}},"line":52},"4":{"name":"(anonymous_4)","decl":{"start":{"line":64,"column":2},"end":{"line":64,"column":3}},"loc":{"start":{"line":64,"column":36},"end":{"line":72,"column":3}},"line":64}},"branchMap":{"0":{"loc":{"start":{"line":14,"column":18},"end":{"line":14,"column":44}},"type":"binary-expr","locations":[{"start":{"line":14,"column":18},"end":{"line":14,"column":36}},{"start":{"line":14,"column":40},"end":{"line":14,"column":44}}],"line":14},"1":{"loc":{"start":{"line":15,"column":20},"end":{"line":15,"column":48}},"type":"binary-expr","locations":[{"start":{"line":15,"column":20},"end":{"line":15,"column":40}},{"start":{"line":15,"column":44},"end":{"line":15,"column":48}}],"line":15},"2":{"loc":{"start":{"line":17,"column":24},"end":{"line":17,"column":90}},"type":"cond-expr","locations":[{"start":{"line":17,"column":35},"end":{"line":17,"column":82}},{"start":{"line":17,"column":85},"end":{"line":17,"column":90}}],"line":17},"3":{"loc":{"start":{"line":18,"column":82},"end":{"line":18,"column":123}},"type":"binary-expr","locations":[{"start":{"line":18,"column":82},"end":{"line":18,"column":90}},{"start":{"line":18,"column":94},"end":{"line":18,"column":123}}],"line":18},"4":{"loc":{"start":{"line":28,"column":24},"end":{"line":28,"column":90}},"type":"cond-expr","locations":[{"start":{"line":28,"column":35},"end":{"line":28,"column":82}},{"start":{"line":28,"column":85},"end":{"line":28,"column":90}}],"line":28},"5":{"loc":{"start":{"line":29,"column":89},"end":{"line":29,"column":130}},"type":"binary-expr","locations":[{"start":{"line":29,"column":89},"end":{"line":29,"column":97}},{"start":{"line":29,"column":101},"end":{"line":29,"column":130}}],"line":29},"6":{"loc":{"start":{"line":41,"column":6},"end":{"line":43,"column":7}},"type":"if","locations":[{"start":{"line":41,"column":6},"end":{"line":43,"column":7}},{"start":{"line":41,"column":6},"end":{"line":43,"column":7}}],"line":41}},"s":{"0":0,"1":0,"2":0,"3":0,"4":0,"5":0,"6":0,"7":0,"8":0,"9":0,"10":0,"11":0,"12":0,"13":0,"14":0,"15":0,"16":0,"17":0,"18":0,"19":0,"20":0,"21":0,"22":0,"23":0,"24":0,"25":0,"26":0,"27":0,"28":0,"29":0,"30":0,"31":0,"32":0},"f":{"0":0,"1":0,"2":0,"3":0,"4":0},"b":{"0":[0,0],"1":[0,0],"2":[0,0],"3":[0,0],"4":[0,0],"5":[0,0],"6":[0,0]}}
,"C:\\Users\\ytang\\OneDrive\\Desktop\\elai\\backend\\controllers\\hairAiController.js": {"path":"C:\\Users\\ytang\\OneDrive\\Desktop\\elai\\backend\\controllers\\hairAiController.js","statementMap":{"0":{"start":{"line":1,"column":22},"end":{"line":1,"column":58}},"1":{"start":{"line":5,"column":4},"end":{"line":15,"column":5}},"2":{"start":{"line":6,"column":30},"end":{"line":6,"column":38}},"3":{"start":{"line":7,"column":6},"end":{"line":9,"column":7}},"4":{"start":{"line":8,"column":8},"end":{"line":8,"column":74}},"5":{"start":{"line":11,"column":21},"end":{"line":11,"column":91}},"6":{"start":{"line":12,"column":6},"end":{"line":12,"column":23}},"7":{"start":{"line":14,"column":6},"end":{"line":14,"column":16}},"8":{"start":{"line":19,"column":0},"end":{"line":19,"column":40}}},"fnMap":{"0":{"name":"(anonymous_0)","decl":{"start":{"line":4,"column":2},"end":{"line":4,"column":3}},"loc":{"start":{"line":4,"column":32},"end":{"line":16,"column":3}},"line":4}},"branchMap":{"0":{"loc":{"start":{"line":7,"column":6},"end":{"line":9,"column":7}},"type":"if","locations":[{"start":{"line":7,"column":6},"end":{"line":9,"column":7}},{"start":{"line":7,"column":6},"end":{"line":9,"column":7}}],"line":7}},"s":{"0":0,"1":0,"2":0,"3":0,"4":0,"5":0,"6":0,"7":0,"8":0},"f":{"0":0},"b":{"0":[0,0]}}
,"C:\\Users\\ytang\\OneDrive\\Desktop\\elai\\backend\\controllers\\notificationController.js": {"path":"C:\\Users\\ytang\\OneDrive\\Desktop\\elai\\backend\\controllers\\notificationController.js","statementMap":{"0":{"start":{"line":1,"column":28},"end":{"line":1,"column":70}},"1":{"start":{"line":5,"column":4},"end":{"line":11,"column":5}},"2":{"start":{"line":6,"column":20},"end":{"line":6,"column":41}},"3":{"start":{"line":7,"column":21},"end":{"line":7,"column":82}},"4":{"start":{"line":8,"column":6},"end":{"line":8,"column":23}},"5":{"start":{"line":10,"column":6},"end":{"line":10,"column":16}},"6":{"start":{"line":15,"column":4},"end":{"line":20,"column":5}},"7":{"start":{"line":16,"column":21},"end":{"line":16,"column":99}},"8":{"start":{"line":17,"column":6},"end":{"line":17,"column":23}},"9":{"start":{"line":19,"column":6},"end":{"line":19,"column":16}},"10":{"start":{"line":24,"column":4},"end":{"line":29,"column":5}},"11":{"start":{"line":25,"column":21},"end":{"line":25,"column":78}},"12":{"start":{"line":26,"column":6},"end":{"line":26,"column":23}},"13":{"start":{"line":28,"column":6},"end":{"line":28,"column":16}},"14":{"start":{"line":33,"column":0},"end":{"line":33,"column":46}}},"fnMap":{"0":{"name":"(anonymous_0)","decl":{"start":{"line":4,"column":2},"end":{"line":4,"column":3}},"loc":{"start":{"line":4,"column":29},"end":{"line":12,"column":3}},"line":4},"1":{"name":"(anonymous_1)","decl":{"start":{"line":14,"column":2},"end":{"line":14,"column":3}},"loc":{"start":{"line":14,"column":33},"end":{"line":21,"column":3}},"line":14},"2":{"name":"(anonymous_2)","decl":{"start":{"line":23,"column":2},"end":{"line":23,"column":3}},"loc":{"start":{"line":23,"column":36},"end":{"line":30,"column":3}},"line":23}},"branchMap":{"0":{"loc":{"start":{"line":6,"column":20},"end":{"line":6,"column":41}},"type":"binary-expr","locations":[{"start":{"line":6,"column":20},"end":{"line":6,"column":35}},{"start":{"line":6,"column":39},"end":{"line":6,"column":41}}],"line":6}},"s":{"0":0,"1":0,"2":0,"3":0,"4":0,"5":0,"6":0,"7":0,"8":0,"9":0,"10":0,"11":0,"12":0,"13":0,"14":0},"f":{"0":0,"1":0,"2":0},"b":{"0":[0,0]}}
,"C:\\Users\\ytang\\OneDrive\\Desktop\\elai\\backend\\controllers\\productController.js": {"path":"C:\\Users\\ytang\\OneDrive\\Desktop\\elai\\backend\\controllers\\productController.js","statementMap":{"0":{"start":{"line":6,"column":23},"end":{"line":6,"column":60}},"1":{"start":{"line":7,"column":29},"end":{"line":7,"column":57}},"2":{"start":{"line":11,"column":4},"end":{"line":17,"column":5}},"3":{"start":{"line":12,"column":23},"end":{"line":12,"column":49}},"4":{"start":{"line":13,"column":23},"end":{"line":13,"column":66}},"5":{"start":{"line":14,"column":6},"end":{"line":14,"column":29}},"6":{"start":{"line":16,"column":6},"end":{"line":16,"column":16}},"7":{"start":{"line":21,"column":4},"end":{"line":29,"column":5}},"8":{"start":{"line":22,"column":28},"end":{"line":22,"column":38}},"9":{"start":{"line":23,"column":22},"end":{"line":23,"column":74}},"10":{"start":{"line":24,"column":6},"end":{"line":25,"column":19}},"11":{"start":{"line":28,"column":6},"end":{"line":28,"column":16}},"12":{"start":{"line":33,"column":4},"end":{"line":38,"column":5}},"13":{"start":{"line":34,"column":25},"end":{"line":34,"column":61}},"14":{"start":{"line":35,"column":6},"end":{"line":35,"column":31}},"15":{"start":{"line":37,"column":6},"end":{"line":37,"column":16}},"16":{"start":{"line":42,"column":4},"end":{"line":52,"column":5}},"17":{"start":{"line":43,"column":21},"end":{"line":43,"column":42}},"18":{"start":{"line":44,"column":6},"end":{"line":46,"column":7}},"19":{"start":{"line":45,"column":8},"end":{"line":45,"column":64}},"20":{"start":{"line":48,"column":22},"end":{"line":48,"column":66}},"21":{"start":{"line":49,"column":6},"end":{"line":49,"column":40}},"22":{"start":{"line":51,"column":6},"end":{"line":51,"column":16}},"23":{"start":{"line":56,"column":4},"end":{"line":64,"column":5}},"24":{"start":{"line":57,"column":28},"end":{"line":57,"column":38}},"25":{"start":{"line":58,"column":22},"end":{"line":58,"column":87}},"26":{"start":{"line":59,"column":6},"end":{"line":60,"column":19}},"27":{"start":{"line":63,"column":6},"end":{"line":63,"column":16}},"28":{"start":{"line":68,"column":4},"end":{"line":74,"column":5}},"29":{"start":{"line":69,"column":28},"end":{"line":69,"column":38}},"30":{"start":{"line":70,"column":21},"end":{"line":70,"column":76}},"31":{"start":{"line":71,"column":6},"end":{"line":71,"column":23}},"32":{"start":{"line":73,"column":6},"end":{"line":73,"column":16}},"33":{"start":{"line":78,"column":0},"end":{"line":78,"column":41}}},"fnMap":{"0":{"name":"(anonymous_0)","decl":{"start":{"line":10,"column":2},"end":{"line":10,"column":3}},"loc":{"start":{"line":10,"column":37},"end":{"line":18,"column":3}},"line":10},"1":{"name":"(anonymous_1)","decl":{"start":{"line":20,"column":2},"end":{"line":20,"column":3}},"loc":{"start":{"line":20,"column":35},"end":{"line":30,"column":3}},"line":20},"2":{"name":"(anonymous_2)","decl":{"start":{"line":32,"column":2},"end":{"line":32,"column":3}},"loc":{"start":{"line":32,"column":38},"end":{"line":39,"column":3}},"line":32},"3":{"name":"(anonymous_3)","decl":{"start":{"line":41,"column":2},"end":{"line":41,"column":3}},"loc":{"start":{"line":41,"column":38},"end":{"line":53,"column":3}},"line":41},"4":{"name":"(anonymous_4)","decl":{"start":{"line":55,"column":2},"end":{"line":55,"column":3}},"loc":{"start":{"line":55,"column":38},"end":{"line":65,"column":3}},"line":55},"5":{"name":"(anonymous_5)","decl":{"start":{"line":67,"column":2},"end":{"line":67,"column":3}},"loc":{"start":{"line":67,"column":38},"end":{"line":75,"column":3}},"line":67}},"branchMap":{"0":{"loc":{"start":{"line":12,"column":23},"end":{"line":12,"column":49}},"type":"binary-expr","locations":[{"start":{"line":12,"column":23},"end":{"line":12,"column":41}},{"start":{"line":12,"column":45},"end":{"line":12,"column":49}}],"line":12},"1":{"loc":{"start":{"line":44,"column":6},"end":{"line":46,"column":7}},"type":"if","locations":[{"start":{"line":44,"column":6},"end":{"line":46,"column":7}},{"start":{"line":44,"column":6},"end":{"line":46,"column":7}}],"line":44}},"s":{"0":0,"1":0,"2":0,"3":0,"4":0,"5":0,"6":0,"7":0,"8":0,"9":0,"10":0,"11":0,"12":0,"13":0,"14":0,"15":0,"16":0,"17":0,"18":0,"19":0,"20":0,"21":0,"22":0,"23":0,"24":0,"25":0,"26":0,"27":0,"28":0,"29":0,"30":0,"31":0,"32":0,"33":0},"f":{"0":0,"1":0,"2":0,"3":0,"4":0,"5":0},"b":{"0":[0,0],"1":[0,0]}}
,"C:\\Users\\ytang\\OneDrive\\Desktop\\elai\\backend\\controllers\\recommendationController.js": {"path":"C:\\Users\\ytang\\OneDrive\\Desktop\\elai\\backend\\controllers\\recommendationController.js","statementMap":{"0":{"start":{"line":6,"column":30},"end":{"line":6,"column":74}},"1":{"start":{"line":7,"column":38},"end":{"line":7,"column":67}},"2":{"start":{"line":14,"column":4},"end":{"line":53,"column":5}},"3":{"start":{"line":15,"column":26},"end":{"line":17,"column":77}},"4":{"start":{"line":21,"column":19},"end":{"line":21,"column":42}},"5":{"start":{"line":22,"column":28},"end":{"line":24,"column":24}},"6":{"start":{"line":27,"column":6},"end":{"line":32,"column":7}},"7":{"start":{"line":28,"column":8},"end":{"line":30,"column":53}},"8":{"start":{"line":34,"column":22},"end":{"line":34,"column":36}},"9":{"start":{"line":35,"column":21},"end":{"line":35,"column":87}},"10":{"start":{"line":37,"column":21},"end":{"line":43,"column":18}},"11":{"start":{"line":45,"column":6},"end":{"line":47,"column":36}},"12":{"start":{"line":50,"column":6},"end":{"line":50,"column":23}},"13":{"start":{"line":52,"column":6},"end":{"line":52,"column":16}},"14":{"start":{"line":60,"column":4},"end":{"line":83,"column":5}},"15":{"start":{"line":61,"column":64},"end":{"line":61,"column":72}},"16":{"start":{"line":63,"column":6},"end":{"line":68,"column":7}},"17":{"start":{"line":64,"column":8},"end":{"line":66,"column":64}},"18":{"start":{"line":70,"column":20},"end":{"line":72,"column":28}},"19":{"start":{"line":75,"column":21},"end":{"line":77,"column":12}},"20":{"start":{"line":80,"column":6},"end":{"line":80,"column":23}},"21":{"start":{"line":82,"column":6},"end":{"line":82,"column":16}},"22":{"start":{"line":90,"column":4},"end":{"line":95,"column":5}},"23":{"start":{"line":91,"column":30},"end":{"line":91,"column":97}},"24":{"start":{"line":92,"column":6},"end":{"line":92,"column":36}},"25":{"start":{"line":94,"column":6},"end":{"line":94,"column":16}},"26":{"start":{"line":99,"column":0},"end":{"line":99,"column":48}}},"fnMap":{"0":{"name":"(anonymous_0)","decl":{"start":{"line":13,"column":2},"end":{"line":13,"column":3}},"loc":{"start":{"line":13,"column":44},"end":{"line":54,"column":3}},"line":13},"1":{"name":"(anonymous_1)","decl":{"start":{"line":59,"column":2},"end":{"line":59,"column":3}},"loc":{"start":{"line":59,"column":42},"end":{"line":84,"column":3}},"line":59},"2":{"name":"(anonymous_2)","decl":{"start":{"line":89,"column":2},"end":{"line":89,"column":3}},"loc":{"start":{"line":89,"column":47},"end":{"line":96,"column":3}},"line":89}},"branchMap":{"0":{"loc":{"start":{"line":16,"column":16},"end":{"line":16,"column":63}},"type":"binary-expr","locations":[{"start":{"line":16,"column":16},"end":{"line":16,"column":31}},{"start":{"line":16,"column":35},"end":{"line":16,"column":51}},{"start":{"line":16,"column":55},"end":{"line":16,"column":63}}],"line":16},"1":{"loc":{"start":{"line":17,"column":21},"end":{"line":17,"column":75}},"type":"binary-expr","locations":[{"start":{"line":17,"column":21},"end":{"line":17,"column":41}},{"start":{"line":17,"column":45},"end":{"line":17,"column":66}},{"start":{"line":17,"column":70},"end":{"line":17,"column":75}}],"line":17},"2":{"loc":{"start":{"line":27,"column":6},"end":{"line":32,"column":7}},"type":"if","locations":[{"start":{"line":27,"column":6},"end":{"line":32,"column":7}},{"start":{"line":27,"column":6},"end":{"line":32,"column":7}}],"line":27},"3":{"loc":{"start":{"line":35,"column":21},"end":{"line":35,"column":87}},"type":"cond-expr","locations":[{"start":{"line":35,"column":47},"end":{"line":35,"column":82}},{"start":{"line":35,"column":85},"end":{"line":35,"column":87}}],"line":35},"4":{"loc":{"start":{"line":47,"column":6},"end":{"line":47,"column":34}},"type":"binary-expr","locations":[{"start":{"line":47,"column":6},"end":{"line":47,"column":28}},{"start":{"line":47,"column":32},"end":{"line":47,"column":34}}],"line":47},"5":{"loc":{"start":{"line":63,"column":6},"end":{"line":68,"column":7}},"type":"if","locations":[{"start":{"line":63,"column":6},"end":{"line":68,"column":7}},{"start":{"line":63,"column":6},"end":{"line":68,"column":7}}],"line":63},"6":{"loc":{"start":{"line":63,"column":10},"end":{"line":63,"column":75}},"type":"binary-expr","locations":[{"start":{"line":63,"column":10},"end":{"line":63,"column":19}},{"start":{"line":63,"column":23},"end":{"line":63,"column":38}},{"start":{"line":63,"column":42},"end":{"line":63,"column":49}},{"start":{"line":63,"column":53},"end":{"line":63,"column":75}}],"line":63},"7":{"loc":{"start":{"line":70,"column":20},"end":{"line":72,"column":28}},"type":"binary-expr","locations":[{"start":{"line":70,"column":20},"end":{"line":70,"column":31}},{"start":{"line":70,"column":35},"end":{"line":72,"column":28}}],"line":70}},"s":{"0":0,"1":0,"2":0,"3":0,"4":0,"5":0,"6":0,"7":0,"8":0,"9":0,"10":0,"11":0,"12":0,"13":0,"14":0,"15":0,"16":0,"17":0,"18":0,"19":0,"20":0,"21":0,"22":0,"23":0,"24":0,"25":0,"26":0},"f":{"0":0,"1":0,"2":0},"b":{"0":[0,0,0],"1":[0,0,0],"2":[0,0],"3":[0,0],"4":[0,0],"5":[0,0],"6":[0,0,0,0],"7":[0,0]}}
,"C:\\Users\\ytang\\OneDrive\\Desktop\\elai\\backend\\controllers\\routineController.js": {"path":"C:\\Users\\ytang\\OneDrive\\Desktop\\elai\\backend\\controllers\\routineController.js","statementMap":{"0":{"start":{"line":6,"column":23},"end":{"line":6,"column":60}},"1":{"start":{"line":7,"column":23},"end":{"line":7,"column":60}},"2":{"start":{"line":8,"column":29},"end":{"line":8,"column":57}},"3":{"start":{"line":12,"column":4},"end":{"line":36,"column":5}},"4":{"start":{"line":13,"column":27},"end":{"line":13,"column":63}},"5":{"start":{"line":14,"column":25},"end":{"line":14,"column":59}},"6":{"start":{"line":15,"column":23},"end":{"line":15,"column":52}},"7":{"start":{"line":16,"column":20},"end":{"line":16,"column":36}},"8":{"start":{"line":18,"column":6},"end":{"line":20,"column":7}},"9":{"start":{"line":19,"column":8},"end":{"line":19,"column":76}},"10":{"start":{"line":21,"column":6},"end":{"line":23,"column":7}},"11":{"start":{"line":22,"column":8},"end":{"line":22,"column":67}},"12":{"start":{"line":25,"column":21},"end":{"line":30,"column":23}},"13":{"start":{"line":33,"column":6},"end":{"line":33,"column":35}},"14":{"start":{"line":35,"column":6},"end":{"line":35,"column":16}},"15":{"start":{"line":40,"column":4},"end":{"line":52,"column":5}},"16":{"start":{"line":41,"column":21},"end":{"line":41,"column":42}},"17":{"start":{"line":42,"column":6},"end":{"line":44,"column":7}},"18":{"start":{"line":43,"column":8},"end":{"line":43,"column":64}},"19":{"start":{"line":46,"column":50},"end":{"line":46,"column":58}},"20":{"start":{"line":47,"column":21},"end":{"line":47,"column":101}},"21":{"start":{"line":49,"column":6},"end":{"line":49,"column":35}},"22":{"start":{"line":51,"column":6},"end":{"line":51,"column":16}},"23":{"start":{"line":56,"column":4},"end":{"line":62,"column":5}},"24":{"start":{"line":57,"column":20},"end":{"line":57,"column":52}},"25":{"start":{"line":58,"column":19},"end":{"line":58,"column":75}},"26":{"start":{"line":59,"column":6},"end":{"line":59,"column":25}},"27":{"start":{"line":61,"column":6},"end":{"line":61,"column":16}},"28":{"start":{"line":66,"column":4},"end":{"line":72,"column":5}},"29":{"start":{"line":67,"column":20},"end":{"line":67,"column":50}},"30":{"start":{"line":68,"column":22},"end":{"line":68,"column":85}},"31":{"start":{"line":69,"column":6},"end":{"line":69,"column":28}},"32":{"start":{"line":71,"column":6},"end":{"line":71,"column":16}},"33":{"start":{"line":76,"column":4},"end":{"line":85,"column":5}},"34":{"start":{"line":77,"column":24},"end":{"line":77,"column":71}},"35":{"start":{"line":78,"column":6},"end":{"line":80,"column":7}},"36":{"start":{"line":79,"column":8},"end":{"line":79,"column":102}},"37":{"start":{"line":81,"column":24},"end":{"line":81,"column":82}},"38":{"start":{"line":82,"column":6},"end":{"line":82,"column":30}},"39":{"start":{"line":84,"column":6},"end":{"line":84,"column":16}},"40":{"start":{"line":89,"column":4},"end":{"line":95,"column":5}},"41":{"start":{"line":90,"column":24},"end":{"line":90,"column":71}},"42":{"start":{"line":91,"column":24},"end":{"line":91,"column":85}},"43":{"start":{"line":92,"column":6},"end":{"line":92,"column":66}},"44":{"start":{"line":94,"column":6},"end":{"line":94,"column":16}},"45":{"start":{"line":99,"column":4},"end":{"line":105,"column":5}},"46":{"start":{"line":100,"column":28},"end":{"line":100,"column":38}},"47":{"start":{"line":101,"column":21},"end":{"line":101,"column":99}},"48":{"start":{"line":102,"column":6},"end":{"line":102,"column":23}},"49":{"start":{"line":104,"column":6},"end":{"line":104,"column":16}},"50":{"start":{"line":109,"column":4},"end":{"line":115,"column":5}},"51":{"start":{"line":110,"column":28},"end":{"line":110,"column":38}},"52":{"start":{"line":111,"column":21},"end":{"line":111,"column":89}},"53":{"start":{"line":112,"column":6},"end":{"line":112,"column":23}},"54":{"start":{"line":114,"column":6},"end":{"line":114,"column":16}},"55":{"start":{"line":119,"column":0},"end":{"line":119,"column":41}}},"fnMap":{"0":{"name":"(anonymous_0)","decl":{"start":{"line":11,"column":2},"end":{"line":11,"column":3}},"loc":{"start":{"line":11,"column":43},"end":{"line":37,"column":3}},"line":11},"1":{"name":"(anonymous_1)","decl":{"start":{"line":39,"column":2},"end":{"line":39,"column":3}},"loc":{"start":{"line":39,"column":34},"end":{"line":53,"column":3}},"line":39},"2":{"name":"(anonymous_2)","decl":{"start":{"line":55,"column":2},"end":{"line":55,"column":3}},"loc":{"start":{"line":55,"column":36},"end":{"line":63,"column":3}},"line":55},"3":{"name":"(anonymous_3)","decl":{"start":{"line":65,"column":2},"end":{"line":65,"column":3}},"loc":{"start":{"line":65,"column":43},"end":{"line":73,"column":3}},"line":65},"4":{"name":"(anonymous_4)","decl":{"start":{"line":75,"column":2},"end":{"line":75,"column":3}},"loc":{"start":{"line":75,"column":45},"end":{"line":86,"column":3}},"line":75},"5":{"name":"(anonymous_5)","decl":{"start":{"line":88,"column":2},"end":{"line":88,"column":3}},"loc":{"start":{"line":88,"column":37},"end":{"line":96,"column":3}},"line":88},"6":{"name":"(anonymous_6)","decl":{"start":{"line":98,"column":2},"end":{"line":98,"column":3}},"loc":{"start":{"line":98,"column":34},"end":{"line":106,"column":3}},"line":98},"7":{"name":"(anonymous_7)","decl":{"start":{"line":108,"column":2},"end":{"line":108,"column":3}},"loc":{"start":{"line":108,"column":34},"end":{"line":116,"column":3}},"line":108}},"branchMap":{"0":{"loc":{"start":{"line":13,"column":28},"end":{"line":13,"column":55}},"type":"binary-expr","locations":[{"start":{"line":13,"column":28},"end":{"line":13,"column":49}},{"start":{"line":13,"column":53},"end":{"line":13,"column":55}}],"line":13},"1":{"loc":{"start":{"line":14,"column":26},"end":{"line":14,"column":51}},"type":"binary-expr","locations":[{"start":{"line":14,"column":26},"end":{"line":14,"column":45}},{"start":{"line":14,"column":49},"end":{"line":14,"column":51}}],"line":14},"2":{"loc":{"start":{"line":15,"column":24},"end":{"line":15,"column":44}},"type":"binary-expr","locations":[{"start":{"line":15,"column":24},"end":{"line":15,"column":38}},{"start":{"line":15,"column":42},"end":{"line":15,"column":44}}],"line":15},"3":{"loc":{"start":{"line":16,"column":20},"end":{"line":16,"column":36}},"type":"binary-expr","locations":[{"start":{"line":16,"column":20},"end":{"line":16,"column":28}},{"start":{"line":16,"column":32},"end":{"line":16,"column":36}}],"line":16},"4":{"loc":{"start":{"line":18,"column":6},"end":{"line":20,"column":7}},"type":"if","locations":[{"start":{"line":18,"column":6},"end":{"line":20,"column":7}},{"start":{"line":18,"column":6},"end":{"line":20,"column":7}}],"line":18},"5":{"loc":{"start":{"line":21,"column":6},"end":{"line":23,"column":7}},"type":"if","locations":[{"start":{"line":21,"column":6},"end":{"line":23,"column":7}},{"start":{"line":21,"column":6},"end":{"line":23,"column":7}}],"line":21},"6":{"loc":{"start":{"line":30,"column":6},"end":{"line":30,"column":22}},"type":"binary-expr","locations":[{"start":{"line":30,"column":6},"end":{"line":30,"column":14}},{"start":{"line":30,"column":18},"end":{"line":30,"column":22}}],"line":30},"7":{"loc":{"start":{"line":42,"column":6},"end":{"line":44,"column":7}},"type":"if","locations":[{"start":{"line":42,"column":6},"end":{"line":44,"column":7}},{"start":{"line":42,"column":6},"end":{"line":44,"column":7}}],"line":42},"8":{"loc":{"start":{"line":57,"column":20},"end":{"line":57,"column":52}},"type":"binary-expr","locations":[{"start":{"line":57,"column":20},"end":{"line":57,"column":45}},{"start":{"line":57,"column":49},"end":{"line":57,"column":52}}],"line":57},"9":{"loc":{"start":{"line":67,"column":20},"end":{"line":67,"column":50}},"type":"binary-expr","locations":[{"start":{"line":67,"column":20},"end":{"line":67,"column":45}},{"start":{"line":67,"column":49},"end":{"line":67,"column":50}}],"line":67},"10":{"loc":{"start":{"line":78,"column":6},"end":{"line":80,"column":7}},"type":"if","locations":[{"start":{"line":78,"column":6},"end":{"line":80,"column":7}},{"start":{"line":78,"column":6},"end":{"line":80,"column":7}}],"line":78},"11":{"loc":{"start":{"line":92,"column":35},"end":{"line":92,"column":62}},"type":"cond-expr","locations":[{"start":{"line":92,"column":47},"end":{"line":92,"column":52}},{"start":{"line":92,"column":55},"end":{"line":92,"column":62}}],"line":92}},"s":{"0":0,"1":0,"2":0,"3":0,"4":0,"5":0,"6":0,"7":0,"8":0,"9":0,"10":0,"11":0,"12":0,"13":0,"14":0,"15":0,"16":0,"17":0,"18":0,"19":0,"20":0,"21":0,"22":0,"23":0,"24":0,"25":0,"26":0,"27":0,"28":0,"29":0,"30":0,"31":0,"32":0,"33":0,"34":0,"35":0,"36":0,"37":0,"38":0,"39":0,"40":0,"41":0,"42":0,"43":0,"44":0,"45":0,"46":0,"47":0,"48":0,"49":0,"50":0,"51":0,"52":0,"53":0,"54":0,"55":0},"f":{"0":0,"1":0,"2":0,"3":0,"4":0,"5":0,"6":0,"7":0},"b":{"0":[0,0],"1":[0,0],"2":[0,0],"3":[0,0],"4":[0,0],"5":[0,0],"6":[0,0],"7":[0,0],"8":[0,0],"9":[0,0],"10":[0,0],"11":[0,0]}}
,"C:\\Users\\ytang\\OneDrive\\Desktop\\elai\\backend\\middleware\\auth.js": {"path":"C:\\Users\\ytang\\OneDrive\\Desktop\\elai\\backend\\middleware\\auth.js","statementMap":{"0":{"start":{"line":6,"column":12},"end":{"line":6,"column":35}},"1":{"start":{"line":7,"column":13},"end":{"line":7,"column":36}},"2":{"start":{"line":9,"column":19},"end":{"line":9,"column":78}},"3":{"start":{"line":10,"column":23},"end":{"line":10,"column":57}},"4":{"start":{"line":11,"column":28},"end":{"line":11,"column":70}},"5":{"start":{"line":14,"column":2},"end":{"line":19,"column":23}},"6":{"start":{"line":28,"column":2},"end":{"line":31,"column":3}},"7":{"start":{"line":29,"column":4},"end":{"line":29,"column":29}},"8":{"start":{"line":30,"column":4},"end":{"line":30,"column":18}},"9":{"start":{"line":33,"column":21},"end":{"line":33,"column":46}},"10":{"start":{"line":34,"column":2},"end":{"line":37,"column":3}},"11":{"start":{"line":35,"column":4},"end":{"line":35,"column":20}},"12":{"start":{"line":36,"column":4},"end":{"line":36,"column":18}},"13":{"start":{"line":39,"column":16},"end":{"line":39,"column":35}},"14":{"start":{"line":40,"column":2},"end":{"line":66,"column":3}},"15":{"start":{"line":41,"column":20},"end":{"line":41,"column":49}},"16":{"start":{"line":42,"column":19},"end":{"line":47,"column":21}},"17":{"start":{"line":50,"column":4},"end":{"line":53,"column":5}},"18":{"start":{"line":51,"column":6},"end":{"line":51,"column":22}},"19":{"start":{"line":52,"column":6},"end":{"line":52,"column":20}},"20":{"start":{"line":55,"column":4},"end":{"line":60,"column":36}},"21":{"start":{"line":62,"column":4},"end":{"line":62,"column":11}},"22":{"start":{"line":64,"column":4},"end":{"line":64,"column":20}},"23":{"start":{"line":65,"column":4},"end":{"line":65,"column":11}},"24":{"start":{"line":74,"column":2},"end":{"line":79,"column":3}},"25":{"start":{"line":75,"column":4},"end":{"line":77,"column":5}},"26":{"start":{"line":76,"column":6},"end":{"line":76,"column":31}},"27":{"start":{"line":78,"column":4},"end":{"line":78,"column":18}},"28":{"start":{"line":81,"column":2},"end":{"line":85,"column":3}},"29":{"start":{"line":82,"column":4},"end":{"line":83,"column":42}},"30":{"start":{"line":86,"column":2},"end":{"line":86,"column":9}},"31":{"start":{"line":93,"column":2},"end":{"line":97,"column":3}},"32":{"start":{"line":94,"column":4},"end":{"line":95,"column":42}},"33":{"start":{"line":98,"column":2},"end":{"line":102,"column":3}},"34":{"start":{"line":99,"column":4},"end":{"line":100,"column":40}},"35":{"start":{"line":103,"column":2},"end":{"line":103,"column":9}},"36":{"start":{"line":110,"column":2},"end":{"line":110,"column":73}},"37":{"start":{"line":113,"column":0},"end":{"line":118,"column":15}},"38":{"start":{"line":122,"column":2},"end":{"line":124,"column":3}},"39":{"start":{"line":123,"column":4},"end":{"line":123,"column":70}},"40":{"start":{"line":125,"column":2},"end":{"line":127,"column":3}},"41":{"start":{"line":126,"column":4},"end":{"line":126,"column":78}},"42":{"start":{"line":128,"column":2},"end":{"line":128,"column":9}},"43":{"start":{"line":131,"column":0},"end":{"line":137,"column":15}}},"fnMap":{"0":{"name":"getTestUser","decl":{"start":{"line":13,"column":9},"end":{"line":13,"column":20}},"loc":{"start":{"line":13,"column":23},"end":{"line":21,"column":1}},"line":13},"1":{"name":"optionalAuth","decl":{"start":{"line":26,"column":15},"end":{"line":26,"column":27}},"loc":{"start":{"line":26,"column":44},"end":{"line":67,"column":1}},"line":26},"2":{"name":"requireAuth","decl":{"start":{"line":72,"column":9},"end":{"line":72,"column":20}},"loc":{"start":{"line":72,"column":37},"end":{"line":87,"column":1}},"line":72},"3":{"name":"requireAdmin","decl":{"start":{"line":92,"column":9},"end":{"line":92,"column":21}},"loc":{"start":{"line":92,"column":38},"end":{"line":104,"column":1}},"line":92},"4":{"name":"signToken","decl":{"start":{"line":109,"column":9},"end":{"line":109,"column":18}},"loc":{"start":{"line":109,"column":27},"end":{"line":111,"column":1}},"line":109},"5":{"name":"requireSellerOrAdmin","decl":{"start":{"line":121,"column":9},"end":{"line":121,"column":29}},"loc":{"start":{"line":121,"column":46},"end":{"line":129,"column":1}},"line":121}},"branchMap":{"0":{"loc":{"start":{"line":9,"column":19},"end":{"line":9,"column":78}},"type":"binary-expr","locations":[{"start":{"line":9,"column":19},"end":{"line":9,"column":41}},{"start":{"line":9,"column":45},"end":{"line":9,"column":78}}],"line":9},"1":{"loc":{"start":{"line":10,"column":23},"end":{"line":10,"column":57}},"type":"binary-expr","locations":[{"start":{"line":10,"column":23},"end":{"line":10,"column":49}},{"start":{"line":10,"column":53},"end":{"line":10,"column":57}}],"line":10},"2":{"loc":{"start":{"line":28,"column":2},"end":{"line":31,"column":3}},"type":"if","locations":[{"start":{"line":28,"column":2},"end":{"line":31,"column":3}},{"start":{"line":28,"column":2},"end":{"line":31,"column":3}}],"line":28},"3":{"loc":{"start":{"line":34,"column":2},"end":{"line":37,"column":3}},"type":"if","locations":[{"start":{"line":34,"column":2},"end":{"line":37,"column":3}},{"start":{"line":34,"column":2},"end":{"line":37,"column":3}}],"line":34},"4":{"loc":{"start":{"line":34,"column":6},"end":{"line":34,"column":54}},"type":"binary-expr","locations":[{"start":{"line":34,"column":6},"end":{"line":34,"column":17}},{"start":{"line":34,"column":21},"end":{"line":34,"column":54}}],"line":34},"5":{"loc":{"start":{"line":50,"column":4},"end":{"line":53,"column":5}},"type":"if","locations":[{"start":{"line":50,"column":4},"end":{"line":53,"column":5}},{"start":{"line":50,"column":4},"end":{"line":53,"column":5}}],"line":50},"6":{"loc":{"start":{"line":74,"column":2},"end":{"line":79,"column":3}},"type":"if","locations":[{"start":{"line":74,"column":2},"end":{"line":79,"column":3}},{"start":{"line":74,"column":2},"end":{"line":79,"column":3}}],"line":74},"7":{"loc":{"start":{"line":75,"column":4},"end":{"line":77,"column":5}},"type":"if","locations":[{"start":{"line":75,"column":4},"end":{"line":77,"column":5}},{"start":{"line":75,"column":4},"end":{"line":77,"column":5}}],"line":75},"8":{"loc":{"start":{"line":81,"column":2},"end":{"line":85,"column":3}},"type":"if","locations":[{"start":{"line":81,"column":2},"end":{"line":85,"column":3}},{"start":{"line":81,"column":2},"end":{"line":85,"column":3}}],"line":81},"9":{"loc":{"start":{"line":93,"column":2},"end":{"line":97,"column":3}},"type":"if","locations":[{"start":{"line":93,"column":2},"end":{"line":97,"column":3}},{"start":{"line":93,"column":2},"end":{"line":97,"column":3}}],"line":93},"10":{"loc":{"start":{"line":98,"column":2},"end":{"line":102,"column":3}},"type":"if","locations":[{"start":{"line":98,"column":2},"end":{"line":102,"column":3}},{"start":{"line":98,"column":2},"end":{"line":102,"column":3}}],"line":98},"11":{"loc":{"start":{"line":122,"column":2},"end":{"line":124,"column":3}},"type":"if","locations":[{"start":{"line":122,"column":2},"end":{"line":124,"column":3}},{"start":{"line":122,"column":2},"end":{"line":124,"column":3}}],"line":122},"12":{"loc":{"start":{"line":125,"column":2},"end":{"line":127,"column":3}},"type":"if","locations":[{"start":{"line":125,"column":2},"end":{"line":127,"column":3}},{"start":{"line":125,"column":2},"end":{"line":127,"column":3}}],"line":125},"13":{"loc":{"start":{"line":125,"column":6},"end":{"line":125,"column":69}},"type":"binary-expr","locations":[{"start":{"line":125,"column":6},"end":{"line":125,"column":35}},{"start":{"line":125,"column":39},"end":{"line":125,"column":69}}],"line":125}},"s":{"0":0,"1":0,"2":0,"3":0,"4":0,"5":0,"6":0,"7":0,"8":0,"9":0,"10":0,"11":0,"12":0,"13":0,"14":0,"15":0,"16":0,"17":0,"18":0,"19":0,"20":0,"21":0,"22":0,"23":0,"24":0,"25":0,"26":0,"27":0,"28":0,"29":0,"30":0,"31":0,"32":0,"33":0,"34":0,"35":0,"36":0,"37":0,"38":0,"39":0,"40":0,"41":0,"42":0,"43":0},"f":{"0":0,"1":0,"2":0,"3":0,"4":0,"5":0},"b":{"0":[0,0],"1":[0,0],"2":[0,0],"3":[0,0],"4":[0,0],"5":[0,0],"6":[0,0],"7":[0,0],"8":[0,0],"9":[0,0],"10":[0,0],"11":[0,0],"12":[0,0],"13":[0,0]}}
,"C:\\Users\\ytang\\OneDrive\\Desktop\\elai\\backend\\middleware\\validation.js": {"path":"C:\\Users\\ytang\\OneDrive\\Desktop\\elai\\backend\\middleware\\validation.js","statementMap":{"0":{"start":{"line":6,"column":24},"end":{"line":6,"column":52}},"1":{"start":{"line":8,"column":25},"end":{"line":11,"column":92}},"2":{"start":{"line":14,"column":22},"end":{"line":16,"column":64}},"3":{"start":{"line":19,"column":31},"end":{"line":20,"column":48}},"4":{"start":{"line":23,"column":30},"end":{"line":25,"column":92}},"5":{"start":{"line":28,"column":30},"end":{"line":30,"column":59}},"6":{"start":{"line":33,"column":27},"end":{"line":36,"column":72}},"7":{"start":{"line":39,"column":24},"end":{"line":63,"column":40}},"8":{"start":{"line":66,"column":22},"end":{"line":72,"column":34}},"9":{"start":{"line":75,"column":27},"end":{"line":78,"column":32}},"10":{"start":{"line":81,"column":23},"end":{"line":82,"column":55}},"11":{"start":{"line":85,"column":26},"end":{"line":86,"column":61}},"12":{"start":{"line":89,"column":29},"end":{"line":90,"column":77}},"13":{"start":{"line":93,"column":0},"end":{"line":105,"column":25}}},"fnMap":{},"branchMap":{},"s":{"0":0,"1":0,"2":0,"3":0,"4":0,"5":0,"6":0,"7":0,"8":0,"9":0,"10":0,"11":0,"12":0,"13":0},"f":{},"b":{}}
,"C:\\Users\\ytang\\OneDrive\\Desktop\\elai\\backend\\routes\\admin.js": {"path":"C:\\Users\\ytang\\OneDrive\\Desktop\\elai\\backend\\routes\\admin.js","statementMap":{"0":{"start":{"line":1,"column":16},"end":{"line":1,"column":34}},"1":{"start":{"line":2,"column":13},"end":{"line":2,"column":36}},"2":{"start":{"line":3,"column":25},"end":{"line":3,"column":54}},"3":{"start":{"line":5,"column":15},"end":{"line":5,"column":31}},"4":{"start":{"line":8,"column":0},"end":{"line":22,"column":3}},"5":{"start":{"line":9,"column":2},"end":{"line":21,"column":3}},"6":{"start":{"line":10,"column":24},"end":{"line":10,"column":79}},"7":{"start":{"line":11,"column":30},"end":{"line":11,"column":130}},"8":{"start":{"line":12,"column":4},"end":{"line":16,"column":76}},"9":{"start":{"line":20,"column":4},"end":{"line":20,"column":12}},"10":{"start":{"line":25,"column":0},"end":{"line":34,"column":3}},"11":{"start":{"line":26,"column":2},"end":{"line":33,"column":3}},"12":{"start":{"line":27,"column":19},"end":{"line":27,"column":101}},"13":{"start":{"line":28,"column":19},"end":{"line":28,"column":21}},"14":{"start":{"line":29,"column":4},"end":{"line":29,"column":64}},"15":{"start":{"line":29,"column":23},"end":{"line":29,"column":61}},"16":{"start":{"line":30,"column":4},"end":{"line":30,"column":25}},"17":{"start":{"line":32,"column":4},"end":{"line":32,"column":12}},"18":{"start":{"line":37,"column":0},"end":{"line":47,"column":3}},"19":{"start":{"line":38,"column":2},"end":{"line":46,"column":3}},"20":{"start":{"line":39,"column":27},"end":{"line":39,"column":35}},"21":{"start":{"line":40,"column":4},"end":{"line":40,"column":69}},"22":{"start":{"line":40,"column":14},"end":{"line":40,"column":69}},"23":{"start":{"line":41,"column":4},"end":{"line":41,"column":173}},"24":{"start":{"line":42,"column":19},"end":{"line":42,"column":117}},"25":{"start":{"line":43,"column":4},"end":{"line":43,"column":73}},"26":{"start":{"line":45,"column":4},"end":{"line":45,"column":12}},"27":{"start":{"line":49,"column":0},"end":{"line":49,"column":24}}},"fnMap":{"0":{"name":"(anonymous_0)","decl":{"start":{"line":8,"column":37},"end":{"line":8,"column":38}},"loc":{"start":{"line":8,"column":63},"end":{"line":22,"column":1}},"line":8},"1":{"name":"(anonymous_1)","decl":{"start":{"line":25,"column":36},"end":{"line":25,"column":37}},"loc":{"start":{"line":25,"column":62},"end":{"line":34,"column":1}},"line":25},"2":{"name":"(anonymous_2)","decl":{"start":{"line":29,"column":17},"end":{"line":29,"column":18}},"loc":{"start":{"line":29,"column":22},"end":{"line":29,"column":62}},"line":29},"3":{"name":"(anonymous_3)","decl":{"start":{"line":37,"column":38},"end":{"line":37,"column":39}},"loc":{"start":{"line":37,"column":64},"end":{"line":47,"column":1}},"line":37}},"branchMap":{"0":{"loc":{"start":{"line":40,"column":4},"end":{"line":40,"column":69}},"type":"if","locations":[{"start":{"line":40,"column":4},"end":{"line":40,"column":69}},{"start":{"line":40,"column":4},"end":{"line":40,"column":69}}],"line":40},"1":{"loc":{"start":{"line":41,"column":157},"end":{"line":41,"column":170}},"type":"binary-expr","locations":[{"start":{"line":41,"column":157},"end":{"line":41,"column":162}},{"start":{"line":41,"column":166},"end":{"line":41,"column":170}}],"line":41}},"s":{"0":0,"1":0,"2":0,"3":0,"4":0,"5":0,"6":0,"7":0,"8":0,"9":0,"10":0,"11":0,"12":0,"13":0,"14":0,"15":0,"16":0,"17":0,"18":0,"19":0,"20":0,"21":0,"22":0,"23":0,"24":0,"25":0,"26":0,"27":0},"f":{"0":0,"1":0,"2":0,"3":0},"b":{"0":[0,0],"1":[0,0]}}
,"C:\\Users\\ytang\\OneDrive\\Desktop\\elai\\backend\\routes\\adminRoutes.js": {"path":"C:\\Users\\ytang\\OneDrive\\Desktop\\elai\\backend\\routes\\adminRoutes.js","statementMap":{"0":{"start":{"line":6,"column":16},"end":{"line":6,"column":34}},"1":{"start":{"line":7,"column":15},"end":{"line":7,"column":31}},"2":{"start":{"line":8,"column":24},"end":{"line":8,"column":65}},"3":{"start":{"line":9,"column":25},"end":{"line":9,"column":54}},"4":{"start":{"line":10,"column":17},"end":{"line":10,"column":45}},"5":{"start":{"line":12,"column":0},"end":{"line":12,"column":66}},"6":{"start":{"line":13,"column":0},"end":{"line":13,"column":62}},"7":{"start":{"line":14,"column":0},"end":{"line":14,"column":86}},"8":{"start":{"line":15,"column":0},"end":{"line":17,"column":35}},"9":{"start":{"line":18,"column":0},"end":{"line":18,"column":65}},"10":{"start":{"line":20,"column":0},"end":{"line":20,"column":24}}},"fnMap":{},"branchMap":{},"s":{"0":0,"1":0,"2":0,"3":0,"4":0,"5":0,"6":0,"7":0,"8":0,"9":0,"10":0},"f":{},"b":{}}
,"C:\\Users\\ytang\\OneDrive\\Desktop\\elai\\backend\\routes\\assessmentRoutes.js": {"path":"C:\\Users\\ytang\\OneDrive\\Desktop\\elai\\backend\\routes\\assessmentRoutes.js","statementMap":{"0":{"start":{"line":6,"column":16},"end":{"line":6,"column":34}},"1":{"start":{"line":7,"column":15},"end":{"line":7,"column":31}},"2":{"start":{"line":8,"column":29},"end":{"line":8,"column":75}},"3":{"start":{"line":9,"column":24},"end":{"line":9,"column":53}},"4":{"start":{"line":10,"column":53},"end":{"line":10,"column":88}},"5":{"start":{"line":12,"column":0},"end":{"line":12,"column":69}},"6":{"start":{"line":13,"column":0},"end":{"line":13,"column":109}},"7":{"start":{"line":14,"column":0},"end":{"line":14,"column":105}},"8":{"start":{"line":15,"column":0},"end":{"line":15,"column":82}},"9":{"start":{"line":17,"column":0},"end":{"line":17,"column":24}}},"fnMap":{},"branchMap":{},"s":{"0":0,"1":0,"2":0,"3":0,"4":0,"5":0,"6":0,"7":0,"8":0,"9":0},"f":{},"b":{}}
,"C:\\Users\\ytang\\OneDrive\\Desktop\\elai\\backend\\routes\\assessments.js": {"path":"C:\\Users\\ytang\\OneDrive\\Desktop\\elai\\backend\\routes\\assessments.js","statementMap":{"0":{"start":{"line":1,"column":16},"end":{"line":1,"column":34}},"1":{"start":{"line":2,"column":13},"end":{"line":2,"column":36}},"2":{"start":{"line":3,"column":38},"end":{"line":3,"column":67}},"3":{"start":{"line":5,"column":15},"end":{"line":5,"column":31}},"4":{"start":{"line":8,"column":0},"end":{"line":15,"column":3}},"5":{"start":{"line":9,"column":2},"end":{"line":14,"column":3}},"6":{"start":{"line":10,"column":19},"end":{"line":10,"column":167}},"7":{"start":{"line":11,"column":4},"end":{"line":11,"column":34}},"8":{"start":{"line":13,"column":4},"end":{"line":13,"column":12}},"9":{"start":{"line":18,"column":0},"end":{"line":26,"column":3}},"10":{"start":{"line":19,"column":2},"end":{"line":25,"column":3}},"11":{"start":{"line":20,"column":21},"end":{"line":20,"column":108}},"12":{"start":{"line":21,"column":19},"end":{"line":21,"column":104}},"13":{"start":{"line":22,"column":4},"end":{"line":22,"column":47}},"14":{"start":{"line":24,"column":4},"end":{"line":24,"column":12}},"15":{"start":{"line":29,"column":0},"end":{"line":47,"column":3}},"16":{"start":{"line":30,"column":2},"end":{"line":46,"column":3}},"17":{"start":{"line":31,"column":22},"end":{"line":31,"column":56}},"18":{"start":{"line":32,"column":42},"end":{"line":32,"column":50}},"19":{"start":{"line":33,"column":4},"end":{"line":35,"column":5}},"20":{"start":{"line":34,"column":6},"end":{"line":34,"column":86}},"21":{"start":{"line":36,"column":26},"end":{"line":36,"column":135}},"22":{"start":{"line":37,"column":4},"end":{"line":37,"column":94}},"23":{"start":{"line":37,"column":34},"end":{"line":37,"column":94}},"24":{"start":{"line":39,"column":4},"end":{"line":41,"column":120}},"25":{"start":{"line":43,"column":4},"end":{"line":43,"column":44}},"26":{"start":{"line":45,"column":4},"end":{"line":45,"column":12}},"27":{"start":{"line":50,"column":0},"end":{"line":112,"column":3}},"28":{"start":{"line":51,"column":2},"end":{"line":111,"column":3}},"29":{"start":{"line":52,"column":22},"end":{"line":52,"column":56}},"30":{"start":{"line":53,"column":26},"end":{"line":53,"column":144}},"31":{"start":{"line":54,"column":4},"end":{"line":54,"column":94}},"32":{"start":{"line":54,"column":34},"end":{"line":54,"column":94}},"33":{"start":{"line":56,"column":24},"end":{"line":56,"column":138}},"34":{"start":{"line":57,"column":24},"end":{"line":57,"column":88}},"35":{"start":{"line":58,"column":18},"end":{"line":58,"column":20}},"36":{"start":{"line":59,"column":4},"end":{"line":59,"column":60}},"37":{"start":{"line":59,"column":28},"end":{"line":59,"column":57}},"38":{"start":{"line":60,"column":20},"end":{"line":60,"column":22}},"39":{"start":{"line":61,"column":4},"end":{"line":66,"column":7}},"40":{"start":{"line":62,"column":18},"end":{"line":62,"column":38}},"41":{"start":{"line":63,"column":16},"end":{"line":63,"column":32}},"42":{"start":{"line":64,"column":6},"end":{"line":64,"column":47}},"43":{"start":{"line":64,"column":11},"end":{"line":64,"column":33}},"44":{"start":{"line":65,"column":6},"end":{"line":65,"column":25}},"45":{"start":{"line":69,"column":19},"end":{"line":69,"column":106}},"46":{"start":{"line":70,"column":4},"end":{"line":70,"column":51}},"47":{"start":{"line":70,"column":33},"end":{"line":70,"column":51}},"48":{"start":{"line":71,"column":21},"end":{"line":71,"column":56}},"49":{"start":{"line":72,"column":25},"end":{"line":72,"column":46}},"50":{"start":{"line":73,"column":24},"end":{"line":73,"column":182}},"51":{"start":{"line":74,"column":27},"end":{"line":74,"column":134}},"52":{"start":{"line":75,"column":23},"end":{"line":75,"column":71}},"53":{"start":{"line":75,"column":57},"end":{"line":75,"column":69}},"54":{"start":{"line":77,"column":4},"end":{"line":77,"column":102}},"55":{"start":{"line":78,"column":18},"end":{"line":80,"column":142}},"56":{"start":{"line":82,"column":22},"end":{"line":82,"column":34}},"57":{"start":{"line":85,"column":23},"end":{"line":85,"column":106}},"58":{"start":{"line":86,"column":17},"end":{"line":86,"column":19}},"59":{"start":{"line":87,"column":22},"end":{"line":87,"column":54}},"60":{"start":{"line":87,"column":41},"end":{"line":87,"column":53}},"61":{"start":{"line":88,"column":4},"end":{"line":94,"column":7}},"62":{"start":{"line":89,"column":19},"end":{"line":89,"column":21}},"63":{"start":{"line":90,"column":6},"end":{"line":90,"column":95}},"64":{"start":{"line":90,"column":11},"end":{"line":90,"column":81}},"65":{"start":{"line":91,"column":6},"end":{"line":93,"column":7}},"66":{"start":{"line":91,"column":32},"end":{"line":91,"column":52}},"67":{"start":{"line":92,"column":8},"end":{"line":92,"column":99}},"68":{"start":{"line":95,"column":4},"end":{"line":97,"column":5}},"69":{"start":{"line":96,"column":6},"end":{"line":96,"column":192}},"70":{"start":{"line":99,"column":26},"end":{"line":99,"column":99}},"71":{"start":{"line":100,"column":22},"end":{"line":102,"column":16}},"72":{"start":{"line":104,"column":4},"end":{"line":107,"column":157}},"73":{"start":{"line":110,"column":4},"end":{"line":110,"column":12}},"74":{"start":{"line":115,"column":0},"end":{"line":135,"column":3}},"75":{"start":{"line":116,"column":2},"end":{"line":134,"column":3}},"76":{"start":{"line":117,"column":22},"end":{"line":117,"column":84}},"77":{"start":{"line":119,"column":4},"end":{"line":125,"column":5}},"78":{"start":{"line":120,"column":21},"end":{"line":120,"column":131}},"79":{"start":{"line":121,"column":6},"end":{"line":121,"column":32}},"80":{"start":{"line":123,"column":21},"end":{"line":123,"column":126}},"81":{"start":{"line":124,"column":6},"end":{"line":124,"column":32}},"82":{"start":{"line":126,"column":4},"end":{"line":126,"column":74}},"83":{"start":{"line":126,"column":18},"end":{"line":126,"column":74}},"84":{"start":{"line":127,"column":19},"end":{"line":129,"column":17}},"85":{"start":{"line":131,"column":4},"end":{"line":131,"column":49}},"86":{"start":{"line":133,"column":4},"end":{"line":133,"column":12}},"87":{"start":{"line":138,"column":0},"end":{"line":145,"column":3}},"88":{"start":{"line":139,"column":2},"end":{"line":144,"column":3}},"89":{"start":{"line":140,"column":19},"end":{"line":140,"column":158}},"90":{"start":{"line":141,"column":4},"end":{"line":141,"column":33}},"91":{"start":{"line":143,"column":4},"end":{"line":143,"column":12}},"92":{"start":{"line":147,"column":0},"end":{"line":147,"column":24}}},"fnMap":{"0":{"name":"(anonymous_0)","decl":{"start":{"line":8,"column":39},"end":{"line":8,"column":40}},"loc":{"start":{"line":8,"column":65},"end":{"line":15,"column":1}},"line":8},"1":{"name":"(anonymous_1)","decl":{"start":{"line":18,"column":38},"end":{"line":18,"column":39}},"loc":{"start":{"line":18,"column":64},"end":{"line":26,"column":1}},"line":18},"2":{"name":"(anonymous_2)","decl":{"start":{"line":29,"column":59},"end":{"line":29,"column":60}},"loc":{"start":{"line":29,"column":85},"end":{"line":47,"column":1}},"line":29},"3":{"name":"(anonymous_3)","decl":{"start":{"line":50,"column":58},"end":{"line":50,"column":59}},"loc":{"start":{"line":50,"column":84},"end":{"line":112,"column":1}},"line":50},"4":{"name":"(anonymous_4)","decl":{"start":{"line":59,"column":22},"end":{"line":59,"column":23}},"loc":{"start":{"line":59,"column":27},"end":{"line":59,"column":58}},"line":59},"5":{"name":"(anonymous_5)","decl":{"start":{"line":61,"column":22},"end":{"line":61,"column":23}},"loc":{"start":{"line":61,"column":27},"end":{"line":66,"column":5}},"line":61},"6":{"name":"(anonymous_6)","decl":{"start":{"line":75,"column":52},"end":{"line":75,"column":53}},"loc":{"start":{"line":75,"column":57},"end":{"line":75,"column":69}},"line":75},"7":{"name":"(anonymous_7)","decl":{"start":{"line":87,"column":36},"end":{"line":87,"column":37}},"loc":{"start":{"line":87,"column":41},"end":{"line":87,"column":53}},"line":87},"8":{"name":"(anonymous_8)","decl":{"start":{"line":88,"column":21},"end":{"line":88,"column":22}},"loc":{"start":{"line":88,"column":31},"end":{"line":94,"column":5}},"line":88},"9":{"name":"(anonymous_9)","decl":{"start":{"line":91,"column":25},"end":{"line":91,"column":26}},"loc":{"start":{"line":91,"column":32},"end":{"line":91,"column":52}},"line":91},"10":{"name":"(anonymous_10)","decl":{"start":{"line":115,"column":36},"end":{"line":115,"column":37}},"loc":{"start":{"line":115,"column":62},"end":{"line":135,"column":1}},"line":115},"11":{"name":"(anonymous_11)","decl":{"start":{"line":138,"column":37},"end":{"line":138,"column":38}},"loc":{"start":{"line":138,"column":63},"end":{"line":145,"column":1}},"line":138}},"branchMap":{"0":{"loc":{"start":{"line":33,"column":4},"end":{"line":35,"column":5}},"type":"if","locations":[{"start":{"line":33,"column":4},"end":{"line":35,"column":5}},{"start":{"line":33,"column":4},"end":{"line":35,"column":5}}],"line":33},"1":{"loc":{"start":{"line":33,"column":8},"end":{"line":33,"column":50}},"type":"binary-expr","locations":[{"start":{"line":33,"column":8},"end":{"line":33,"column":19}},{"start":{"line":33,"column":23},"end":{"line":33,"column":50}}],"line":33},"2":{"loc":{"start":{"line":37,"column":4},"end":{"line":37,"column":94}},"type":"if","locations":[{"start":{"line":37,"column":4},"end":{"line":37,"column":94}},{"start":{"line":37,"column":4},"end":{"line":37,"column":94}}],"line":37},"3":{"loc":{"start":{"line":41,"column":28},"end":{"line":41,"column":117}},"type":"cond-expr","locations":[{"start":{"line":41,"column":64},"end":{"line":41,"column":93}},{"start":{"line":41,"column":96},"end":{"line":41,"column":117}}],"line":41},"4":{"loc":{"start":{"line":54,"column":4},"end":{"line":54,"column":94}},"type":"if","locations":[{"start":{"line":54,"column":4},"end":{"line":54,"column":94}},{"start":{"line":54,"column":4},"end":{"line":54,"column":94}}],"line":54},"5":{"loc":{"start":{"line":69,"column":19},"end":{"line":69,"column":106}},"type":"cond-expr","locations":[{"start":{"line":69,"column":51},"end":{"line":69,"column":65}},{"start":{"line":69,"column":68},"end":{"line":69,"column":106}}],"line":69},"6":{"loc":{"start":{"line":69,"column":68},"end":{"line":69,"column":106}},"type":"cond-expr","locations":[{"start":{"line":69,"column":85},"end":{"line":69,"column":101}},{"start":{"line":69,"column":104},"end":{"line":69,"column":106}}],"line":69},"7":{"loc":{"start":{"line":70,"column":4},"end":{"line":70,"column":51}},"type":"if","locations":[{"start":{"line":70,"column":4},"end":{"line":70,"column":51}},{"start":{"line":70,"column":4},"end":{"line":70,"column":51}}],"line":70},"8":{"loc":{"start":{"line":71,"column":21},"end":{"line":71,"column":56}},"type":"binary-expr","locations":[{"start":{"line":71,"column":21},"end":{"line":71,"column":51}},{"start":{"line":71,"column":55},"end":{"line":71,"column":56}}],"line":71},"9":{"loc":{"start":{"line":72,"column":25},"end":{"line":72,"column":46}},"type":"cond-expr","locations":[{"start":{"line":72,"column":41},"end":{"line":72,"column":42}},{"start":{"line":72,"column":45},"end":{"line":72,"column":46}}],"line":72},"10":{"loc":{"start":{"line":73,"column":38},"end":{"line":73,"column":68}},"type":"binary-expr","locations":[{"start":{"line":73,"column":38},"end":{"line":73,"column":55}},{"start":{"line":73,"column":59},"end":{"line":73,"column":68}}],"line":73},"11":{"loc":{"start":{"line":73,"column":80},"end":{"line":73,"column":116}},"type":"binary-expr","locations":[{"start":{"line":73,"column":80},"end":{"line":73,"column":103}},{"start":{"line":73,"column":107},"end":{"line":73,"column":116}}],"line":73},"12":{"loc":{"start":{"line":73,"column":131},"end":{"line":73,"column":179}},"type":"cond-expr","locations":[{"start":{"line":73,"column":147},"end":{"line":73,"column":164}},{"start":{"line":73,"column":167},"end":{"line":73,"column":179}}],"line":73},"13":{"loc":{"start":{"line":74,"column":27},"end":{"line":74,"column":134}},"type":"cond-expr","locations":[{"start":{"line":74,"column":56},"end":{"line":74,"column":129}},{"start":{"line":74,"column":132},"end":{"line":74,"column":134}}],"line":74},"14":{"loc":{"start":{"line":80,"column":54},"end":{"line":80,"column":126}},"type":"binary-expr","locations":[{"start":{"line":80,"column":54},"end":{"line":80,"column":68}},{"start":{"line":80,"column":72},"end":{"line":80,"column":126}}],"line":80},"15":{"loc":{"start":{"line":90,"column":20},"end":{"line":90,"column":80}},"type":"cond-expr","locations":[{"start":{"line":90,"column":43},"end":{"line":90,"column":75}},{"start":{"line":90,"column":78},"end":{"line":90,"column":80}}],"line":90},"16":{"loc":{"start":{"line":91,"column":6},"end":{"line":93,"column":7}},"type":"if","locations":[{"start":{"line":91,"column":6},"end":{"line":93,"column":7}},{"start":{"line":91,"column":6},"end":{"line":93,"column":7}}],"line":91},"17":{"loc":{"start":{"line":91,"column":10},"end":{"line":91,"column":79}},"type":"binary-expr","locations":[{"start":{"line":91,"column":10},"end":{"line":91,"column":53}},{"start":{"line":91,"column":57},"end":{"line":91,"column":79}}],"line":91},"18":{"loc":{"start":{"line":107,"column":24},"end":{"line":107,"column":153}},"type":"cond-expr","locations":[{"start":{"line":107,"column":39},"end":{"line":107,"column":146}},{"start":{"line":107,"column":149},"end":{"line":107,"column":153}}],"line":107},"19":{"loc":{"start":{"line":117,"column":22},"end":{"line":117,"column":84}},"type":"cond-expr","locations":[{"start":{"line":117,"column":44},"end":{"line":117,"column":77}},{"start":{"line":117,"column":80},"end":{"line":117,"column":84}}],"line":117},"20":{"loc":{"start":{"line":119,"column":4},"end":{"line":125,"column":5}},"type":"if","locations":[{"start":{"line":119,"column":4},"end":{"line":125,"column":5}},{"start":{"line":119,"column":4},"end":{"line":125,"column":5}}],"line":119},"21":{"loc":{"start":{"line":121,"column":16},"end":{"line":121,"column":31}},"type":"binary-expr","locations":[{"start":{"line":121,"column":16},"end":{"line":121,"column":23}},{"start":{"line":121,"column":27},"end":{"line":121,"column":31}}],"line":121},"22":{"loc":{"start":{"line":124,"column":16},"end":{"line":124,"column":31}},"type":"binary-expr","locations":[{"start":{"line":124,"column":16},"end":{"line":124,"column":23}},{"start":{"line":124,"column":27},"end":{"line":124,"column":31}}],"line":124},"23":{"loc":{"start":{"line":126,"column":4},"end":{"line":126,"column":74}},"type":"if","locations":[{"start":{"line":126,"column":4},"end":{"line":126,"column":74}},{"start":{"line":126,"column":4},"end":{"line":126,"column":74}}],"line":126}},"s":{"0":0,"1":0,"2":0,"3":0,"4":0,"5":0,"6":0,"7":0,"8":0,"9":0,"10":0,"11":0,"12":0,"13":0,"14":0,"15":0,"16":0,"17":0,"18":0,"19":0,"20":0,"21":0,"22":0,"23":0,"24":0,"25":0,"26":0,"27":0,"28":0,"29":0,"30":0,"31":0,"32":0,"33":0,"34":0,"35":0,"36":0,"37":0,"38":0,"39":0,"40":0,"41":0,"42":0,"43":0,"44":0,"45":0,"46":0,"47":0,"48":0,"49":0,"50":0,"51":0,"52":0,"53":0,"54":0,"55":0,"56":0,"57":0,"58":0,"59":0,"60":0,"61":0,"62":0,"63":0,"64":0,"65":0,"66":0,"67":0,"68":0,"69":0,"70":0,"71":0,"72":0,"73":0,"74":0,"75":0,"76":0,"77":0,"78":0,"79":0,"80":0,"81":0,"82":0,"83":0,"84":0,"85":0,"86":0,"87":0,"88":0,"89":0,"90":0,"91":0,"92":0},"f":{"0":0,"1":0,"2":0,"3":0,"4":0,"5":0,"6":0,"7":0,"8":0,"9":0,"10":0,"11":0},"b":{"0":[0,0],"1":[0,0],"2":[0,0],"3":[0,0],"4":[0,0],"5":[0,0],"6":[0,0],"7":[0,0],"8":[0,0],"9":[0,0],"10":[0,0],"11":[0,0],"12":[0,0],"13":[0,0],"14":[0,0],"15":[0,0],"16":[0,0],"17":[0,0],"18":[0,0],"19":[0,0],"20":[0,0],"21":[0,0],"22":[0,0],"23":[0,0]}}
,"C:\\Users\\ytang\\OneDrive\\Desktop\\elai\\backend\\routes\\auth.js": {"path":"C:\\Users\\ytang\\OneDrive\\Desktop\\elai\\backend\\routes\\auth.js","statementMap":{"0":{"start":{"line":1,"column":16},"end":{"line":1,"column":34}},"1":{"start":{"line":2,"column":15},"end":{"line":2,"column":34}},"2":{"start":{"line":3,"column":35},"end":{"line":3,"column":63}},"3":{"start":{"line":4,"column":13},"end":{"line":4,"column":36}},"4":{"start":{"line":5,"column":35},"end":{"line":5,"column":64}},"5":{"start":{"line":7,"column":15},"end":{"line":7,"column":31}},"6":{"start":{"line":10,"column":0},"end":{"line":44,"column":3}},"7":{"start":{"line":17,"column":2},"end":{"line":43,"column":3}},"8":{"start":{"line":18,"column":19},"end":{"line":18,"column":40}},"9":{"start":{"line":19,"column":4},"end":{"line":19,"column":83}},"10":{"start":{"line":19,"column":27},"end":{"line":19,"column":83}},"11":{"start":{"line":21,"column":19},"end":{"line":23,"column":21}},"12":{"start":{"line":25,"column":4},"end":{"line":27,"column":5}},"13":{"start":{"line":26,"column":6},"end":{"line":26,"column":74}},"14":{"start":{"line":28,"column":17},"end":{"line":28,"column":24}},"15":{"start":{"line":29,"column":4},"end":{"line":31,"column":5}},"16":{"start":{"line":30,"column":6},"end":{"line":30,"column":69}},"17":{"start":{"line":32,"column":18},"end":{"line":32,"column":77}},"18":{"start":{"line":33,"column":4},"end":{"line":35,"column":5}},"19":{"start":{"line":34,"column":6},"end":{"line":34,"column":74}},"20":{"start":{"line":36,"column":18},"end":{"line":36,"column":36}},"21":{"start":{"line":37,"column":4},"end":{"line":39,"column":126}},"22":{"start":{"line":42,"column":4},"end":{"line":42,"column":12}},"23":{"start":{"line":48,"column":0},"end":{"line":50,"column":3}},"24":{"start":{"line":49,"column":2},"end":{"line":49,"column":38}},"25":{"start":{"line":53,"column":0},"end":{"line":75,"column":3}},"26":{"start":{"line":57,"column":2},"end":{"line":74,"column":3}},"27":{"start":{"line":58,"column":19},"end":{"line":58,"column":40}},"28":{"start":{"line":59,"column":4},"end":{"line":59,"column":83}},"29":{"start":{"line":59,"column":27},"end":{"line":59,"column":83}},"30":{"start":{"line":61,"column":19},"end":{"line":61,"column":93}},"31":{"start":{"line":62,"column":18},"end":{"line":62,"column":96}},"32":{"start":{"line":63,"column":20},"end":{"line":63,"column":57}},"33":{"start":{"line":64,"column":4},"end":{"line":66,"column":5}},"34":{"start":{"line":65,"column":6},"end":{"line":65,"column":130}},"35":{"start":{"line":68,"column":4},"end":{"line":70,"column":53}},"36":{"start":{"line":73,"column":4},"end":{"line":73,"column":12}},"37":{"start":{"line":79,"column":0},"end":{"line":100,"column":3}},"38":{"start":{"line":86,"column":2},"end":{"line":99,"column":3}},"39":{"start":{"line":87,"column":19},"end":{"line":87,"column":40}},"40":{"start":{"line":88,"column":4},"end":{"line":88,"column":83}},"41":{"start":{"line":88,"column":27},"end":{"line":88,"column":83}},"42":{"start":{"line":90,"column":19},"end":{"line":90,"column":134}},"43":{"start":{"line":91,"column":4},"end":{"line":93,"column":5}},"44":{"start":{"line":92,"column":6},"end":{"line":92,"column":79}},"45":{"start":{"line":94,"column":17},"end":{"line":94,"column":57}},"46":{"start":{"line":95,"column":4},"end":{"line":95,"column":143}},"47":{"start":{"line":96,"column":4},"end":{"line":96,"column":55}},"48":{"start":{"line":98,"column":4},"end":{"line":98,"column":12}},"49":{"start":{"line":104,"column":0},"end":{"line":114,"column":3}},"50":{"start":{"line":105,"column":2},"end":{"line":111,"column":36}},"51":{"start":{"line":116,"column":0},"end":{"line":116,"column":24}}},"fnMap":{"0":{"name":"(anonymous_0)","decl":{"start":{"line":16,"column":0},"end":{"line":16,"column":1}},"loc":{"start":{"line":16,"column":26},"end":{"line":44,"column":1}},"line":16},"1":{"name":"(anonymous_1)","decl":{"start":{"line":48,"column":23},"end":{"line":48,"column":24}},"loc":{"start":{"line":48,"column":37},"end":{"line":50,"column":1}},"line":48},"2":{"name":"(anonymous_2)","decl":{"start":{"line":56,"column":0},"end":{"line":56,"column":1}},"loc":{"start":{"line":56,"column":26},"end":{"line":75,"column":1}},"line":56},"3":{"name":"(anonymous_3)","decl":{"start":{"line":85,"column":0},"end":{"line":85,"column":1}},"loc":{"start":{"line":85,"column":26},"end":{"line":100,"column":1}},"line":85},"4":{"name":"(anonymous_4)","decl":{"start":{"line":104,"column":31},"end":{"line":104,"column":32}},"loc":{"start":{"line":104,"column":45},"end":{"line":114,"column":1}},"line":104}},"branchMap":{"0":{"loc":{"start":{"line":19,"column":4},"end":{"line":19,"column":83}},"type":"if","locations":[{"start":{"line":19,"column":4},"end":{"line":19,"column":83}},{"start":{"line":19,"column":4},"end":{"line":19,"column":83}}],"line":19},"1":{"loc":{"start":{"line":25,"column":4},"end":{"line":27,"column":5}},"type":"if","locations":[{"start":{"line":25,"column":4},"end":{"line":27,"column":5}},{"start":{"line":25,"column":4},"end":{"line":27,"column":5}}],"line":25},"2":{"loc":{"start":{"line":29,"column":4},"end":{"line":31,"column":5}},"type":"if","locations":[{"start":{"line":29,"column":4},"end":{"line":31,"column":5}},{"start":{"line":29,"column":4},"end":{"line":31,"column":5}}],"line":29},"3":{"loc":{"start":{"line":33,"column":4},"end":{"line":35,"column":5}},"type":"if","locations":[{"start":{"line":33,"column":4},"end":{"line":35,"column":5}},{"start":{"line":33,"column":4},"end":{"line":35,"column":5}}],"line":33},"4":{"loc":{"start":{"line":59,"column":4},"end":{"line":59,"column":83}},"type":"if","locations":[{"start":{"line":59,"column":4},"end":{"line":59,"column":83}},{"start":{"line":59,"column":4},"end":{"line":59,"column":83}}],"line":59},"5":{"loc":{"start":{"line":62,"column":18},"end":{"line":62,"column":96}},"type":"cond-expr","locations":[{"start":{"line":62,"column":32},"end":{"line":62,"column":81}},{"start":{"line":62,"column":84},"end":{"line":62,"column":96}}],"line":62},"6":{"loc":{"start":{"line":64,"column":4},"end":{"line":66,"column":5}},"type":"if","locations":[{"start":{"line":64,"column":4},"end":{"line":66,"column":5}},{"start":{"line":64,"column":4},"end":{"line":66,"column":5}}],"line":64},"7":{"loc":{"start":{"line":70,"column":18},"end":{"line":70,"column":49}},"type":"cond-expr","locations":[{"start":{"line":70,"column":32},"end":{"line":70,"column":37}},{"start":{"line":70,"column":40},"end":{"line":70,"column":49}}],"line":70},"8":{"loc":{"start":{"line":88,"column":4},"end":{"line":88,"column":83}},"type":"if","locations":[{"start":{"line":88,"column":4},"end":{"line":88,"column":83}},{"start":{"line":88,"column":4},"end":{"line":88,"column":83}}],"line":88},"9":{"loc":{"start":{"line":91,"column":4},"end":{"line":93,"column":5}},"type":"if","locations":[{"start":{"line":91,"column":4},"end":{"line":93,"column":5}},{"start":{"line":91,"column":4},"end":{"line":93,"column":5}}],"line":91}},"s":{"0":0,"1":0,"2":0,"3":0,"4":0,"5":0,"6":0,"7":0,"8":0,"9":0,"10":0,"11":0,"12":0,"13":0,"14":0,"15":0,"16":0,"17":0,"18":0,"19":0,"20":0,"21":0,"22":0,"23":0,"24":0,"25":0,"26":0,"27":0,"28":0,"29":0,"30":0,"31":0,"32":0,"33":0,"34":0,"35":0,"36":0,"37":0,"38":0,"39":0,"40":0,"41":0,"42":0,"43":0,"44":0,"45":0,"46":0,"47":0,"48":0,"49":0,"50":0,"51":0},"f":{"0":0,"1":0,"2":0,"3":0,"4":0},"b":{"0":[0,0],"1":[0,0],"2":[0,0],"3":[0,0],"4":[0,0],"5":[0,0],"6":[0,0],"7":[0,0],"8":[0,0],"9":[0,0]}}
,"C:\\Users\\ytang\\OneDrive\\Desktop\\elai\\backend\\routes\\authRoutes.js": {"path":"C:\\Users\\ytang\\OneDrive\\Desktop\\elai\\backend\\routes\\authRoutes.js","statementMap":{"0":{"start":{"line":6,"column":16},"end":{"line":6,"column":34}},"1":{"start":{"line":7,"column":15},"end":{"line":7,"column":31}},"2":{"start":{"line":8,"column":23},"end":{"line":8,"column":63}},"3":{"start":{"line":9,"column":91},"end":{"line":9,"column":126}},"4":{"start":{"line":11,"column":0},"end":{"line":11,"column":68}},"5":{"start":{"line":12,"column":0},"end":{"line":12,"column":59}},"6":{"start":{"line":13,"column":0},"end":{"line":13,"column":46}},"7":{"start":{"line":14,"column":0},"end":{"line":14,"column":87}},"8":{"start":{"line":15,"column":0},"end":{"line":15,"column":84}},"9":{"start":{"line":18,"column":0},"end":{"line":18,"column":62}},"10":{"start":{"line":19,"column":0},"end":{"line":19,"column":49}},"11":{"start":{"line":20,"column":0},"end":{"line":20,"column":62}},"12":{"start":{"line":22,"column":0},"end":{"line":22,"column":24}}},"fnMap":{},"branchMap":{},"s":{"0":0,"1":0,"2":0,"3":0,"4":0,"5":0,"6":0,"7":0,"8":0,"9":0,"10":0,"11":0,"12":0},"f":{},"b":{}}
,"C:\\Users\\ytang\\OneDrive\\Desktop\\elai\\backend\\routes\\billingRoutes.js": {"path":"C:\\Users\\ytang\\OneDrive\\Desktop\\elai\\backend\\routes\\billingRoutes.js","statementMap":{"0":{"start":{"line":1,"column":16},"end":{"line":1,"column":34}},"1":{"start":{"line":2,"column":38},"end":{"line":2,"column":67}},"2":{"start":{"line":3,"column":15},"end":{"line":3,"column":42}},"3":{"start":{"line":4,"column":26},"end":{"line":4,"column":69}},"4":{"start":{"line":6,"column":15},"end":{"line":6,"column":31}},"5":{"start":{"line":8,"column":0},"end":{"line":8,"column":99}},"6":{"start":{"line":8,"column":54},"end":{"line":8,"column":97}},"7":{"start":{"line":9,"column":0},"end":{"line":9,"column":97}},"8":{"start":{"line":9,"column":55},"end":{"line":9,"column":95}},"9":{"start":{"line":10,"column":0},"end":{"line":11,"column":47}},"10":{"start":{"line":11,"column":0},"end":{"line":11,"column":45}},"11":{"start":{"line":13,"column":0},"end":{"line":14,"column":46}},"12":{"start":{"line":14,"column":0},"end":{"line":14,"column":44}},"13":{"start":{"line":16,"column":0},"end":{"line":17,"column":53}},"14":{"start":{"line":17,"column":0},"end":{"line":17,"column":51}},"15":{"start":{"line":19,"column":0},"end":{"line":20,"column":54}},"16":{"start":{"line":20,"column":0},"end":{"line":20,"column":52}},"17":{"start":{"line":22,"column":0},"end":{"line":22,"column":118}},"18":{"start":{"line":22,"column":62},"end":{"line":22,"column":116}},"19":{"start":{"line":24,"column":0},"end":{"line":24,"column":119}},"20":{"start":{"line":24,"column":71},"end":{"line":24,"column":117}},"21":{"start":{"line":25,"column":0},"end":{"line":26,"column":50}},"22":{"start":{"line":26,"column":0},"end":{"line":26,"column":48}},"23":{"start":{"line":28,"column":0},"end":{"line":29,"column":49}},"24":{"start":{"line":29,"column":0},"end":{"line":29,"column":47}},"25":{"start":{"line":32,"column":0},"end":{"line":32,"column":24}}},"fnMap":{"0":{"name":"(anonymous_0)","decl":{"start":{"line":8
[...]
Drive\\Desktop\\elai\\backend\\services\\routineService.js","statementMap":{"0":{"start":{"line":6,"column":13},"end":{"line":6,"column":36}},"1":{"start":{"line":7,"column":13},"end":{"line":7,"column":28}},"2":{"start":{"line":8,"column":11},"end":{"line":8,"column":33}},"3":{"start":{"line":10,"column":20},"end":{"line":10,"column":52}},"4":{"start":{"line":14,"column":4},"end":{"line":14,"column":35}},"5":{"start":{"line":18,"column":4},"end":{"line":18,"column":39}},"6":{"start":{"line":18,"column":32},"end":{"line":18,"column":39}},"7":{"start":{"line":19,"column":4},"end":{"line":25,"column":5}},"8":{"start":{"line":20,"column":6},"end":{"line":20,"column":105}},"9":{"start":{"line":21,"column":6},"end":{"line":21,"column":114}},"10":{"start":{"line":22,"column":6},"end":{"line":22,"column":36}},"11":{"start":{"line":29,"column":4},"end":{"line":29,"column":45}},"12":{"start":{"line":29,"column":33},"end":{"line":29,"column":45}},"13":{"start":{"line":30,"column":4},"end":{"line":30,"column":59}},"14":{"start":{"line":30,"column":44},"end":{"line":30,"column":59}},"15":{"start":{"line":31,"column":4},"end":{"line":31,"column":59}},"16":{"start":{"line":31,"column":44},"end":{"line":31,"column":59}},"17":{"start":{"line":32,"column":16},"end":{"line":32,"column":76}},"18":{"start":{"line":33,"column":4},"end":{"line":33,"column":61}},"19":{"start":{"line":33,"column":46},"end":{"line":33,"column":61}},"20":{"start":{"line":34,"column":4},"end":{"line":34,"column":76}},"21":{"start":{"line":34,"column":61},"end":{"line":34,"column":76}},"22":{"start":{"line":35,"column":4},"end":{"line":35,"column":16}},"23":{"start":{"line":39,"column":4},"end":{"line":39,"column":32}},"24":{"start":{"line":39,"column":20},"end":{"line":39,"column":32}},"25":{"start":{"line":40,"column":12},"end":{"line":40,"column":49}},"26":{"start":{"line":41,"column":4},"end":{"line":41,"column":55}},"27":{"start":{"line":41,"column":30},"end":{"line":41,"column":55}},"28":{"start":{"line":42,"column":4},"end":{"line":42,"column":42}},"29":{"start":{"line":42,"column":27},"end":{"line":42,"column":42}},"30":{"start":{"line":43,"column":4},"end":{"line":43,"column":37}},"31":{"start":{"line":50,"column":21},"end":{"line":52,"column":46}},"32":{"start":{"line":55,"column":4},"end":{"line":59,"column":14}},"33":{"start":{"line":64,"column":4},"end":{"line":64,"column":36}},"34":{"start":{"line":65,"column":22},"end":{"line":65,"column":50}},"35":{"start":{"line":66,"column":22},"end":{"line":66,"column":93}},"36":{"start":{"line":68,"column":4},"end":{"line":70,"column":5}},"37":{"start":{"line":69,"column":6},"end":{"line":69,"column":48}},"38":{"start":{"line":72,"column":21},"end":{"line":75,"column":68}},"39":{"start":{"line":78,"column":4},"end":{"line":84,"column":18}},"40":{"start":{"line":92,"column":4},"end":{"line":92,"column":36}},"41":{"start":{"line":93,"column":19},"end":{"line":99,"column":20}},"42":{"start":{"line":102,"column":4},"end":{"line":108,"column":42}},"43":{"start":{"line":102,"column":26},"end":{"line":108,"column":39}},"44":{"start":{"line":116,"column":19},"end":{"line":126,"column":20}},"45":{"start":{"line":129,"column":4},"end":{"line":132,"column":66}},"46":{"start":{"line":129,"column":26},"end":{"line":132,"column":63}},"47":{"start":{"line":137,"column":19},"end":{"line":143,"column":13}},"48":{"start":{"line":145,"column":30},"end":{"line":150,"column":13}},"49":{"start":{"line":152,"column":4},"end":{"line":156,"column":88}},"50":{"start":{"line":153,"column":36},"end":{"line":153,"column":93}},"51":{"start":{"line":162,"column":25},"end":{"line":166,"column":13}},"52":{"start":{"line":168,"column":22},"end":{"line":168,"column":24}},"53":{"start":{"line":169,"column":20},"end":{"line":169,"column":101}},"54":{"start":{"line":170,"column":4},"end":{"line":175,"column":5}},"55":{"start":{"line":171,"column":6},"end":{"line":171,"column":92}},"56":{"start":{"line":173,"column":24},"end":{"line":173,"column":89}},"57":{"start":{"line":174,"column":6},"end":{"line":174,"column":128}},"58":{"start":{"line":174,"column":26},"end":{"line":174,"column":128}},"59":{"start":{"line":176,"column":4},"end":{"line":176,"column":99}},"60":{"start":{"line":177,"column":4},"end":{"line":180,"column":5}},"61":{"start":{"line":178,"column":6},"end":{"line":178,"column":87}},"62":{"start":{"line":179,"column":6},"end":{"line":179,"column":107}},"63":{"start":{"line":181,"column":4},"end":{"line":181,"column":21}},"64":{"start":{"line":189,"column":23},"end":{"line":191,"column":24}},"65":{"start":{"line":194,"column":4},"end":{"line":196,"column":5}},"66":{"start":{"line":195,"column":6},"end":{"line":195,"column":47}},"67":{"start":{"line":198,"column":19},"end":{"line":198,"column":21}},"68":{"start":{"line":199,"column":19},"end":{"line":199,"column":21}},"69":{"start":{"line":201,"column":4},"end":{"line":204,"column":5}},"70":{"start":{"line":202,"column":6},"end":{"line":202,"column":39}},"71":{"start":{"line":203,"column":6},"end":{"line":203,"column":40}},"72":{"start":{"line":205,"column":4},"end":{"line":208,"column":5}},"73":{"start":{"line":206,"column":6},"end":{"line":206,"column":37}},"74":{"start":{"line":207,"column":6},"end":{"line":207,"column":38}},"75":{"start":{"line":209,"column":4},"end":{"line":212,"column":5}},"76":{"start":{"line":210,"column":6},"end":{"line":210,"column":31}},"77":{"start":{"line":211,"column":6},"end":{"line":211,"column":33}},"78":{"start":{"line":214,"column":4},"end":{"line":216,"column":5}},"79":{"start":{"line":215,"column":6},"end":{"line":215,"column":45}},"80":{"start":{"line":218,"column":4},"end":{"line":218,"column":27}},"81":{"start":{"line":219,"column":4},"end":{"line":219,"column":98}},"82":{"start":{"line":221,"column":22},"end":{"line":223,"column":16}},"83":{"start":{"line":226,"column":4},"end":{"line":230,"column":32}},"84":{"start":{"line":238,"column":4},"end":{"line":238,"column":36}},"85":{"start":{"line":239,"column":19},"end":{"line":241,"column":24}},"86":{"start":{"line":243,"column":4},"end":{"line":250,"column":5}},"87":{"start":{"line":244,"column":6},"end":{"line":249,"column":7}},"88":{"start":{"line":245,"column":21},"end":{"line":245,"column":70}},"89":{"start":{"line":246,"column":8},"end":{"line":246,"column":40}},"90":{"start":{"line":246,"column":18},"end":{"line":246,"column":40}},"91":{"start":{"line":251,"column":21},"end":{"line":253,"column":24}},"92":{"start":{"line":256,"column":4},"end":{"line":258,"column":5}},"93":{"start":{"line":257,"column":6},"end":{"line":257,"column":47}},"94":{"start":{"line":260,"column":4},"end":{"line":260,"column":46}},"95":{"start":{"line":264,"column":0},"end":{"line":264,"column":38}}},"fnMap":{"0":{"name":"(anonymous_0)","decl":{"start":{"line":13,"column":2},"end":{"line":13,"column":3}},"loc":{"start":{"line":13,"column":16},"end":{"line":15,"column":3}},"line":13},"1":{"name":"(anonymous_1)","decl":{"start":{"line":17,"column":2},"end":{"line":17,"column":3}},"loc":{"start":{"line":17,"column":29},"end":{"line":26,"column":3}},"line":17},"2":{"name":"(anonymous_2)","decl":{"start":{"line":28,"column":2},"end":{"line":28,"column":3}},"loc":{"start":{"line":28,"column":26},"end":{"line":36,"column":3}},"line":28},"3":{"name":"(anonymous_3)","decl":{"start":{"line":38,"column":2},"end":{"line":38,"column":3}},"loc":{"start":{"line":38,"column":38},"end":{"line":44,"column":3}},"line":38},"4":{"name":"(anonymous_4)","decl":{"start":{"line":49,"column":2},"end":{"line":49,"column":3}},"loc":{"start":{"line":49,"column":66},"end":{"line":61,"column":3}},"line":49},"5":{"name":"(anonymous_5)","decl":{"start":{"line":63,"column":2},"end":{"line":63,"column":3}},"loc":{"start":{"line":63,"column":88},"end":{"line":86,"column":3}},"line":63},"6":{"name":"(anonymous_6)","decl":{"start":{"line":91,"column":2},"end":{"line":91,"column":3}},"loc":{"start":{"line":91,"column":41},"end":{"line":110,"column":3}},"line":91},"7":{"name":"(anonymous_7)","decl":{"start":{"line":102,"column":20},"end":{"line":102,"column":21}},"loc":{"start":{"line":102,"column":26},"end":{"line":108,"column":39}},"line":102},"8":{"name":"(anonymous_8)","decl":{"start":{"line":115,"column":2},"end":{"line":115,"column":3}},"loc":{"start":{"line":115,"column":46},"end":{"line":134,"column":3}},"line":115},"9":{"name":"(anonymous_9)","decl":{"start":{"line":129,"column":20},"end":{"line":129,"column":21}},"loc":{"start":{"line":129,"column":26},"end":{"line":132,"column":63}},"line":129},"10":{"name":"(anonymous_10)","decl":{"start":{"line":136,"column":2},"end":{"line":136,"column":3}},"loc":{"start":{"line":136,"column":37},"end":{"line":159,"column":3}},"line":136},"11":{"name":"(anonymous_11)","decl":{"start":{"line":153,"column":30},"end":{"line":153,"column":31}},"loc":{"start":{"line":153,"column":36},"end":{"line":153,"column":93}},"line":153},"12":{"name":"(anonymous_12)","decl":{"start":{"line":161,"column":2},"end":{"line":161,"column":3}},"loc":{"start":{"line":161,"column":48},"end":{"line":182,"column":3}},"line":161},"13":{"name":"(anonymous_13)","decl":{"start":{"line":187,"column":2},"end":{"line":187,"column":3}},"loc":{"start":{"line":187,"column":46},"end":{"line":232,"column":3}},"line":187},"14":{"name":"(anonymous_14)","decl":{"start":{"line":237,"column":2},"end":{"line":237,"column":3}},"loc":{"start":{"line":237,"column":37},"end":{"line":261,"column":3}},"line":237}},"branchMap":{"0":{"loc":{"start":{"line":18,"column":4},"end":{"line":18,"column":39}},"type":"if","locations":[{"start":{"line":18,"column":4},"end":{"line":18,"column":39}},{"start":{"line":18,"column":4},"end":{"line":18,"column":39}}],"line":18},"1":{"loc":{"start":{"line":29,"column":4},"end":{"line":29,"column":45}},"type":"if","locations":[{"start":{"line":29,"column":4},"end":{"line":29,"column":45}},{"start":{"line":29,"column":4},"end":{"line":29,"column":45}}],"line":29},"2":{"loc":{"start":{"line":29,"column":8},"end":{"line":29,"column":31}},"type":"binary-expr","locations":[{"start":{"line":29,"column":8},"end":{"line":29,"column":13}},{"start":{"line":29,"column":17},"end":{"line":29,"column":31}}],"line":29},"3":{"loc":{"start":{"line":30,"column":4},"end":{"line":30,"column":59}},"type":"if","locations":[{"start":{"line":30,"column":4},"end":{"line":30,"column":59}},{"start":{"line":30,"column":4},"end":{"line":30,"column":59}}],"line":30},"4":{"loc":{"start":{"line":31,"column":4},"end":{"line":31,"column":59}},"type":"if","locations":[{"start":{"line":31,"column":4},"end":{"line":31,"column":59}},{"start":{"line":31,"column":4},"end":{"line":31,"column":59}}],"line":31},"5":{"loc":{"start":{"line":32,"column":29},"end":{"line":32,"column":52}},"type":"binary-expr","locations":[{"start":{"line":32,"column":29},"end":{"line":32,"column":46}},{"start":{"line":32,"column":50},"end":{"line":32,"column":52}}],"line":32},"6":{"loc":{"start":{"line":33,"column":4},"end":{"line":33,"column":61}},"type":"if","locations":[{"start":{"line":33,"column":4},"end":{"line":33,"column":61}},{"start":{"line":33,"column":4},"end":{"line":33,"column":61}}],"line":33},"7":{"loc":{"start":{"line":34,"column":4},"end":{"line":34,"column":76}},"type":"if","locations":[{"start":{"line":34,"column":4},"end":{"line":34,"column":76}},{"start":{"line":34,"column":4},"end":{"line":34,"column":76}}],"line":34},"8":{"loc":{"start":{"line":39,"column":4},"end":{"line":39,"column":32}},"type":"if","locations":[{"start":{"line":39,"column":4},"end":{"line":39,"column":32}},{"start":{"line":39,"column":4},"end":{"line":39,"column":32}}],"line":39},"9":{"loc":{"start":{"line":41,"column":4},"end":{"line":41,"column":55}},"type":"if","locations":[{"start":{"line":41,"column":4},"end":{"line":41,"column":55}},{"start":{"line":41,"column":4},"end":{"line":41,"column":55}}],"line":41},"10":{"loc":{"start":{"line":42,"column":4},"end":{"line":42,"column":42}},"type":"if","locations":[{"start":{"line":42,"column":4},"end":{"line":42,"column":42}},{"start":{"line":42,"column":4},"end":{"line":42,"column":42}}],"line":42},"11":{"loc":{"start":{"line":49,"column":52},"end":{"line":49,"column":64}},"type":"default-arg","locations":[{"start":{"line":49,"column":60},"end":{"line":49,"column":64}}],"line":49},"12":{"loc":{"start":{"line":63,"column":61},"end":{"line":63,"column":73}},"type":"default-arg","locations":[{"start":{"line":63,"column":69},"end":{"line":63,"column":73}}],"line":63},"13":{"loc":{"start":{"line":63,"column":75},"end":{"line":63,"column":86}},"type":"default-arg","locations":[{"start":{"line":63,"column":82},"end":{"line":63,"column":86}}],"line":63},"14":{"loc":{"start":{"line":66,"column":22},"end":{"line":66,"column":93}},"type":"cond-expr","locations":[{"start":{"line":66,"column":29},"end":{"line":66,"column":86}},{"start":{"line":66,"column":89},"end":{"line":66,"column":93}}],"line":66},"15":{"loc":{"start":{"line":68,"column":4},"end":{"line":70,"column":5}},"type":"if","locations":[{"start":{"line":68,"column":4},"end":{"line":70,"column":5}},{"start":{"line":68,"column":4},"end":{"line":70,"column":5}}],"line":68},"16":{"loc":{"start":{"line":68,"column":8},"end":{"line":68,"column":26}},"type":"binary-expr","locations":[{"start":{"line":68,"column":8},"end":{"line":68,"column":12}},{"start":{"line":68,"column":16},"end":{"line":68,"column":26}}],"line":68},"17":{"loc":{"start":{"line":91,"column":28},"end":{"line":91,"column":39}},"type":"default-arg","locations":[{"start":{"line":91,"column":36},"end":{"line":91,"column":39}}],"line":91},"18":{"loc":{"start":{"line":107,"column":17},"end":{"line":107,"column":37}},"type":"binary-expr","locations":[{"start":{"line":107,"column":17},"end":{"line":107,"column":29}},{"start":{"line":107,"column":33},"end":{"line":107,"column":37}}],"line":107},"19":{"loc":{"start":{"line":108,"column":17},"end":{"line":108,"column":37}},"type":"binary-expr","locations":[{"start":{"line":108,"column":17},"end":{"line":108,"column":29}},{"start":{"line":108,"column":33},"end":{"line":108,"column":37}}],"line":108},"20":{"loc":{"start":{"line":115,"column":35},"end":{"line":115,"column":44}},"type":"default-arg","locations":[{"start":{"line":115,"column":43},"end":{"line":115,"column":44}}],"line":115},"21":{"loc":{"start":{"line":132,"column":18},"end":{"line":132,"column":61}},"type":"cond-expr","locations":[{"start":{"line":132,"column":33},"end":{"line":132,"column":56}},{"start":{"line":132,"column":59},"end":{"line":132,"column":61}}],"line":132},"22":{"loc":{"start":{"line":155,"column":27},"end":{"line":155,"column":84}},"type":"binary-expr","locations":[{"start":{"line":155,"column":27},"end":{"line":155,"column":45}},{"start":{"line":155,"column":49},"end":{"line":155,"column":79}},{"start":{"line":155,"column":83},"end":{"line":155,"column":84}}],"line":155},"23":{"loc":{"start":{"line":156,"column":26},"end":{"line":156,"column":82}},"type":"binary-expr","locations":[{"start":{"line":156,"column":26},"end":{"line":156,"column":44}},{"start":{"line":156,"column":48},"end":{"line":156,"column":77}},{"start":{"line":156,"column":81},"end":{"line":156,"column":82}}],"line":156},"24":{"loc":{"start":{"line":161,"column":29},"end":{"line":161,"column":46}},"type":"default-arg","locations":[{"start":{"line":161,"column":41},"end":{"line":161,"column":46}}],"line":161},"25":{"loc":{"start":{"line":169,"column":20},"end":{"line":169,"column":101}},"type":"cond-expr","locations":[{"start":{"line":169,"column":62},"end":{"line":169,"column":94}},{"start":{"line":169,"column":97},"end":{"line":169,"column":101}}],"line":169},"26":{"loc":{"start":{"line":169,"column":20},"end":{"line":169,"column":59}},"type":"binary-expr","locations":[{"start":{"line":169,"column":20},"end":{"line":169,"column":33}},{"start":{"line":169,"column":37},"end":{"line":169,"column":59}}],"line":169},"27":{"loc":{"start":{"line":170,"column":4},"end":{"line":175,"column":5}},"type":"if","locations":[{"start":{"line":170,"column":4},"end":{"line":175,"column":5}},{"start":{"line":170,"column":4},"end":{"line":175,"column":5}}],"line":170},"28":{"loc":{"start":{"line":174,"column":6},"end":{"line":174,"column":128}},"type":"if","locations":[{"start":{"line":174,"column":6},"end":{"line":174,"column":128}},{"start":{"line":174,"column":6},"end":{"line":174,"column":128}}],"line":174},"29":{"loc":{"start":{"line":177,"column":4},"end":{"line":180,"column":5}},"type":"if","locations":[{"start":{"line":177,"column":4},"end":{"line":180,"column":5}},{"start":{"line":177,"column":4},"end":{"line":180,"column":5}}],"line":177},"30":{"loc":{"start":{"line":194,"column":4},"end":{"line":196,"column":5}},"type":"if","locations":[{"start":{"line":194,"column":4},"end":{"line":196,"column":5}},{"start":{"line":194,"column":4},"end":{"line":196,"column":5}}],"line":194},"31":{"loc":{"start":{"line":201,"column":4},"end":{"line":204,"column":5}},"type":"if","locations":[{"start":{"line":201,"column":4},"end":{"line":204,"column":5}},{"start":{"line":201,"column":4},"end":{"line":204,"column":5}}],"line":201},"32":{"loc":{"start":{"line":205,"column":4},"end":{"line":208,"column":5}},"type":"if","locations":[{"start":{"line":205,"column":4},"end":{"line":208,"column":5}},{"start":{"line":205,"column":4},"end":{"line":208,"column":5}}],"line":205},"33":{"loc":{"start":{"line":209,"column":4},"end":{"line":212,"column":5}},"type":"if","locations":[{"start":{"line":209,"column":4},"end":{"line":212,"column":5}},{"start":{"line":209,"column":4},"end":{"line":212,"column":5}}],"line":209},"34":{"loc":{"start":{"line":214,"column":4},"end":{"line":216,"column":5}},"type":"if","locations":[{"start":{"line":214,"column":4},"end":{"line":216,"column":5}},{"start":{"line":214,"column":4},"end":{"line":216,"column":5}}],"line":214},"35":{"loc":{"start":{"line":243,"column":4},"end":{"line":250,"column":5}},"type":"if","locations":[{"start":{"line":243,"column":4},"end":{"line":250,"column":5}},{"start":{"line":243,"column":4},"end":{"line":250,"column":5}}],"line":243},"36":{"loc":{"start":{"line":243,"column":8},"end":{"line":243,"column":41}},"type":"binary-expr","locations":[{"start":{"line":243,"column":8},"end":{"line":243,"column":19}},{"start":{"line":243,"column":23},"end":{"line":243,"column":41}}],"line":243},"37":{"loc":{"start":{"line":246,"column":8},"end":{"line":246,"column":40}},"type":"if","locations":[{"start":{"line":246,"column":8},"end":{"line":246,"column":40}},{"start":{"line":246,"column":8},"end":{"line":246,"column":40}}],"line":246},"38":{"loc":{"start":{"line":256,"column":4},"end":{"line":258,"column":5}},"type":"if","locations":[{"start":{"line":256,"column":4},"end":{"line":258,"column":5}},{"start":{"line":256,"column":4},"end":{"line":258,"column":5}}],"line":256}},"s":{"0":0,"1":0,"2":0,"3":0,"4":0,"5":0,"6":0,"7":0,"8":0,"9":0,"10":0,"11":0,"12":0,"13":0,"14":0,"15":0,"16":0,"17":0,"18":0,"19":0,"20":0,"21":0,"22":0,"23":0,"24":0,"25":0,"26":0,"27":0,"28":0,"29":0,"30":0,"31":0,"32":0,"33":0,"34":0,"35":0,"36":0,"37":0,"38":0,"39":0,"40":0,"41":0,"42":0,"43":0,"44":0,"45":0,"46":0,"47":0,"48":0,"49":0,"50":0,"51":0,"52":0,"53":0,"54":0,"55":0,"56":0,"57":0,"58":0,"59":0,"60":0,"61":0,"62":0,"63":0,"64":0,"65":0,"66":0,"67":0,"68":0,"69":0,"70":0,"71":0,"72":0,"73":0,"74":0,"75":0,"76":0,"77":0,"78":0,"79":0,"80":0,"81":0,"82":0,"83":0,"84":0,"85":0,"86":0,"87":0,"88":0,"89":0,"90":0,"91":0,"92":0,"93":0,"94":0,"95":0},"f":{"0":0,"1":0,"2":0,"3":0,"4":0,"5":0,"6":0,"7":0,"8":0,"9":0,"10":0,"11":0,"12":0,"13":0,"14":0},"b":{"0":[0,0],"1":[0,0],"2":[0,0],"3":[0,0],"4":[0,0],"5":[0,0],"6":[0,0],"7":[0,0],"8":[0,0],"9":[0,0],"10":[0,0],"11":[0],"12":[0],"13":[0],"14":[0,0],"15":[0,0],"16":[0,0],"17":[0],"18":[0,0],"19":[0,0],"20":[0],"21":[0,0],"22":[0,0,0],"23":[0,0,0],"24":[0],"25":[0,0],"26":[0,0],"27":[0,0],"28":[0,0],"29":[0,0],"30":[0,0],"31":[0,0],"32":[0,0],"33":[0,0],"34":[0,0],"35":[0,0],"36":[0,0],"37":[0,0],"38":[0,0]}}
}
