TN:
SF:C:\Users\ytang\OneDrive\Desktop\elai\backend\controllers\adminController.js
FN:10,(anonymous_0)
FN:19,(anonymous_1)
FN:28,(anonymous_2)
FN:39,(anonymous_3)
FN:55,(anonymous_4)
FNF:5
FNH:0
FNDA:0,(anonymous_0)
FNDA:0,(anonymous_1)
FNDA:0,(anonymous_2)
FNDA:0,(anonymous_3)
FNDA:0,(anonymous_4)
DA:6,0
DA:7,0
DA:11,0
DA:12,0
DA:13,0
DA:15,0
DA:20,0
DA:21,0
DA:22,0
DA:24,0
DA:29,0
DA:30,0
DA:31,0
DA:32,0
DA:33,0
DA:35,0
DA:40,0
DA:41,0
DA:42,0
DA:43,0
DA:46,0
DA:47,0
DA:48,0
DA:49,0
DA:51,0
DA:56,0
DA:57,0
DA:58,0
DA:60,0
DA:65,0
LF:30
LH:0
BRDA:42,0,0,0
BRDA:42,0,1,0
BRF:2
BRH:0
end_of_record
TN:
SF:C:\Users\ytang\OneDrive\Desktop\elai\backend\controllers\billingController.js
FN:5,(anonymous_0)
FN:14,(anonymous_1)
FN:23,(anonymous_2)
FN:35,(anonymous_3)
FN:47,(anonymous_4)
FN:56,(anonymous_5)
FN:65,(anonymous_6)
FN:78,(anonymous_7)
FN:87,(anonymous_8)
FN:101,(anonymous_9)
FNF:10
FNH:0
FNDA:0,(anonymous_0)
FNDA:0,(anonymous_1)
FNDA:0,(anonymous_2)
FNDA:0,(anonymous_3)
FNDA:0,(anonymous_4)
FNDA:0,(anonymous_5)
FNDA:0,(anonymous_6)
FNDA:0,(anonymous_7)
FNDA:0,(anonymous_8)
FNDA:0,(anonymous_9)
DA:1,0
DA:2,0
DA:6,0
DA:7,0
DA:8,0
DA:10,0
DA:15,0
DA:16,0
DA:17,0
DA:19,0
DA:24,0
DA:25,0
DA:28,0
DA:29,0
DA:31,0
DA:36,0
DA:37,0
DA:40,0
DA:41,0
DA:43,0
DA:48,0
DA:49,0
DA:50,0
DA:52,0
DA:57,0
DA:58,0
DA:59,0
DA:61,0
DA:66,0
DA:67,0
DA:68,0
DA:69,0
DA:71,0
DA:72,0
DA:74,0
DA:79,0
DA:80,0
DA:81,0
DA:83,0
DA:88,0
DA:89,0
DA:95,0
DA:97,0
DA:102,0
DA:103,0
DA:109,0
DA:111,0
DA:116,0
LF:48
LH:0
BRDA:25,0,0,0
BRDA:25,0,1,0
BRDA:28,1,0,0
BRDA:28,1,1,0
BRDA:37,2,0,0
BRDA:37,2,1,0
BRDA:40,3,0,0
BRDA:40,3,1,0
BRDA:68,4,0,0
BRDA:68,4,1,0
BRDA:80,5,0,0
BRDA:80,5,1,0
BRDA:93,6,0,0
BRDA:93,6,1,0
BRDA:107,7,0,0
BRDA:107,7,1,0
BRF:16
BRH:0
end_of_record
TN:
SF:C:\Users\ytang\OneDrive\Desktop\elai\backend\controllers\guideController.js
FN:11,(anonymous_0)
FN:25,(anonymous_1)
FN:38,(anonymous_2)
FN:52,(anonymous_3)
FN:64,(anonymous_4)
FNF:5
FNH:0
FNDA:0,(anonymous_0)
FNDA:0,(anonymous_1)
FNDA:0,(anonymous_2)
FNDA:0,(anonymous_3)
FNDA:0,(anonymous_4)
DA:6,0
DA:7,0
DA:8,0
DA:12,0
DA:13,0
DA:17,0
DA:18,0
DA:19,0
DA:21,0
DA:26,0
DA:27,0
DA:28,0
DA:29,0
DA:30,0
DA:34,0
DA:39,0
DA:40,0
DA:41,0
DA:42,0
DA:45,0
DA:46,0
DA:48,0
DA:53,0
DA:54,0
DA:55,0
DA:56,0
DA:60,0
DA:65,0
DA:66,0
DA:67,0
DA:68,0
DA:70,0
DA:75,0
LF:33
LH:0
BRDA:14,0,0,0
BRDA:14,0,1,0
BRDA:15,1,0,0
BRDA:15,1,1,0
BRDA:17,2,0,0
BRDA:17,2,1,0
BRDA:18,3,0,0
BRDA:18,3,1,0
BRDA:28,4,0,0
BRDA:28,4,1,0
BRDA:29,5,0,0
BRDA:29,5,1,0
BRDA:41,6,0,0
BRDA:41,6,1,0
BRF:14
BRH:0
end_of_record
TN:
SF:C:\Users\ytang\OneDrive\Desktop\elai\backend\controllers\hairAiController.js
FN:4,(anonymous_0)
FNF:1
FNH:0
FNDA:0,(anonymous_0)
DA:1,0
DA:5,0
DA:6,0
DA:7,0
DA:8,0
DA:11,0
DA:12,0
DA:14,0
DA:19,0
LF:9
LH:0
BRDA:7,0,0,0
BRDA:7,0,1,0
BRF:2
BRH:0
end_of_record
TN:
SF:C:\Users\ytang\OneDrive\Desktop\elai\backend\controllers\notificationController.js
FN:4,(anonymous_0)
FN:14,(anonymous_1)
FN:23,(anonymous_2)
FNF:3
FNH:0
FNDA:0,(anonymous_0)
FNDA:0,(anonymous_1)
FNDA:0,(anonymous_2)
DA:1,0
DA:5,0
DA:6,0
DA:7,0
DA:8,0
DA:10,0
DA:15,0
DA:16,0
DA:17,0
DA:19,0
DA:24,0
DA:25,0
DA:26,0
DA:28,0
DA:33,0
LF:15
LH:0
BRDA:6,0,0,0
BRDA:6,0,1,0
BRF:2
BRH:0
end_of_record
TN:
SF:C:\Users\ytang\OneDrive\Desktop\elai\backend\controllers\productController.js
FN:10,(anonymous_0)
FN:20,(anonymous_1)
FN:32,(anonymous_2)
FN:41,(anonymous_3)
FN:55,(anonymous_4)
FN:67,(anonymous_5)
FNF:6
FNH:0
FNDA:0,(anonymous_0)
FNDA:0,(anonymous_1)
FNDA:0,(anonymous_2)
FNDA:0,(anonymous_3)
FNDA:0,(anonymous_4)
FNDA:0,(anonymous_5)
DA:6,0
DA:7,0
DA:11,0
DA:12,0
DA:13,0
DA:14,0
DA:16,0
DA:21,0
DA:22,0
DA:23,0
DA:24,0
DA:28,0
DA:33,0
DA:34,0
DA:35,0
DA:37,0
DA:42,0
DA:43,0
DA:44,0
DA:45,0
DA:48,0
DA:49,0
DA:51,0
DA:56,0
DA:57,0
DA:58,0
DA:59,0
DA:63,0
DA:68,0
DA:69,0
DA:70,0
DA:71,0
DA:73,0
DA:78,0
LF:34
LH:0
BRDA:12,0,0,0
BRDA:12,0,1,0
BRDA:44,1,0,0
BRDA:44,1,1,0
BRF:4
BRH:0
end_of_record
TN:
SF:C:\Users\ytang\OneDrive\Desktop\elai\backend\controllers\recommendationController.js
FN:13,(anonymous_0)
FN:59,(anonymous_1)
FN:89,(anonymous_2)
FNF:3
FNH:0
FNDA:0,(anonymous_0)
FNDA:0,(anonymous_1)
FNDA:0,(anonymous_2)
DA:6,0
DA:7,0
DA:14,0
DA:15,0
DA:21,0
DA:22,0
DA:27,0
DA:28,0
DA:34,0
DA:35,0
DA:37,0
DA:45,0
DA:50,0
DA:52,0
DA:60,0
DA:61,0
DA:63,0
DA:64,0
DA:70,0
DA:75,0
DA:80,0
DA:82,0
DA:90,0
DA:91,0
DA:92,0
DA:94,0
DA:99,0
LF:27
LH:0
BRDA:16,0,0,0
BRDA:16,0,1,0
BRDA:16,0,2,0
BRDA:17,1,0,0
BRDA:17,1,1,0
BRDA:17,1,2,0
BRDA:27,2,0,0
BRDA:27,2,1,0
BRDA:35,3,0,0
BRDA:35,3,1,0
BRDA:47,4,0,0
BRDA:47,4,1,0
BRDA:63,5,0,0
BRDA:63,5,1,0
BRDA:63,6,0,0
BRDA:63,6,1,0
BRDA:63,6,2,0
BRDA:63,6,3,0
BRDA:70,7,0,0
BRDA:70,7,1,0
BRF:20
BRH:0
end_of_record
TN:
SF:C:\Users\ytang\OneDrive\Desktop\elai\backend\controllers\routineController.js
FN:11,(anonymous_0)
FN:39,(anonymous_1)
FN:55,(anonymous_2)
FN:65,(anonymous_3)
FN:75,(anonymous_4)
FN:88,(anonymous_5)
FN:98,(anonymous_6)
FN:108,(anonymous_7)
FNF:8
FNH:0
FNDA:0,(anonymous_0)
FNDA:0,(anonymous_1)
FNDA:0,(anonymous_2)
FNDA:0,(anonymous_3)
FNDA:0,(anonymous_4)
FNDA:0,(anonymous_5)
FNDA:0,(anonymous_6)
FNDA:0,(anonymous_7)
DA:6,0
DA:7,0
DA:8,0
DA:12,0
DA:13,0
DA:14,0
DA:15,0
DA:16,0
DA:18,0
DA:19,0
DA:21,0
DA:22,0
DA:25,0
DA:33,0
DA:35,0
DA:40,0
DA:41,0
DA:42,0
DA:43,0
DA:46,0
DA:47,0
DA:49,0
DA:51,0
DA:56,0
DA:57,0
DA:58,0
DA:59,0
DA:61,0
DA:66,0
DA:67,0
DA:68,0
DA:69,0
DA:71,0
DA:76,0
DA:77,0
DA:78,0
DA:79,0
DA:81,0
DA:82,0
DA:84,0
DA:89,0
DA:90,0
DA:91,0
DA:92,0
DA:94,0
DA:99,0
DA:100,0
DA:101,0
DA:102,0
DA:104,0
DA:109,0
DA:110,0
DA:111,0
DA:112,0
DA:114,0
DA:119,0
LF:56
LH:0
BRDA:13,0,0,0
BRDA:13,0,1,0
BRDA:14,1,0,0
BRDA:14,1,1,0
BRDA:15,2,0,0
BRDA:15,2,1,0
BRDA:16,3,0,0
BRDA:16,3,1,0
BRDA:18,4,0,0
BRDA:18,4,1,0
BRDA:21,5,0,0
BRDA:21,5,1,0
BRDA:30,6,0,0
BRDA:30,6,1,0
BRDA:42,7,0,0
BRDA:42,7,1,0
BRDA:57,8,0,0
BRDA:57,8,1,0
BRDA:67,9,0,0
BRDA:67,9,1,0
BRDA:78,10,0,0
BRDA:78,10,1,0
BRDA:92,11,0,0
BRDA:92,11,1,0
BRF:24
BRH:0
end_of_record
TN:
SF:C:\Users\ytang\OneDrive\Desktop\elai\backend\middleware\auth.js
FN:13,getTestUser
FN:26,optionalAuth
FN:72,requireAuth
FN:92,requireAdmin
FN:109,signToken
FN:121,requireSellerOrAdmin
FNF:6
FNH:0
FNDA:0,getTestUser
FNDA:0,optionalAuth
FNDA:0,requireAuth
FNDA:0,requireAdmin
FNDA:0,signToken
FNDA:0,requireSellerOrAdmin
DA:6,0
DA:7,0
DA:9,0
DA:10,0
DA:11,0
DA:14,0
DA:28,0
DA:29,0
DA:30,0
DA:33,0
DA:34,0
DA:35,0
DA:36,0
DA:39,0
DA:40,0
DA:41,0
DA:42,0
DA:50,0
DA:51,0
DA:52,0
DA:55,0
DA:62,0
DA:64,0
DA:65,0
DA:74,0
DA:75,0
DA:76,0
DA:78,0
DA:81,0
DA:82,0
DA:86,0
DA:93,0
DA:94,0
DA:98,0
DA:99,0
DA:103,0
DA:110,0
DA:113,0
DA:122,0
DA:123,0
DA:125,0
DA:126,0
DA:128,0
DA:131,0
LF:44
LH:0
BRDA:9,0,0,0
BRDA:9,0,1,0
BRDA:10,1,0,0
BRDA:10,1,1,0
BRDA:28,2,0,0
BRDA:28,2,1,0
BRDA:34,3,0,0
BRDA:34,3,1,0
BRDA:34,4,0,0
BRDA:34,4,1,0
BRDA:50,5,0,0
BRDA:50,5,1,0
BRDA:74,6,0,0
BRDA:74,6,1,0
BRDA:75,7,0,0
BRDA:75,7,1,0
BRDA:81,8,0,0
BRDA:81,8,1,0
BRDA:93,9,0,0
BRDA:93,9,1,0
BRDA:98,10,0,0
BRDA:98,10,1,0
BRDA:122,11,0,0
BRDA:122,11,1,0
BRDA:125,12,0,0
BRDA:125,12,1,0
BRDA:125,13,0,0
BRDA:125,13,1,0
BRF:28
BRH:0
end_of_record
TN:
SF:C:\Users\ytang\OneDrive\Desktop\elai\backend\middleware\validation.js
FNF:0
FNH:0
DA:6,0
DA:8,0
DA:14,0
DA:19,0
DA:23,0
DA:28,0
DA:33,0
DA:39,0
DA:66,0
DA:75,0
DA:81,0
DA:85,0
DA:89,0
DA:93,0
LF:14
LH:0
BRF:0
BRH:0
end_of_record
TN:
SF:C:\Users\ytang\OneDrive\Desktop\elai\backend\routes\admin.js
FN:8,(anonymous_0)
FN:25,(anonymous_1)
FN:29,(anonymous_2)
FN:37,(anonymous_3)
FNF:4
FNH:0
FNDA:0,(anonymous_0)
FNDA:0,(anonymous_1)
FNDA:0,(anonymous_2)
FNDA:0,(anonymous_3)
DA:1,0
DA:2,0
DA:3,0
DA:5,0
DA:8,0
DA:9,0
DA:10,0
DA:11,0
DA:12,0
DA:20,0
DA:25,0
DA:26,0
DA:27,0
DA:28,0
DA:29,0
DA:30,0
DA:32,0
DA:37,0
DA:38,0
DA:39,0
DA:40,0
DA:41,0
DA:42,0
DA:43,0
DA:45,0
DA:49,0
LF:26
LH:0
BRDA:40,0,0,0
BRDA:40,0,1,0
BRDA:41,1,0,0
BRDA:41,1,1,0
BRF:4
BRH:0
end_of_record
TN:
SF:C:\Users\ytang\OneDrive\Desktop\elai\backend\routes\adminRoutes.js
FNF:0
FNH:0
DA:6,0
DA:7,0
DA:8,0
DA:9,0
DA:10,0
DA:12,0
DA:13,0
DA:14,0
DA:15,0
DA:18,0
DA:20,0
LF:11
LH:0
BRF:0
BRH:0
end_of_record
TN:
SF:C:\Users\ytang\OneDrive\Desktop\elai\backend\routes\assessmentRoutes.js
FNF:0
FNH:0
DA:6,0
DA:7,0
DA:8,0
DA:9,0
DA:10,0
DA:12,0
DA:13,0
DA:14,0
DA:15,0
DA:17,0
LF:10
LH:0
BRF:0
BRH:0
end_of_record
TN:
SF:C:\Users\ytang\OneDrive\Desktop\elai\backend\routes\assessments.js
FN:8,(anonymous_0)
FN:18,(anonymous_1)
FN:29,(anonymous_2)
FN:50,(anonymous_3)
FN:59,(anonymous_4)
FN:61,(anonymous_5)
FN:75,(anonymous_6)
FN:87,(anonymous_7)
FN:88,(anonymous_8)
FN:91,(anonymous_9)
FN:115,(anonymous_10)
FN:138,(anonymous_11)
FNF:12
FNH:0
FNDA:0,(anonymous_0)
FNDA:0,(anonymous_1)
FNDA:0,(anonymous_2)
FNDA:0,(anonymous_3)
FNDA:0,(anonymous_4)
FNDA:0,(anonymous_5)
FNDA:0,(anonymous_6)
FNDA:0,(anonymous_7)
FNDA:0,(anonymous_8)
FNDA:0,(anonymous_9)
FNDA:0,(anonymous_10)
FNDA:0,(anonymous_11)
DA:1,0
DA:2,0
DA:3,0
DA:5,0
DA:8,0
DA:9,0
DA:10,0
DA:11,0
DA:13,0
DA:18,0
DA:19,0
DA:20,0
DA:21,0
DA:22,0
DA:24,0
DA:29,0
DA:30,0
DA:31,0
DA:32,0
DA:33,0
DA:34,0
DA:36,0
DA:37,0
DA:39,0
DA:43,0
DA:45,0
DA:50,0
DA:51,0
DA:52,0
DA:53,0
DA:54,0
DA:56,0
DA:57,0
DA:58,0
DA:59,0
DA:60,0
DA:61,0
DA:62,0
DA:63,0
DA:64,0
DA:65,0
DA:69,0
DA:70,0
DA:71,0
DA:72,0
DA:73,0
DA:74,0
DA:75,0
DA:77,0
DA:78,0
DA:82,0
DA:85,0
DA:86,0
DA:87,0
DA:88,0
DA:89,0
DA:90,0
DA:91,0
DA:92,0
DA:95,0
DA:96,0
DA:99,0
DA:100,0
DA:104,0
DA:110,0
DA:115,0
DA:116,0
DA:117,0
DA:119,0
DA:120,0
DA:121,0
DA:123,0
DA:124,0
DA:126,0
DA:127,0
DA:131,0
DA:133,0
DA:138,0
DA:139,0
DA:140,0
DA:141,0
DA:143,0
DA:147,0
LF:83
LH:0
BRDA:33,0,0,0
BRDA:33,0,1,0
BRDA:33,1,0,0
BRDA:33,1,1,0
BRDA:37,2,0,0
BRDA:37,2,1,0
BRDA:41,3,0,0
BRDA:41,3,1,0
BRDA:54,4,0,0
BRDA:54,4,1,0
BRDA:69,5,0,0
BRDA:69,5,1,0
BRDA:69,6,0,0
BRDA:69,6,1,0
BRDA:70,7,0,0
BRDA:70,7,1,0
BRDA:71,8,0,0
BRDA:71,8,1,0
BRDA:72,9,0,0
BRDA:72,9,1,0
BRDA:73,10,0,0
BRDA:73,10,1,0
BRDA:73,11,0,0
BRDA:73,11,1,0
BRDA:73,12,0,0
BRDA:73,12,1,0
BRDA:74,13,0,0
BRDA:74,13,1,0
BRDA:80,14,0,0
BRDA:80,14,1,0
BRDA:90,15,0,0
BRDA:90,15,1,0
BRDA:91,16,0,0
BRDA:91,16,1,0
BRDA:91,17,0,0
BRDA:91,17,1,0
BRDA:107,18,0,0
BRDA:107,18,1,0
BRDA:117,19,0,0
BRDA:117,19,1,0
BRDA:119,20,0,0
BRDA:119,20,1,0
BRDA:121,21,0,0
BRDA:121,21,1,0
BRDA:124,22,0,0
BRDA:124,22,1,0
BRDA:126,23,0,0
BRDA:126,23,1,0
BRF:48
BRH:0
end_of_record
TN:
SF:C:\Users\ytang\OneDrive\Desktop\elai\backend\routes\auth.js
FN:16,(anonymous_0)
FN:48,(anonymous_1)
FN:56,(anonymous_2)
FN:85,(anonymous_3)
FN:104,(anonymous_4)
FNF:5
FNH:0
FNDA:0,(anonymous_0)
FNDA:0,(anonymous_1)
FNDA:0,(anonymous_2)
FNDA:0,(anonymous_3)
FNDA:0,(anonymous_4)
DA:1,0
DA:2,0
DA:3,0
DA:4,0
DA:5,0
DA:7,0
DA:10,0
DA:17,0
DA:18,0
DA:19,0
DA:21,0
DA:25,0
DA:26,0
DA:28,0
DA:29,0
DA:30,0
DA:32,0
DA:33,0
DA:34,0
DA:36,0
DA:37,0
DA:42,0
DA:48,0
DA:49,0
DA:53,0
DA:57,0
DA:58,0
DA:59,0
DA:61,0
DA:62,0
DA:63,0
DA:64,0
DA:65,0
DA:68,0
DA:73,0
DA:79,0
DA:86,0
DA:87,0
DA:88,0
DA:90,0
DA:91,0
DA:92,0
DA:94,0
DA:95,0
DA:96,0
DA:98,0
DA:104,0
DA:105,0
DA:116,0
LF:49
LH:0
BRDA:19,0,0,0
BRDA:19,0,1,0
BRDA:25,1,0,0
BRDA:25,1,1,0
BRDA:29,2,0,0
BRDA:29,2,1,0
BRDA:33,3,0,0
BRDA:33,3,1,0
BRDA:59,4,0,0
BRDA:59,4,1,0
BRDA:62,5,0,0
BRDA:62,5,1,0
BRDA:64,6,0,0
BRDA:64,6,1,0
BRDA:70,7,0,0
BRDA:70,7,1,0
BRDA:88,8,0,0
BRDA:88,8,1,0
BRDA:91,9,0,0
BRDA:91,9,1,0
BRF:20
BRH:0
end_of_record
TN:
SF:C:\Users\ytang\OneDrive\Desktop\elai\backend\routes\authRoutes.js
FNF:0
FNH:0
DA:6,0
DA:7,0
DA:8,0
DA:9,0
DA:11,0
DA:12,0
DA:13,0
DA:14,0
DA:15,0
DA:18,0
DA:19,0
DA:20,0
DA:22,0
LF:13
LH:0
BRF:0
BRH:0
end_of_record
TN:
SF:C:\Users\ytang\OneDrive\Desktop\elai\backend\routes\billingRoutes.js
FN:8,(anonymous_0)
FN:9,(anonymous_1)
FN:10,(anonymous_2)
FN:13,(anonymous_3)
FN:16,(anonymous_4)
FN:19,(anonymous_5)
FN:22,(anonymous_6)
FN:24,(anonymous_7)
FN:25,(anonymous_8)
FN:28,(anonymous_9)
FNF:10
FNH:0
FNDA:0,(anonymous_0)
FNDA:0,(anonymous_1)
FNDA:0,(anonymous_2)
FNDA:0,(anonymous_3)
FNDA:0,(anonymous_4)
FNDA:0,(anonymous_5)
FNDA:0,(anonymous_6)
FNDA:0,(anonymous_7)
FNDA:0,(anonymous_8)
FNDA:0,(anonymous_9)
DA:1,0
DA:2,0
DA:3,0
DA:4,0
DA:6,0
DA:8,0
DA:9,0
DA:10,0
DA:11,0
DA:13,0
DA:14,0
DA:16,0
DA:17,0
DA:19,0
DA:20,0
DA:22,0
DA:24,0
DA:25,0
DA:26,0
DA:28,0
DA:29,0
DA:32,0
LF:22
LH:0
BRF:0
BRH:0
end_of_record
TN:
SF:C:\Users\ytang\OneDrive\Desktop\elai\backend\routes\consultationRoutes.js
FN:9,(anonymous_0)
FN:10,(anonymous_1)
FN:11,(anonymous_2)
FN:12,(anonymous_3)
FN:17,(anonymous_4)
FNF:5
FNH:0
FNDA:0,(anonymous_0)
FNDA:0,(anonymous_1)
FNDA:0,(anonymous_2)
FNDA:0,(anonymous_3)
FNDA:0,(anonymous_4)
DA:1,0
DA:2,0
DA:3,0
DA:4,0
DA:6,0
DA:9,0
DA:10,0
DA:11,0
DA:12,0
DA:13,0
DA:17,0
DA:20,0
LF:12
LH:0
BRF:0
BRH:0
end_of_record
TN:
SF:C:\Users\ytang\OneDrive\Desktop\elai\backend\routes\guideRoutes.js
FNF:0
FNH:0
DA:6,0
DA:7,0
DA:8,0
DA:9,0
DA:10,0
DA:13,0
DA:14,0
DA:17,0
DA:18,0
DA:19,0
DA:20,0
DA:22,0
LF:12
LH:0
BRF:0
BRH:0
end_of_record
TN:
SF:C:\Users\ytang\OneDrive\Desktop\elai\backend\routes\guides.js
FN:8,(anonymous_0)
FN:20,(anonymous_1)
FN:40,(anonymous_2)
FN:58,(anonymous_3)
FN:81,(anonymous_4)
FNF:5
FNH:0
FNDA:0,(anonymous_0)
FNDA:0,(anonymous_1)
FNDA:0,(anonymous_2)
FNDA:0,(anonymous_3)
FNDA:0,(anonymous_4)
DA:1,0
DA:2,0
DA:3,0
DA:5,0
DA:8,0
DA:9,0
DA:10,0
DA:13,0
DA:15,0
DA:20,0
DA:21,0
DA:22,0
DA:23,0
DA:24,0
DA:28,0
DA:29,0
DA:30,0
DA:31,0
DA:33,0
DA:35,0
DA:40,0
DA:41,0
DA:42,0
DA:43,0
DA:44,0
DA:45,0
DA:49,0
DA:50,0
DA:52,0
DA:53,0
DA:58,0
DA:59,0
DA:60,0
DA:61,0
DA:62,0
DA:63,0
DA:64,0
DA:65,0
DA:66,0
DA:67,0
DA:68,0
DA:69,0
DA:70,0
DA:71,0
DA:72,0
DA:73,0
DA:74,0
DA:76,0
DA:81,0
DA:82,0
DA:83,0
DA:84,0
DA:85,0
DA:87,0
DA:91,0
LF:55
LH:0
BRDA:25,0,0,0
BRDA:25,0,1,0
BRDA:26,1,0,0
BRDA:26,1,1,0
BRDA:28,2,0,0
BRDA:28,2,1,0
BRDA:30,3,0,0
BRDA:30,3,1,0
BRDA:30,4,0,0
BRDA:30,4,1,0
BRDA:30,4,2,0
BRDA:43,5,0,0
BRDA:43,5,1,0
BRDA:43,6,0,0
BRDA:43,6,1,0
BRDA:43,6,2,0
BRDA:44,7,0,0
BRDA:44,7,1,0
BRDA:44,8,0,0
BRDA:44,8,1,0
BRDA:47,9,0,0
BRDA:47,9,1,0
BRDA:47,10,0,0
BRDA:47,10,1,0
BRDA:52,11,0,0
BRDA:52,11,1,0
BRDA:64,12,0,0
BRDA:64,12,1,0
BRDA:65,13,0,0
BRDA:65,13,1,0
BRDA:66,14,0,0
BRDA:66,14,1,0
BRDA:67,15,0,0
BRDA:67,15,1,0
BRDA:68,16,0,0
BRDA:68,16,1,0
BRDA:68,17,0,0
BRDA:68,17,1,0
BRDA:69,18,0,0
BRDA:69,18,1,0
BRDA:69,19,0,0
BRDA:69,19,1,0
BRDA:70,20,0,0
BRDA:70,20,1,0
BRF:44
BRH:0
end_of_record
TN:
SF:C:\Users\ytang\OneDrive\Desktop\elai\backend\routes\hairAiRoutes.js
FNF:0
FNH:0
DA:6,0
DA:7,0
DA:8,0
DA:9,0
DA:11,0
DA:13,0
LF:6
LH:0
BRF:0
BRH:0
end_of_record
TN:
SF:C:\Users\ytang\OneDrive\Desktop\elai\backend\routes\notificationRoutes.js
FN:7,(anonymous_0)
FN:8,(anonymous_1)
FN:9,(anonymous_2)
FNF:3
FNH:0
FNDA:0,(anonymous_0)
FNDA:0,(anonymous_1)
FNDA:0,(anonymous_2)
DA:1,0
DA:2,0
DA:3,0
DA:5,0
DA:7,0
DA:8,0
DA:9,0
DA:11,0
LF:8
LH:0
BRF:0
BRH:0
end_of_record
TN:
SF:C:\Users\ytang\OneDrive\Desktop\elai\backend\routes\photoRoutes.js
FNF:0
FNH:0
DA:6,0
DA:7,0
DA:8,0
DA:9,0
DA:10,0
DA:12,0
DA:13,0
DA:14,0
DA:15,0
DA:17,0
LF:10
LH:0
BRF:0
BRH:0
end_of_record
TN:
SF:C:\Users\ytang\OneDrive\Desktop\elai\backend\routes\productRoutes.js
FNF:0
FNH:0
DA:7,0
DA:8,0
DA:9,0
DA:10,0
DA:11,0
DA:13,0
DA:14,0
DA:15,0
DA:18,0
DA:19,0
DA:20,0
DA:22,0
LF:12
LH:0
BRF:0
BRH:0
end_of_record
TN:
SF:C:\Users\ytang\OneDrive\Desktop\elai\backend\routes\products.js
FN:8,(anonymous_0)
FN:26,(anonymous_1)
FN:36,(anonymous_2)
FN:51,(anonymous_3)
FN:69,(anonymous_4)
FN:94,(anonymous_5)
FNF:6
FNH:0
FNDA:0,(anonymous_0)
FNDA:0,(anonymous_1)
FNDA:0,(anonymous_2)
FNDA:0,(anonymous_3)
FNDA:0,(anonymous_4)
FNDA:0,(anonymous_5)
DA:1,0
DA:2,0
DA:3,0
DA:5,0
DA:8,0
DA:9,0
DA:10,0
DA:11,0
DA:12,0
DA:13,0
DA:14,0
DA:15,0
DA:17,0
DA:18,0
DA:19,0
DA:21,0
DA:26,0
DA:27,0
DA:28,0
DA:29,0
DA:31,0
DA:36,0
DA:37,0
DA:38,0
DA:39,0
DA:43,0
DA:44,0
DA:46,0
DA:51,0
DA:52,0
DA:53,0
DA:54,0
DA:55,0
DA:56,0
DA:60,0
DA:61,0
DA:63,0
DA:64,0
DA:69,0
DA:70,0
DA:71,0
DA:72,0
DA:73,0
DA:74,0
DA:75,0
DA:76,0
DA:77,0
DA:78,0
DA:79,0
DA:80,0
DA:81,0
DA:82,0
DA:83,0
DA:84,0
DA:85,0
DA:86,0
DA:87,0
DA:89,0
DA:94,0
DA:95,0
DA:96,0
DA:97,0
DA:98,0
DA:100,0
DA:104,0
LF:65
LH:0
BRDA:13,0,0,0
BRDA:13,0,1,0
BRDA:43,1,0,0
BRDA:43,1,1,0
BRDA:54,2,0,0
BRDA:54,2,1,0
BRDA:54,3,0,0
BRDA:54,3,1,0
BRDA:55,4,0,0
BRDA:55,4,1,0
BRDA:55,5,0,0
BRDA:55,5,1,0
BRDA:58,6,0,0
BRDA:58,6,1,0
BRDA:58,7,0,0
BRDA:58,7,1,0
BRDA:58,8,0,0
BRDA:58,8,1,0
BRDA:58,9,0,0
BRDA:58,9,1,0
BRDA:63,10,0,0
BRDA:63,10,1,0
BRDA:75,11,0,0
BRDA:75,11,1,0
BRDA:76,12,0,0
BRDA:76,12,1,0
BRDA:77,13,0,0
BRDA:77,13,1,0
BRDA:78,14,0,0
BRDA:78,14,1,0
BRDA:79,15,0,0
BRDA:79,15,1,0
BRDA:80,16,0,0
BRDA:80,16,1,0
BRDA:80,17,0,0
BRDA:80,17,1,0
BRDA:81,18,0,0
BRDA:81,18,1,0
BRDA:82,19,0,0
BRDA:82,19,1,0
BRDA:82,20,0,0
BRDA:82,20,1,0
BRDA:83,21,0,0
BRDA:83,21,1,0
BRF:44
BRH:0
end_of_record
TN:
SF:C:\Users\ytang\OneDrive\Desktop\elai\backend\routes\profileRoutes.js
FNF:0
FNH:0
DA:6,0
DA:7,0
DA:8,0
DA:9,0
DA:10,0
DA:11,0
DA:13,0
DA:14,0
DA:15,0
DA:16,0
DA:17,0
DA:19,0
LF:12
LH:0
BRF:0
BRH:0
end_of_record
TN:
SF:C:\Users\ytang\OneDrive\Desktop\elai\backend\routes\recommendationRoutes.js
FNF:0
FNH:0
DA:6,0
DA:7,0
DA:8,0
DA:9,0
DA:12,0
DA:13,0
DA:16,0
DA:19,0
DA:21,0
LF:9
LH:0
BRF:0
BRH:0
end_of_record
TN:
SF:C:\Users\ytang\OneDrive\Desktop\elai\backend\routes\routine.js
FN:9,(anonymous_0)
FN:34,(anonymous_1)
FN:52,(anonymous_2)
FN:74,(anonymous_3)
FN:86,(anonymous_4)
FN:97,(anonymous_5)
FNF:6
FNH:0
FNDA:0,(anonymous_0)
FNDA:0,(anonymous_1)
FNDA:0,(anonymous_2)
FNDA:0,(anonymous_3)
FNDA:0,(anonymous_4)
FNDA:0,(anonymous_5)
DA:1,0
DA:2,0
DA:3,0
DA:4,0
DA:6,0
DA:9,0
DA:10,0
DA:11,0
DA:12,0
DA:13,0
DA:14,0
DA:15,0
DA:16,0
DA:17,0
DA:18,0
DA:19,0
DA:21,0
DA:26,0
DA:35,0
DA:36,0
DA:37,0
DA:39,0
DA:43,0
DA:44,0
DA:46,0
DA:52,0
DA:53,0
DA:54,0
DA:55,0
DA:56,0
DA:57,0
DA:58,0
DA:59,0
DA:60,0
DA:61,0
DA:62,0
DA:63,0
DA:64,0
DA:65,0
DA:66,0
DA:67,0
DA:69,0
DA:74,0
DA:75,0
DA:76,0
DA:77,0
DA:78,0
DA:79,0
DA:81,0
DA:86,0
DA:87,0
DA:88,0
DA:89,0
DA:90,0
DA:92,0
DA:97,0
DA:98,0
DA:99,0
DA:100,0
DA:104,0
DA:105,0
DA:107,0
DA:111,0
LF:63
LH:0
BRDA:15,0,0,0
BRDA:15,0,1,0
BRDA:16,1,0,0
BRDA:16,1,1,0
BRDA:37,2,0,0
BRDA:37,2,1,0
BRDA:41,3,0,0
BRDA:41,3,1,0
BRDA:41,4,0,0
BRDA:41,4,1,0
BRDA:57,5,0,0
BRDA:57,5,1,0
BRDA:60,6,0,0
BRDA:60,6,1,0
BRDA:61,7,0,0
BRDA:61,7,1,0
BRDA:62,8,0,0
BRDA:62,8,1,0
BRDA:63,9,0,0
BRDA:63,9,1,0
BRDA:78,10,0,0
BRDA:78,10,1,0
BRDA:89,11,0,0
BRDA:89,11,1,0
BRDA:102,12,0,0
BRDA:102,12,1,0
BRDA:102,13,0,0
BRDA:102,13,1,0
BRF:28
BRH:0
end_of_record
TN:
SF:C:\Users\ytang\OneDrive\Desktop\elai\backend\routes\routineRoutes.js
FNF:0
FNH:0
DA:6,0
DA:7,0
DA:8,0
DA:9,0
DA:10,0
DA:11,0
DA:13,0
DA:14,0
DA:15,0
DA:16,0
DA:17,0
DA:18,0
DA:19,0
DA:20,0
DA:22,0
LF:15
LH:0
BRF:0
BRH:0
end_of_record
TN:
SF:C:\Users\ytang\OneDrive\Desktop\elai\backend\routes\uploads.js
FN:16,(anonymous_0)
FN:17,(anonymous_1)
FN:25,(anonymous_2)
FN:33,(anonymous_3)
FN:43,(anonymous_4)
FN:59,(anonymous_5)
FN:77,(anonymous_6)
FNF:7
FNH:0
FNDA:0,(anonymous_0)
FNDA:0,(anonymous_1)
FNDA:0,(anonymous_2)
FNDA:0,(anonymous_3)
FNDA:0,(anonymous_4)
FNDA:0,(anonymous_5)
FNDA:0,(anonymous_6)
DA:1,0
DA:2,0
DA:3,0
DA:4,0
DA:5,0
DA:6,0
DA:7,0
DA:9,0
DA:11,0
DA:12,0
DA:13,0
DA:15,0
DA:16,0
DA:18,0
DA:19,0
DA:22,0
DA:26,0
DA:27,0
DA:28,0
DA:33,0
DA:34,0
DA:35,0
DA:36,0
DA:38,0
DA:43,0
DA:44,0
DA:45,0
DA:46,0
DA:47,0
DA:51,0
DA:52,0
DA:54,0
DA:59,0
DA:60,0
DA:61,0
DA:62,0
DA:63,0
DA:64,0
DA:65,0
DA:66,0
DA:67,0
DA:68,0
DA:69,0
DA:70,0
DA:72,0
DA:77,0
DA:78,0
DA:79,0
DA:80,0
DA:81,0
DA:82,0
DA:83,0
DA:84,0
DA:85,0
DA:87,0
DA:91,0
LF:56
LH:0
BRDA:18,0,0,0
BRDA:18,0,1,0
BRDA:18,0,2,0
BRDA:27,1,0,0
BRDA:27,1,1,0
BRDA:45,2,0,0
BRDA:45,2,1,0
BRDA:49,3,0,0
BRDA:49,3,1,0
BRDA:49,4,0,0
BRDA:49,4,1,0
BRDA:63,5,0,0
BRDA:63,5,1,0
BRDA:66,6,0,0
BRDA:66,6,1,0
BRDA:68,7,0,0
BRDA:68,7,1,0
BRDA:81,8,0,0
BRDA:81,8,1,0
BRF:19
BRH:0
end_of_record
TN:
SF:C:\Users\ytang\OneDrive\Desktop\elai\backend\routes\users.js
FN:10,(anonymous_0)
FN:29,(anonymous_1)
FN:57,(anonymous_2)
FN:88,(anonymous_3)
FN:124,(anonymous_4)
FNF:5
FNH:0
FNDA:0,(anonymous_0)
FNDA:0,(anonymous_1)
FNDA:0,(anonymous_2)
FNDA:0,(anonymous_3)
FNDA:0,(anonymous_4)
DA:1,0
DA:2,0
DA:3,0
DA:4,0
DA:5,0
DA:7,0
DA:10,0
DA:11,0
DA:12,0
DA:13,0
DA:16,0
DA:18,0
DA:22,0
DA:24,0
DA:29,0
DA:30,0
DA:31,0
DA:32,0
DA:33,0
DA:35,0
DA:39,0
DA:40,0
DA:42,0
DA:47,0
DA:58,0
DA:59,0
DA:60,0
DA:62,0
DA:63,0
DA:64,0
DA:68,0
DA:69,0
DA:71,0
DA:72,0
DA:78,0
DA:89,0
DA:90,0
DA:91,0
DA:93,0
DA:94,0
DA:95,0
DA:98,0
DA:99,0
DA:100,0
DA:101,0
DA:102,0
DA:103,0
DA:104,0
DA:105,0
DA:107,0
DA:108,0
DA:109,0
DA:110,0
DA:111,0
DA:113,0
DA:114,0
DA:120,0
DA:125,0
DA:126,0
DA:127,0
DA:129,0
DA:130,0
DA:131,0
DA:132,0
DA:133,0
DA:135,0
DA:140,0
LF:67
LH:0
BRDA:12,0,0,0
BRDA:12,0,1,0
BRDA:22,1,0,0
BRDA:22,1,1,0
BRDA:32,2,0,0
BRDA:32,2,1,0
BRDA:32,3,0,0
BRDA:32,3,1,0
BRDA:39,4,0,0
BRDA:39,4,1,0
BRDA:60,5,0,0
BRDA:60,5,1,0
BRDA:62,6,0,0
BRDA:62,6,1,0
BRDA:66,7,0,0
BRDA:66,7,1,0
BRDA:66,8,0,0
BRDA:66,8,1,0
BRDA:71,9,0,0
BRDA:71,9,1,0
BRDA:91,10,0,0
BRDA:91,10,1,0
BRDA:94,11,0,0
BRDA:94,11,1,0
BRDA:94,12,0,0
BRDA:94,12,1,0
BRDA:100,13,0,0
BRDA:100,13,1,0
BRDA:101,14,0,0
BRDA:101,14,1,0
BRDA:102,15,0,0
BRDA:102,15,1,0
BRDA:103,16,0,0
BRDA:103,16,1,0
BRDA:104,17,0,0
BRDA:104,17,1,0
BRDA:105,18,0,0
BRDA:105,18,1,0
BRDA:105,19,0,0
BRDA:105,19,1,0
BRDA:107,20,0,0
BRDA:107,20,1,0
BRDA:113,21,0,0
BRDA:113,21,1,0
BRDA:127,22,0,0
BRDA:127,22,1,0
BRDA:132,23,0,0
BRDA:132,23,1,0
BRF:48
BRH:0
end_of_record
TN:
SF:C:\Users\ytang\OneDrive\Desktop\elai\backend\services\adminService.js
FN:10,(anonymous_0)
FN:14,(anonymous_1)
FN:27,(anonymous_2)
FN:36,(anonymous_3)
FN:48,(anonymous_4)
FN:58,(anonymous_5)
FN:72,(anonymous_6)
FN:93,(anonymous_7)
FN:106,(anonymous_8)
FN:107,safeTotal
FNF:10
FNH:0
FNDA:0,(anonymous_0)
FNDA:0,(anonymous_1)
FNDA:0,(anonymous_2)
FNDA:0,(anonymous_3)
FNDA:0,(anonymous_4)
FNDA:0,(anonymous_5)
FNDA:0,(anonymous_6)
FNDA:0,(anonymous_7)
FNDA:0,(anonymous_8)
FNDA:0,safeTotal
DA:6,0
DA:7,0
DA:11,0
DA:15,0
DA:16,0
DA:17,0
DA:21,0
DA:28,0
DA:29,0
DA:36,0
DA:49,0
DA:50,0
DA:58,0
DA:73,0
DA:74,0
DA:81,0
DA:82,0
DA:83,0
DA:86,0
DA:87,0
DA:94,0
DA:95,0
DA:100,0
DA:108,0
DA:109,0
DA:110,0
DA:112,0
DA:113,0
DA:117,0
DA:118,0
DA:119,0
DA:120,0
DA:121,0
DA:123,0
DA:127,0
DA:137,0
LF:36
LH:0
BRDA:15,0,0,0
BRDA:15,0,1,0
BRDA:81,1,0,0
BRDA:81,1,1,0
BRDA:82,2,0,0
BRDA:82,2,1,0
BRDA:86,3,0,0
BRDA:86,3,1,0
BRDA:87,4,0,0
BRDA:87,4,1,0
BRDA:110,5,0,0
BRDA:110,5,1,0
BRDA:110,5,2,0
BRDA:110,5,3,0
BRDA:123,6,0,0
BRDA:123,6,1,0
BRF:16
BRH:0
end_of_record
TN:
SF:C:\Users\ytang\OneDrive\Desktop\elai\backend\services\assessmentService.js
FN:8,normalizeScalarAnswer
FN:19,normalizeIssueEntry
FN:39,(anonymous_2)
FN:55,(anonymous_3)
FN:67,(anonymous_4)
FN:101,(anonymous_5)
FN:117,(anonymous_6)
FN:119,(anonymous_7)
FN:134,(anonymous_8)
FN:137,(anonymous_9)
FN:156,(anonymous_10)
FN:205,(anonymous_11)
FN:208,(anonymous_12)
FN:209,(anonymous_13)
FN:247,(anonymous_14)
FN:255,(anonymous_15)
FNF:16
FNH:0
FNDA:0,normalizeScalarAnswer
FNDA:0,normalizeIssueEntry
FNDA:0,(anonymous_2)
FNDA:0,(anonymous_3)
FNDA:0,(anonymous_4)
FNDA:0,(anonymous_5)
FNDA:0,(anonymous_6)
FNDA:0,(anonymous_7)
FNDA:0,(anonymous_8)
FNDA:0,(anonymous_9)
FNDA:0,(anonymous_10)
FNDA:0,(anonymous_11)
FNDA:0,(anonymous_12)
FNDA:0,(anonymous_13)
FNDA:0,(anonymous_14)
FNDA:0,(anonymous_15)
DA:6,1
DA:9,0
DA:10,0
DA:11,0
DA:12,0
DA:14,0
DA:15,0
DA:16,0
DA:20,0
DA:21,0
DA:22,0
DA:23,0
DA:25,0
DA:26,0
DA:30,1
DA:40,0
DA:41,0
DA:42,0
DA:43,0
DA:45,0
DA:49,0
DA:56,0
DA:57,0
DA:58,0
DA:60,0
DA:63,0
DA:66,0
DA:67,0
DA:68,0
DA:74,0
DA:78,0
DA:79,0
DA:80,0
DA:84,0
DA:85,0
DA:90,0
DA:91,0
DA:102,0
DA:104,0
DA:107,0
DA:108,0
DA:118,0
DA:119,0
DA:120,0
DA:121,0
DA:122,0
DA:123,0
DA:125,0
DA:126,0
DA:128,0
DA:129,0
DA:131,0
DA:132,0
DA:133,0
DA:134,0
DA:135,0
DA:136,0
DA:137,0
DA:139,0
DA:142,0
DA:146,0
DA:147,0
DA:150,0
DA:157,0
DA:158,0
DA:159,0
DA:160,0
DA:161,0
DA:162,0
DA:172,0
DA:177,0
DA:178,0
DA:181,0
DA:182,0
DA:186,0
DA:191,0
DA:193,0
DA:206,0
DA:207,0
DA:208,0
DA:209,0
DA:210,0
DA:211,0
DA:212,0
DA:213,0
DA:222,0
DA:226,0
DA:227,0
DA:229,0
DA:233,0
DA:235,0
DA:248,0
DA:249,0
DA:250,0
DA:251,0
DA:255,0
DA:259,1
LF:97
LH:3
BRDA:9,0,0,0
BRDA:9,0,1,0
BRDA:10,1,0,0
BRDA:10,1,1,0
BRDA:10,2,0,0
BRDA:10,2,1,0
BRDA:10,2,2,0
BRDA:11,3,0,0
BRDA:11,3,1,0
BRDA:12,4,0,0
BRDA:12,4,1,0
BRDA:14,5,0,0
BRDA:14,5,1,0
BRDA:15,6,0,0
BRDA:15,6,1,0
BRDA:15,7,0,0
BRDA:15,7,1,0
BRDA:20,8,0,0
BRDA:20,8,1,0
BRDA:21,9,0,0
BRDA:21,9,1,0
BRDA:21,10,0,0
BRDA:21,10,1,0
BRDA:21,10,2,0
BRDA:22,11,0,0
BRDA:22,11,1,0
BRDA:23,12,0,0
BRDA:23,12,1,0
BRDA:25,13,0,0
BRDA:25,13,1,0
BRDA:25,14,0,0
BRDA:25,14,1,0
BRDA:40,15,0,0
BRDA:40,15,1,0
BRDA:56,16,0,0
BRDA:56,16,1,0
BRDA:57,17,0,0
BRDA:57,17,1,0
BRDA:58,18,0,0
BRDA:58,18,1,0
BRDA:66,19,0,0
BRDA:66,19,1,0
BRDA:66,20,0,0
BRDA:66,20,1,0
BRDA:78,21,0,0
BRDA:78,21,1,0
BRDA:79,22,0,0
BRDA:79,22,1,0
BRDA:84,23,0,0
BRDA:84,23,1,0
BRDA:86,24,0,0
BRDA:86,24,1,0
BRDA:87,25,0,0
BRDA:87,25,1,0
BRDA:88,26,0,0
BRDA:88,26,1,0
BRDA:102,27,0,0
BRDA:102,27,1,0
BRDA:104,28,0,0
BRDA:104,28,1,0
BRDA:104,29,0,0
BRDA:104,29,1,0
BRDA:110,30,0,0
BRDA:110,30,1,0
BRDA:110,31,0,0
BRDA:110,31,1,0
BRDA:123,32,0,0
BRDA:123,32,1,0
BRDA:125,33,0,0
BRDA:125,33,1,0
BRDA:125,34,0,0
BRDA:125,34,1,0
BRDA:126,35,0,0
BRDA:126,35,1,0
BRDA:128,36,0,0
BRDA:128,36,1,0
BRDA:128,37,0,0
BRDA:128,37,1,0
BRDA:128,37,2,0
BRDA:129,38,0,0
BRDA:129,38,1,0
BRDA:131,39,0,0
BRDA:131,39,1,0
BRDA:131,40,0,0
BRDA:131,40,1,0
BRDA:131,40,2,0
BRDA:132,41,0,0
BRDA:132,41,1,0
BRDA:133,42,0,0
BRDA:133,42,1,0
BRDA:135,43,0,0
BRDA:135,43,1,0
BRDA:136,44,0,0
BRDA:136,44,1,0
BRDA:146,45,0,0
BRDA:146,45,1,0
BRDA:146,46,0,0
BRDA:146,46,1,0
BRDA:157,47,0,0
BRDA:157,47,1,0
BRDA:159,48,0,0
BRDA:159,48,1,0
BRDA:160,49,0,0
BRDA:160,49,1,0
BRDA:161,50,0,0
BRDA:161,50,1,0
BRDA:164,51,0,0
BRDA:164,51,1,0
BRDA:165,52,0,0
BRDA:165,52,1,0
BRDA:166,53,0,0
BRDA:166,53,1,0
BRDA:177,54,0,0
BRDA:177,54,1,0
BRDA:181,55,0,0
BRDA:181,55,1,0
BRDA:191,56,0,0
BRDA:191,56,1,0
BRDA:195,57,0,0
BRDA:195,57,1,0
BRDA:196,58,0,0
BRDA:196,58,1,0
BRDA:197,59,0,0
BRDA:197,59,1,0
BRDA:206,60,0,0
BRDA:206,60,1,0
BRDA:210,61,0,0
BRDA:210,61,1,0
BRDA:212,62,0,0
BRDA:212,62,1,0
BRDA:215,63,0,0
BRDA:215,63,1,0
BRDA:216,64,0,0
BRDA:216,64,1,0
BRDA:217,65,0,0
BRDA:217,65,1,0
BRDA:226,66,0,0
BRDA:226,66,1,0
BRDA:233,67,0,0
BRDA:233,67,1,0
BRDA:237,68,0,0
BRDA:237,68,1,0
BRDA:238,69,0,0
BRDA:238,69,1,0
BRDA:239,70,0,0
BRDA:239,70,1,0
BRDA:248,71,0,0
BRDA:248,71,1,0
BRDA:250,72,0,0
BRDA:250,72,1,0
BRDA:250,73,0,0
BRDA:250,73,1,0
BRDA:255,74,0,0
BRDA:255,74,1,0
BRF:154
BRH:0
end_of_record
TN:
SF:C:\Users\ytang\OneDrive\Desktop\elai\backend\services\authService.js
FN:15,(anonymous_0)
FN:33,(anonymous_1)
FN:96,(anonymous_2)
FN:146,(anonymous_3)
FN:171,(anonymous_4)
FNF:5
FNH:0
FNDA:0,(anonymous_0)
FNDA:0,(anonymous_1)
FNDA:0,(anonymous_2)
FNDA:0,(anonymous_3)
FNDA:0,(anonymous_4)
DA:6,0
DA:7,0
DA:8,0
DA:9,0
DA:16,0
DA:17,0
DA:24,0
DA:26,0
DA:35,0
DA:36,0
DA:37,0
DA:38,0
DA:42,0
DA:43,0
DA:45,0
DA:46,0
DA:48,0
DA:50,0
DA:51,0
DA:54,0
DA:55,0
DA:58,0
DA:60,0
DA:66,0
DA:72,0
DA:75,0
DA:76,0
DA:77,0
DA:79,0
DA:89,0
DA:90,0
DA:97,0
DA:100,0
DA:101,0
DA:106,0
DA:112,0
DA:114,0
DA:115,0
DA:118,0
DA:121,0
DA:122,0
DA:125,0
DA:126,0
DA:127,0
DA:130,0
DA:131,0
DA:147,0
DA:148,0
DA:150,0
DA:153,0
DA:154,0
DA:156,0
DA:162,0
DA:172,0
DA:177,0
DA:178,0
DA:181,0
DA:182,0
DA:187,0
DA:191,0
LF:60
LH:0
BRDA:33,0,0,0
BRDA:35,1,0,0
BRDA:35,1,1,0
BRDA:45,2,0,0
BRDA:45,2,1,0
BRDA:50,3,0,0
BRDA:50,3,1,0
BRDA:58,4,0,0
BRDA:58,4,1,0
BRDA:75,5,0,0
BRDA:75,5,1,0
BRDA:76,6,0,0
BRDA:76,6,1,0
BRDA:77,7,0,0
BRDA:77,7,1,0
BRDA:100,8,0,0
BRDA:100,8,1,0
BRDA:114,9,0,0
BRDA:114,9,1,0
BRDA:121,10,0,0
BRDA:121,10,1,0
BRDA:121,11,0,0
BRDA:121,11,1,0
BRDA:126,12,0,0
BRDA:126,12,1,0
BRDA:148,13,0,0
BRDA:148,13,1,0
BRDA:177,14,0,0
BRDA:177,14,1,0
BRF:29
BRH:0
end_of_record
TN:
SF:C:\Users\ytang\OneDrive\Desktop\elai\backend\services\billingService.js
FN:5,(anonymous_0)
FN:9,(anonymous_1)
FN:66,(anonymous_2)
FN:80,(anonymous_3)
FN:85,(anonymous_4)
FN:94,(anonymous_5)
FN:131,(anonymous_6)
FN:144,(anonymous_7)
FN:173,(anonymous_8)
FN:194,(anonymous_9)
FN:225,(anonymous_10)
FN:255,(anonymous_11)
FN:269,(anonymous_12)
FN:292,(anonymous_13)
FN:346,(anonymous_14)
FNF:15
FNH:0
FNDA:0,(anonymous_0)
FNDA:0,(anonymous_1)
FNDA:0,(anonymous_2)
FNDA:0,(anonymous_3)
FNDA:0,(anonymous_4)
FNDA:0,(anonymous_5)
FNDA:0,(anonymous_6)
FNDA:0,(anonymous_7)
FNDA:0,(anonymous_8)
FNDA:0,(anonymous_9)
FNDA:0,(anonymous_10)
FNDA:0,(anonymous_11)
FNDA:0,(anonymous_12)
FNDA:0,(anonymous_13)
FNDA:0,(anonymous_14)
DA:1,0
DA:2,0
DA:6,0
DA:10,0
DA:11,0
DA:22,0
DA:35,0
DA:59,0
DA:60,0
DA:61,0
DA:62,0
DA:63,0
DA:65,0
DA:66,0
DA:67,0
DA:68,0
DA:72,0
DA:73,0
DA:77,0
DA:81,0
DA:82,0
DA:85,0
DA:95,0
DA:96,0
DA:105,0
DA:113,0
DA:114,0
DA:132,0
DA:133,0
DA:141,0
DA:145,0
DA:146,0
DA:147,0
DA:148,0
DA:150,0
DA:154,0
DA:155,0
DA:156,0
DA:170,0
DA:174,0
DA:175,0
DA:176,0
DA:177,0
DA:179,0
DA:183,0
DA:184,0
DA:185,0
DA:191,0
DA:195,0
DA:196,0
DA:203,0
DA:204,0
DA:206,0
DA:207,0
DA:211,0
DA:216,0
DA:222,0
DA:226,0
DA:227,0
DA:233,0
DA:234,0
DA:236,0
DA:237,0
DA:241,0
DA:246,0
DA:252,0
DA:256,0
DA:257,0
DA:269,0
DA:293,0
DA:294,0
DA:295,0
DA:296,0
DA:302,0
DA:303,0
DA:305,0
DA:306,0
DA:313,0
DA:314,0
DA:318,0
DA:319,0
DA:320,0
DA:324,0
DA:329,0
DA:335,0
DA:337,0
DA:343,0
DA:347,0
DA:348,0
DA:349,0
DA:353,0
DA:359,0
DA:365,0
DA:366,0
DA:388,0
LF:95
LH:0
BRDA:10,0,0,0
BRDA:10,0,1,0
BRDA:67,1,0,0
BRDA:67,1,1,0
BRDA:72,2,0,0
BRDA:72,2,1,0
BRDA:113,3,0,0
BRDA:113,3,1,0
BRDA:115,4,0,0
BRDA:115,4,1,0
BRDA:116,5,0,0
BRDA:116,5,1,0
BRDA:117,6,0,0
BRDA:117,6,1,0
BRDA:118,7,0,0
BRDA:118,7,1,0
BRDA:119,8,0,0
BRDA:119,8,1,0
BRDA:147,9,0,0
BRDA:147,9,1,0
BRDA:147,10,0,0
BRDA:147,10,1,0
BRDA:147,10,2,0
BRDA:147,10,3,0
BRDA:154,11,0,0
BRDA:154,11,1,0
BRDA:167,12,0,0
BRDA:167,12,1,0
BRDA:176,13,0,0
BRDA:176,13,1,0
BRDA:176,14,0,0
BRDA:176,14,1,0
BRDA:176,14,2,0
BRDA:176,14,3,0
BRDA:183,15,0,0
BRDA:183,15,1,0
BRDA:189,16,0,0
BRDA:189,16,1,0
BRDA:203,17,0,0
BRDA:203,17,1,0
BRDA:233,18,0,0
BRDA:233,18,1,0
BRDA:255,19,0,0
BRDA:284,20,0,0
BRDA:284,20,1,0
BRDA:292,21,0,0
BRDA:295,22,0,0
BRDA:295,22,1,0
BRDA:302,23,0,0
BRDA:302,23,1,0
BRDA:303,24,0,0
BRDA:303,24,1,0
BRDA:305,25,0,0
BRDA:305,25,1,0
BRDA:310,26,0,0
BRDA:310,26,1,0
BRDA:313,27,0,0
BRDA:313,27,1,0
BRDA:318,28,0,0
BRDA:318,28,1,0
BRDA:365,29,0,0
BRDA:365,29,1,0
BRDA:369,30,0,0
BRDA:369,30,1,0
BRDA:378,31,0,0
BRDA:378,31,1,0
BRDA:378,31,2,0
BRDA:379,32,0,0
BRDA:379,32,1,0
BRDA:379,32,2,0
BRDA:382,33,0,0
BRDA:382,33,1,0
BRDA:382,33,2,0
BRF:73
BRH:0
end_of_record
TN:
SF:C:\Users\ytang\OneDrive\Desktop\elai\backend\services\consultationService.js
FN:6,(anonymous_0)
FN:10,(anonymous_1)
FN:66,(anonymous_2)
FN:86,(anonymous_3)
FN:119,(anonymous_4)
FN:146,(anonymous_5)
FN:167,(anonymous_6)
FN:273,(anonymous_7)
FN:297,(anonymous_8)
FN:308,(anonymous_9)
FNF:10
FNH:0
FNDA:0,(anonymous_0)
FNDA:0,(anonymous_1)
FNDA:0,(anonymous_2)
FNDA:0,(anonymous_3)
FNDA:0,(anonymous_4)
FNDA:0,(anonymous_5)
FNDA:0,(anonymous_6)
FNDA:0,(anonymous_7)
FNDA:0,(anonymous_8)
FNDA:0,(anonymous_9)
DA:1,0
DA:2,0
DA:3,0
DA:7,0
DA:11,0
DA:12,0
DA:30,0
DA:31,0
DA:45,0
DA:56,0
DA:57,0
DA:63,0
DA:67,0
DA:68,0
DA:69,0
DA:70,0
DA:71,0
DA:72,0
DA:73,0
DA:75,0
DA:76,0
DA:77,0
DA:79,0
DA:81,0
DA:82,0
DA:83,0
DA:87,0
DA:88,0
DA:89,0
DA:90,0
DA:92,0
DA:93,0
DA:94,0
DA:96,0
DA:97,0
DA:100,0
DA:105,0
DA:116,0
DA:120,0
DA:121,0
DA:122,0
DA:123,0
DA:146,0
DA:168,0
DA:169,0
DA:170,0
DA:172,0
DA:176,0
DA:178,0
DA:179,0
DA:180,0
DA:182,0
DA:183,0
DA:185,0
DA:187,0
DA:191,0
DA:192,0
DA:193,0
DA:194,0
DA:195,0
DA:196,0
DA:198,0
DA:199,0
DA:200,0
DA:202,0
DA:203,0
DA:204,0
DA:206,0
DA:207,0
DA:208,0
DA:210,0
DA:211,0
DA:212,0
DA:213,0
DA:214,0
DA:216,0
DA:217,0
DA:219,0
DA:222,0
DA:224,0
DA:225,0
DA:230,0
DA:231,0
DA:232,0
DA:233,0
DA:240,0
DA:241,0
DA:248,0
DA:249,0
DA:250,0
DA:257,0
DA:270,0
DA:274,0
DA:275,0
DA:276,0
DA:277,0
DA:281,0
DA:282,0
DA:283,0
DA:284,0
DA:285,0
DA:286,0
DA:288,0
DA:297,0
DA:309,0
DA:310,0
DA:311,0
DA:312,0
DA:313,0
DA:317,0
DA:318,0
DA:320,0
DA:321,0
DA:325,0
DA:326,0
DA:327,0
DA:328,0
DA:329,0
DA:330,0
DA:331,0
DA:333,0
DA:334,0
DA:335,0
DA:337,0
DA:338,0
DA:339,0
DA:344,0
DA:345,0
DA:349,0
DA:356,0
DA:357,0
DA:364,0
DA:375,0
DA:379,0
LF:134
LH:0
BRDA:11,0,0,0
BRDA:11,0,1,0
BRDA:67,1,0,0
BRDA:67,1,1,0
BRDA:71,2,0,0
BRDA:71,2,1,0
BRDA:73,3,0,0
BRDA:73,3,1,0
BRDA:75,4,0,0
BRDA:75,4,1,0
BRDA:81,5,0,0
BRDA:81,5,1,0
BRDA:82,6,0,0
BRDA:82,6,1,0
BRDA:89,7,0,0
BRDA:89,7,1,0
BRDA:92,8,0,0
BRDA:92,8,1,0
BRDA:93,9,0,0
BRDA:93,9,1,0
BRDA:94,10,0,0
BRDA:94,10,1,0
BRDA:96,11,0,0
BRDA:96,11,1,0
BRDA:96,12,0,0
BRDA:96,12,1,0
BRDA:121,13,0,0
BRDA:121,13,1,0
BRDA:143,14,0,0
BRDA:143,14,1,0
BRDA:143,15,0,0
BRDA:143,15,1,0
BRDA:170,16,0,0
BRDA:170,16,1,0
BRDA:176,17,0,0
BRDA:176,17,1,0
BRDA:180,18,0,0
BRDA:180,18,1,0
BRDA:187,19,0,0
BRDA:187,19,1,0
BRDA:187,19,2,0
BRDA:191,20,0,0
BRDA:191,20,1,0
BRDA:192,21,0,0
BRDA:192,21,1,0
BRDA:194,22,0,0
BRDA:194,22,1,0
BRDA:198,23,0,0
BRDA:198,23,1,0
BRDA:200,24,0,0
BRDA:200,24,1,0
BRDA:202,25,0,0
BRDA:202,25,1,0
BRDA:204,26,0,0
BRDA:204,26,1,0
BRDA:206,27,0,0
BRDA:206,27,1,0
BRDA:208,28,0,0
BRDA:208,28,1,0
BRDA:212,29,0,0
BRDA:212,29,1,0
BRDA:213,30,0,0
BRDA:213,30,1,0
BRDA:213,31,0,0
BRDA:213,31,1,0
BRDA:222,32,0,0
BRDA:222,32,1,0
BRDA:230,33,0,0
BRDA:230,33,1,0
BRDA:231,34,0,0
BRDA:231,34,1,0
BRDA:231,35,0,0
BRDA:231,35,1,0
BRDA:231,35,2,0
BRDA:240,36,0,0
BRDA:240,36,1,0
BRDA:248,37,0,0
BRDA:248,37,1,0
BRDA:249,38,0,0
BRDA:249,38,1,0
BRDA:276,39,0,0
BRDA:276,39,1,0
BRDA:281,40,0,0
BRDA:281,40,1,0
BRDA:283,41,0,0
BRDA:283,41,1,0
BRDA:285,42,0,0
BRDA:285,42,1,0
BRDA:285,43,0,0
BRDA:285,43,1,0
BRDA:303,44,0,0
BRDA:303,44,1,0
BRDA:311,45,0,0
BRDA:311,45,1,0
BRDA:312,46,0,0
BRDA:312,46,1,0
BRDA:313,47,0,0
BRDA:313,47,1,0
BRDA:317,48,0,0
BRDA:317,48,1,0
BRDA:317,49,0,0
BRDA:317,49,1,0
BRDA:320,50,0,0
BRDA:320,50,1,0
BRDA:320,51,0,0
BRDA:320,51,1,0
BRDA:325,52,0,0
BRDA:325,52,1,0
BRDA:327,53,0,0
BRDA:327,53,1,0
BRDA:328,54,0,0
BRDA:328,54,1,0
BRDA:330,55,0,0
BRDA:330,55,1,0
BRDA:330,56,0,0
BRDA:330,56,1,0
BRDA:333,57,0,0
BRDA:333,57,1,0
BRDA:335,58,0,0
BRDA:335,58,1,0
BRDA:337,59,0,0
BRDA:337,59,1,0
BRDA:338,60,0,0
BRDA:338,60,1,0
BRDA:338,61,0,0
BRDA:338,61,1,0
BRDA:344,62,0,0
BRDA:344,62,1,0
BRDA:352,63,0,0
BRDA:352,63,1,0
BRDA:356,64,0,0
BRDA:356,64,1,0
BRDA:360,65,0,0
BRDA:360,65,1,0
BRDA:369,66,0,0
BRDA:369,66,1,0
BRF:136
BRH:0
end_of_record
TN:
SF:C:\Users\ytang\OneDrive\Desktop\elai\backend\services\guideService.js
FN:12,(anonymous_0)
FN:36,(anonymous_1)
FN:52,(anonymous_2)
FN:87,(anonymous_3)
FN:124,(anonymous_4)
FN:176,(anonymous_5)
FNF:6
FNH:0
FNDA:0,(anonymous_0)
FNDA:0,(anonymous_1)
FNDA:0,(anonymous_2)
FNDA:0,(anonymous_3)
FNDA:0,(anonymous_4)
FNDA:0,(anonymous_5)
DA:6,0
DA:13,0
DA:14,0
DA:15,0
DA:16,0
DA:21,0
DA:22,0
DA:23,0
DA:27,0
DA:28,0
DA:29,0
DA:32,0
DA:34,0
DA:36,0
DA:53,0
DA:61,0
DA:62,0
DA:65,0
DA:66,0
DA:67,0
DA:69,0
DA:88,0
DA:90,0
DA:91,0
DA:94,0
DA:95,0
DA:97,0
DA:98,0
DA:101,0
DA:102,0
DA:105,0
DA:118,0
DA:125,0
DA:127,0
DA:128,0
DA:130,0
DA:131,0
DA:132,0
DA:134,0
DA:135,0
DA:136,0
DA:137,0
DA:139,0
DA:140,0
DA:142,0
DA:143,0
DA:144,0
DA:145,0
DA:147,0
DA:148,0
DA:150,0
DA:151,0
DA:152,0
DA:154,0
DA:155,0
DA:156,0
DA:158,0
DA:159,0
DA:160,0
DA:163,0
DA:164,0
DA:167,0
DA:168,0
DA:170,0
DA:177,0
DA:178,0
DA:179,0
DA:181,0
DA:185,0
LF:69
LH:0
BRDA:12,0,0,0
BRDA:12,1,0,0
BRDA:15,2,0,0
BRDA:15,2,1,0
BRDA:15,3,0,0
BRDA:15,3,1,0
BRDA:21,4,0,0
BRDA:21,4,1,0
BRDA:27,5,0,0
BRDA:27,5,1,0
BRDA:52,6,0,0
BRDA:61,7,0,0
BRDA:61,7,1,0
BRDA:66,8,0,0
BRDA:66,8,1,0
BRDA:66,9,0,0
BRDA:66,9,1,0
BRDA:66,9,2,0
BRDA:90,10,0,0
BRDA:90,10,1,0
BRDA:90,11,0,0
BRDA:90,11,1,0
BRDA:97,12,0,0
BRDA:97,12,1,0
BRDA:97,13,0,0
BRDA:97,13,1,0
BRDA:101,14,0,0
BRDA:101,14,1,0
BRDA:101,15,0,0
BRDA:101,15,1,0
BRDA:109,16,0,0
BRDA:109,16,1,0
BRDA:110,17,0,0
BRDA:110,17,1,0
BRDA:111,18,0,0
BRDA:111,18,1,0
BRDA:113,19,0,0
BRDA:113,19,1,0
BRDA:130,20,0,0
BRDA:130,20,1,0
BRDA:134,21,0,0
BRDA:134,21,1,0
BRDA:136,22,0,0
BRDA:136,22,1,0
BRDA:142,23,0,0
BRDA:142,23,1,0
BRDA:144,24,0,0
BRDA:144,24,1,0
BRDA:150,25,0,0
BRDA:150,25,1,0
BRDA:154,26,0,0
BRDA:154,26,1,0
BRDA:158,27,0,0
BRDA:158,27,1,0
BRDA:163,28,0,0
BRDA:163,28,1,0
BRDA:178,29,0,0
BRDA:178,29,1,0
BRF:58
BRH:0
end_of_record
TN:
SF:C:\Users\ytang\OneDrive\Desktop\elai\backend\services\hairAiService.js
FN:19,(anonymous_0)
FN:29,(anonymous_1)
FN:49,(anonymous_2)
FN:179,getModel
FN:191,buildProfileContext
FN:209,(anonymous_5)
FN:221,analyzeHairFromImage
FN:252,(anonymous_7)
FN:253,(anonymous_8)
FN:254,(anonymous_9)
FN:255,(anonymous_10)
FN:260,(anonymous_11)
FN:261,(anonymous_12)
FN:262,(anonymous_13)
FN:263,(anonymous_14)
FNF:15
FNH:0
FNDA:0,(anonymous_0)
FNDA:0,(anonymous_1)
FNDA:0,(anonymous_2)
FNDA:0,getModel
FNDA:0,buildProfileContext
FNDA:0,(anonymous_5)
FNDA:0,analyzeHairFromImage
FNDA:0,(anonymous_7)
FNDA:0,(anonymous_8)
FNDA:0,(anonymous_9)
FNDA:0,(anonymous_10)
FNDA:0,(anonymous_11)
FNDA:0,(anonymous_12)
FNDA:0,(anonymous_13)
FNDA:0,(anonymous_14)
DA:6,0
DA:7,0
DA:8,0
DA:11,0
DA:13,0
DA:15,0
DA:20,0
DA:21,0
DA:22,0
DA:30,0
DA:32,0
DA:36,0
DA:37,0
DA:38,0
DA:50,0
DA:53,0
DA:54,0
DA:56,0
DA:57,0
DA:60,0
DA:63,0
DA:64,0
DA:65,0
DA:66,0
DA:67,0
DA:68,0
DA:75,0
DA:78,0
DA:129,0
DA:130,0
DA:131,0
DA:133,0
DA:143,0
DA:144,0
DA:147,0
DA:148,0
DA:149,0
DA:151,0
DA:152,0
DA:153,0
DA:154,0
DA:155,0
DA:158,0
DA:159,0
DA:160,0
DA:162,0
DA:163,0
DA:168,0
DA:171,0
DA:177,0
DA:180,0
DA:181,0
DA:182,0
DA:183,0
DA:184,0
DA:186,0
DA:187,0
DA:188,0
DA:192,0
DA:194,0
DA:195,0
DA:198,0
DA:199,0
DA:200,0
DA:201,0
DA:202,0
DA:203,0
DA:206,0
DA:207,0
DA:208,0
DA:209,0
DA:210,0
DA:213,0
DA:214,0
DA:218,0
DA:222,0
DA:223,0
DA:226,0
DA:227,0
DA:228,0
DA:232,0
DA:233,0
DA:234,0
DA:235,0
DA:236,0
DA:238,0
DA:240,0
DA:241,0
DA:243,0
DA:247,0
DA:250,0
DA:252,0
DA:253,0
DA:254,0
DA:255,0
DA:258,0
DA:260,0
DA:261,0
DA:262,0
DA:263,0
DA:266,0
DA:270,0
DA:321,0
DA:331,0
DA:332,0
DA:334,0
DA:335,0
DA:336,0
DA:338,0
DA:339,0
DA:341,0
DA:342,0
DA:345,0
DA:347,0
DA:348,0
DA:350,0
LF:116
LH:0
BRDA:20,0,0,0
BRDA:20,0,1,0
BRDA:20,0,2,0
BRDA:21,1,0,0
BRDA:21,1,1,0
BRDA:30,2,0,0
BRDA:30,2,1,0
BRDA:36,3,0,0
BRDA:36,3,1,0
BRDA:39,4,0,0
BRDA:39,4,1,0
BRDA:40,5,0,0
BRDA:40,5,1,0
BRDA:41,6,0,0
BRDA:41,6,1,0
BRDA:50,7,0,0
BRDA:50,7,1,0
BRDA:50,8,0,0
BRDA:50,8,1,0
BRDA:66,9,0,0
BRDA:66,9,1,0
BRDA:67,10,0,0
BRDA:67,10,1,0
BRDA:70,11,0,0
BRDA:70,11,1,0
BRDA:71,12,0,0
BRDA:71,12,1,0
BRDA:72,13,0,0
BRDA:72,13,1,0
BRDA:86,14,0,0
BRDA:86,14,1,0
BRDA:153,15,0,0
BRDA:153,15,1,0
BRDA:153,16,0,0
BRDA:153,16,1,0
BRDA:180,17,0,0
BRDA:180,17,1,0
BRDA:181,18,0,0
BRDA:181,18,1,0
BRDA:181,18,2,0
BRDA:182,19,0,0
BRDA:182,19,1,0
BRDA:194,20,0,0
BRDA:194,20,1,0
BRDA:194,21,0,0
BRDA:194,21,1,0
BRDA:194,21,2,0
BRDA:198,22,0,0
BRDA:198,22,1,0
BRDA:199,23,0,0
BRDA:199,23,1,0
BRDA:199,24,0,0
BRDA:199,24,1,0
BRDA:201,25,0,0
BRDA:201,25,1,0
BRDA:202,26,0,0
BRDA:202,26,1,0
BRDA:206,27,0,0
BRDA:206,27,1,0
BRDA:206,28,0,0
BRDA:206,28,1,0
BRDA:210,29,0,0
BRDA:210,29,1,0
BRDA:222,30,0,0
BRDA:222,30,1,0
BRDA:227,31,0,0
BRDA:227,31,1,0
BRDA:234,32,0,0
BRDA:234,32,1,0
BRDA:250,33,0,0
BRDA:250,33,1,0
BRDA:250,34,0,0
BRDA:250,34,1,0
BRDA:252,35,0,0
BRDA:252,35,1,0
BRDA:253,36,0,0
BRDA:253,36,1,0
BRDA:258,37,0,0
BRDA:258,37,1,0
BRDA:258,38,0,0
BRDA:258,38,1,0
BRDA:260,39,0,0
BRDA:260,39,1,0
BRDA:261,40,0,0
BRDA:261,40,1,0
BRDA:266,41,0,0
BRDA:266,41,1,0
BRDA:282,42,0,0
BRDA:282,42,1,0
BRDA:283,43,0,0
BRDA:283,43,1,0
BRDA:295,44,0,0
BRDA:295,44,1,0
BRDA:296,45,0,0
BRDA:296,45,1,0
BRDA:341,46,0,0
BRDA:341,46,1,0
BRDA:341,47,0,0
BRDA:341,47,1,0
BRF:99
BRH:0
end_of_record
TN:
SF:C:\Users\ytang\OneDrive\Desktop\elai\backend\services\notificationService.js
FN:4,(anonymous_0)
FN:8,(anonymous_1)
FN:41,(anonymous_2)
FN:58,(anonymous_3)
FN:61,(anonymous_4)
FN:79,(anonymous_5)
FN:96,(anonymous_6)
FN:108,(anonymous_7)
FNF:8
FNH:0
FNDA:0,(anonymous_0)
FNDA:0,(anonymous_1)
FNDA:0,(anonymous_2)
FNDA:0,(anonymous_3)
FNDA:0,(anonymous_4)
FNDA:0,(anonymous_5)
FNDA:0,(anonymous_6)
FNDA:0,(anonymous_7)
DA:1,0
DA:5,0
DA:9,0
DA:10,0
DA:11,0
DA:25,0
DA:38,0
DA:42,0
DA:48,0
DA:49,0
DA:50,0
DA:55,0
DA:59,0
DA:60,0
DA:61,0
DA:62,0
DA:63,0
DA:69,0
DA:70,0
DA:71,0
DA:73,0
DA:74,0
DA:75,0
DA:80,0
DA:81,0
DA:82,0
DA:90,0
DA:94,0
DA:96,0
DA:109,0
DA:110,0
DA:111,0
DA:115,0
DA:117,0
DA:121,0
DA:125,0
LF:36
LH:0
BRDA:9,0,0,0
BRDA:9,0,1,0
BRDA:44,1,0,0
BRDA:45,2,0,0
BRDA:46,3,0,0
BRDA:47,4,0,0
BRDA:48,5,0,0
BRDA:48,5,1,0
BRDA:49,6,0,0
BRDA:49,6,1,0
BRDA:49,7,0,0
BRDA:49,7,1,0
BRDA:58,8,0,0
BRDA:60,9,0,0
BRDA:60,9,1,0
BRDA:60,10,0,0
BRDA:60,10,1,0
BRDA:69,11,0,0
BRDA:69,11,1,0
BRDA:79,12,0,0
BRDA:81,13,0,0
BRDA:81,13,1,0
BRDA:95,14,0,0
BRDA:95,14,1,0
BRDA:95,14,2,0
BRDA:108,15,0,0
BRDA:110,16,0,0
BRDA:110,16,1,0
BRF:28
BRH:0
end_of_record
TN:
SF:C:\Users\ytang\OneDrive\Desktop\elai\backend\services\photoService.js
FN:15,(anonymous_0)
FN:58,(anonymous_1)
FN:68,(anonymous_2)
FN:79,(anonymous_3)
FN:111,(anonymous_4)
FNF:5
FNH:0
FNDA:0,(anonymous_0)
FNDA:0,(anonymous_1)
FNDA:0,(anonymous_2)
FNDA:0,(anonymous_3)
FNDA:0,(anonymous_4)
DA:6,0
DA:7,0
DA:8,0
DA:9,0
DA:16,0
DA:20,0
DA:21,0
DA:22,0
DA:23,0
DA:26,0
DA:28,0
DA:32,0
DA:35,0
DA:36,0
DA:43,0
DA:48,0
DA:59,0
DA:60,0
DA:63,0
DA:68,0
DA:81,0
DA:86,0
DA:87,0
DA:91,0
DA:92,0
DA:93,0
DA:95,0
DA:99,0
DA:100,0
DA:105,0
DA:112,0
DA:117,0
DA:118,0
DA:122,0
DA:123,0
DA:124,0
DA:126,0
DA:130,0
DA:132,0
DA:136,0
LF:40
LH:0
BRDA:15,0,0,0
BRDA:21,1,0,0
BRDA:21,1,1,0
BRDA:23,2,0,0
BRDA:23,2,1,0
BRDA:32,3,0,0
BRDA:32,3,1,0
BRDA:35,4,0,0
BRDA:35,4,1,0
BRDA:59,5,0,0
BRDA:59,5,1,0
BRDA:86,6,0,0
BRDA:86,6,1,0
BRDA:117,7,0,0
BRDA:117,7,1,0
BRF:15
BRH:0
end_of_record
TN:
SF:C:\Users\ytang\OneDrive\Desktop\elai\backend\services\productService.js
FN:12,(anonymous_0)
FN:31,(anonymous_1)
FN:48,(anonymous_2)
FN:82,(anonymous_3)
FN:122,(anonymous_4)
FN:135,(anonymous_5)
FN:209,(anonymous_6)
FN:223,(anonymous_7)
FN:231,(anonymous_8)
FN:235,(anonymous_9)
FNF:10
FNH:0
FNDA:0,(anonymous_0)
FNDA:0,(anonymous_1)
FNDA:0,(anonymous_2)
FNDA:0,(anonymous_3)
FNDA:0,(anonymous_4)
FNDA:0,(anonymous_5)
FNDA:0,(anonymous_6)
FNDA:0,(anonymous_7)
FNDA:0,(anonymous_8)
FNDA:0,(anonymous_9)
DA:6,0
DA:13,0
DA:21,0
DA:22,0
DA:23,0
DA:24,0
DA:27,0
DA:29,0
DA:31,0
DA:49,0
DA:60,0
DA:61,0
DA:64,0
DA:65,0
DA:93,0
DA:95,0
DA:96,0
DA:98,0
DA:102,0
DA:118,0
DA:121,0
DA:122,0
DA:123,0
DA:129,0
DA:146,0
DA:148,0
DA:149,0
DA:151,0
DA:152,0
DA:153,0
DA:155,0
DA:156,0
DA:157,0
DA:159,0
DA:160,0
DA:161,0
DA:163,0
DA:164,0
DA:165,0
DA:167,0
DA:168,0
DA:169,0
DA:172,0
DA:173,0
DA:174,0
DA:176,0
DA:177,0
DA:178,0
DA:179,0
DA:180,0
DA:181,0
DA:182,0
DA:183,0
DA:185,0
DA:186,0
DA:190,0
DA:191,0
DA:192,0
DA:194,0
DA:195,0
DA:196,0
DA:200,0
DA:201,0
DA:202,0
DA:206,0
DA:207,0
DA:208,0
DA:209,0
DA:210,0
DA:217,0
DA:224,0
DA:225,0
DA:232,0
DA:235,0
DA:239,0
LF:75
LH:0
BRDA:12,0,0,0
BRDA:22,1,0,0
BRDA:22,1,1,0
BRDA:36,2,0,0
BRDA:36,2,1,0
BRDA:38,3,0,0
BRDA:38,3,1,0
BRDA:39,4,0,0
BRDA:39,4,1,0
BRDA:40,5,0,0
BRDA:40,5,1,0
BRDA:41,6,0,0
BRDA:41,6,1,0
BRDA:60,7,0,0
BRDA:60,7,1,0
BRDA:70,8,0,0
BRDA:70,8,1,0
BRDA:72,9,0,0
BRDA:72,9,1,0
BRDA:73,10,0,0
BRDA:73,10,1,0
BRDA:74,11,0,0
BRDA:74,11,1,0
BRDA:75,12,0,0
BRDA:75,12,1,0
BRDA:95,13,0,0
BRDA:95,13,1,0
BRDA:96,14,0,0
BRDA:96,14,1,0
BRDA:96,15,0,0
BRDA:96,15,1,0
BRDA:98,16,0,0
BRDA:98,16,1,0
BRDA:99,17,0,0
BRDA:99,17,1,0
BRDA:108,18,0,0
BRDA:108,18,1,0
BRDA:109,19,0,0
BRDA:109,19,1,0
BRDA:110,20,0,0
BRDA:110,20,1,0
BRDA:121,21,0,0
BRDA:121,21,1,0
BRDA:121,22,0,0
BRDA:121,22,1,0
BRDA:121,22,2,0
BRDA:151,23,0,0
BRDA:151,23,1,0
BRDA:155,24,0,0
BRDA:155,24,1,0
BRDA:159,25,0,0
BRDA:159,25,1,0
BRDA:163,26,0,0
BRDA:163,26,1,0
BRDA:167,27,0,0
BRDA:167,27,1,0
BRDA:172,28,0,0
BRDA:172,28,1,0
BRDA:176,29,0,0
BRDA:176,29,1,0
BRDA:178,30,0,0
BRDA:178,30,1,0
BRDA:180,31,0,0
BRDA:180,31,1,0
BRDA:182,32,0,0
BRDA:182,32,1,0
BRDA:190,33,0,0
BRDA:190,33,1,0
BRDA:192,34,0,0
BRDA:192,34,1,0
BRDA:194,35,0,0
BRDA:194,35,1,0
BRDA:196,36,0,0
BRDA:196,36,1,0
BRDA:200,37,0,0
BRDA:200,37,1,0
BRDA:206,38,0,0
BRDA:206,38,1,0
BRDA:208,39,0,0
BRDA:208,39,1,0
BRDA:208,40,0,0
BRDA:208,40,1,0
BRF:82
BRH:0
end_of_record
TN:
SF:C:\Users\ytang\OneDrive\Desktop\elai\backend\services\profileService.js
FN:10,parseJsonSafe
FN:24,(anonymous_1)
FN:49,(anonymous_2)
FN:67,(anonymous_3)
FN:85,(anonymous_4)
FN:141,(anonymous_5)
FN:144,(anonymous_6)
FN:163,(anonymous_7)
FN:183,(anonymous_8)
FN:199,(anonymous_9)
FNF:10
FNH:0
FNDA:0,parseJsonSafe
FNDA:0,(anonymous_1)
FNDA:0,(anonymous_2)
FNDA:0,(anonymous_3)
FNDA:0,(anonymous_4)
FNDA:0,(anonymous_5)
FNDA:0,(anonymous_6)
FNDA:0,(anonymous_7)
FNDA:0,(anonymous_8)
FNDA:0,(anonymous_9)
DA:6,0
DA:7,0
DA:8,0
DA:11,0
DA:12,0
DA:13,0
DA:14,0
DA:16,0
DA:25,0
DA:39,0
DA:40,0
DA:43,0
DA:44,0
DA:49,0
DA:51,0
DA:67,0
DA:86,0
DA:87,0
DA:88,0
DA:89,0
DA:90,0
DA:91,0
DA:94,0
DA:95,0
DA:96,0
DA:97,0
DA:102,0
DA:103,0
DA:107,0
DA:111,0
DA:112,0
DA:113,0
DA:114,0
DA:118,0
DA:119,0
DA:121,0
DA:126,0
DA:127,0
DA:134,0
DA:135,0
DA:136,0
DA:139,0
DA:140,0
DA:141,0
DA:142,0
DA:143,0
DA:144,0
DA:148,0
DA:149,0
DA:153,0
DA:154,0
DA:157,0
DA:164,0
DA:167,0
DA:168,0
DA:169,0
DA:170,0
DA:172,0
DA:173,0
DA:175,0
DA:177,0
DA:184,0
DA:185,0
DA:188,0
DA:193,0
DA:200,0
DA:204,0
DA:205,0
DA:206,0
DA:207,0
DA:208,0
DA:212,0
LF:72
LH:0
BRDA:11,0,0,0
BRDA:11,0,1,0
BRDA:14,1,0,0
BRDA:14,1,1,0
BRDA:14,2,0,0
BRDA:14,2,1,0
BRDA:39,3,0,0
BRDA:39,3,1,0
BRDA:49,4,0,0
BRDA:49,4,1,0
BRDA:58,5,0,0
BRDA:58,5,1,0
BRDA:59,6,0,0
BRDA:59,6,1,0
BRDA:60,7,0,0
BRDA:60,7,1,0
BRDA:61,8,0,0
BRDA:61,8,1,0
BRDA:62,9,0,0
BRDA:62,9,1,0
BRDA:63,10,0,0
BRDA:63,10,1,0
BRDA:64,11,0,0
BRDA:64,11,1,0
BRDA:65,12,0,0
BRDA:65,12,1,0
BRDA:66,13,0,0
BRDA:66,13,1,0
BRDA:73,14,0,0
BRDA:73,14,1,0
BRDA:95,15,0,0
BRDA:95,15,1,0
BRDA:102,16,0,0
BRDA:102,16,1,0
BRDA:107,17,0,0
BRDA:107,17,1,0
BRDA:111,18,0,0
BRDA:111,18,1,0
BRDA:112,19,0,0
BRDA:112,19,1,0
BRDA:119,20,0,0
BRDA:119,20,1,0
BRDA:121,21,0,0
BRDA:121,21,1,0
BRDA:122,22,0,0
BRDA:122,22,1,0
BRDA:123,23,0,0
BRDA:123,23,1,0
BRDA:128,24,0,0
BRDA:128,24,1,0
BRDA:128,25,0,0
BRDA:128,25,1,0
BRDA:128,25,2,0
BRDA:129,26,0,0
BRDA:129,26,1,0
BRDA:134,27,0,0
BRDA:134,27,1,0
BRDA:139,28,0,0
BRDA:139,28,1,0
BRDA:142,29,0,0
BRDA:142,29,1,0
BRDA:153,30,0,0
BRDA:153,30,1,0
BRDA:153,31,0,0
BRDA:153,31,1,0
BRDA:168,32,0,0
BRDA:168,32,1,0
BRDA:168,33,0,0
BRDA:168,33,1,0
BRDA:172,34,0,0
BRDA:172,34,1,0
BRDA:190,35,0,0
BRDA:190,35,1,0
BRDA:204,36,0,0
BRDA:204,36,1,0
BRF:75
BRH:0
end_of_record
TN:
SF:C:\Users\ytang\OneDrive\Desktop\elai\backend\services\routineService.js
FN:13,(anonymous_0)
FN:17,(anonymous_1)
FN:28,(anonymous_2)
FN:38,(anonymous_3)
FN:49,(anonymous_4)
FN:63,(anonymous_5)
FN:91,(anonymous_6)
FN:102,(anonymous_7)
FN:115,(anonymous_8)
FN:129,(anonymous_9)
FN:136,(anonymous_10)
FN:153,(anonymous_11)
FN:161,(anonymous_12)
FN:187,(anonymous_13)
FN:237,(anonymous_14)
FNF:15
FNH:0
FNDA:0,(anonymous_0)
FNDA:0,(anonymous_1)
FNDA:0,(anonymous_2)
FNDA:0,(anonymous_3)
FNDA:0,(anonymous_4)
FNDA:0,(anonymous_5)
FNDA:0,(anonymous_6)
FNDA:0,(anonymous_7)
FNDA:0,(anonymous_8)
FNDA:0,(anonymous_9)
FNDA:0,(anonymous_10)
FNDA:0,(anonymous_11)
FNDA:0,(anonymous_12)
FNDA:0,(anonymous_13)
FNDA:0,(anonymous_14)
DA:6,0
DA:7,0
DA:8,0
DA:10,0
DA:14,0
DA:18,0
DA:19,0
DA:20,0
DA:21,0
DA:22,0
DA:29,0
DA:30,0
DA:31,0
DA:32,0
DA:33,0
DA:34,0
DA:35,0
DA:39,0
DA:40,0
DA:41,0
DA:42,0
DA:43,0
DA:50,0
DA:55,0
DA:64,0
DA:65,0
DA:66,0
DA:68,0
DA:69,0
DA:72,0
DA:78,0
DA:92,0
DA:93,0
DA:102,0
DA:116,0
DA:129,0
DA:137,0
DA:145,0
DA:152,0
DA:153,0
DA:162,0
DA:168,0
DA:169,0
DA:170,0
DA:171,0
DA:173,0
DA:174,0
DA:176,0
DA:177,0
DA:178,0
DA:179,0
DA:181,0
DA:189,0
DA:194,0
DA:195,0
DA:198,0
DA:199,0
DA:201,0
DA:202,0
DA:203,0
DA:205,0
DA:206,0
DA:207,0
DA:209,0
DA:210,0
DA:211,0
DA:214,0
DA:215,0
DA:218,0
DA:219,0
DA:221,0
DA:226,0
DA:238,0
DA:239,0
DA:243,0
DA:244,0
DA:245,0
DA:246,0
DA:251,0
DA:256,0
DA:257,0
DA:260,0
DA:264,0
LF:83
LH:0
BRDA:18,0,0,0
BRDA:18,0,1,0
BRDA:29,1,0,0
BRDA:29,1,1,0
BRDA:29,2,0,0
BRDA:29,2,1,0
BRDA:30,3,0,0
BRDA:30,3,1,0
BRDA:31,4,0,0
BRDA:31,4,1,0
BRDA:32,5,0,0
BRDA:32,5,1,0
BRDA:33,6,0,0
BRDA:33,6,1,0
BRDA:34,7,0,0
BRDA:34,7,1,0
BRDA:39,8,0,0
BRDA:39,8,1,0
BRDA:41,9,0,0
BRDA:41,9,1,0
BRDA:42,10,0,0
BRDA:42,10,1,0
BRDA:49,11,0,0
BRDA:63,12,0,0
BRDA:63,13,0,0
BRDA:66,14,0,0
BRDA:66,14,1,0
BRDA:68,15,0,0
BRDA:68,15,1,0
BRDA:68,16,0,0
BRDA:68,16,1,0
BRDA:91,17,0,0
BRDA:107,18,0,0
BRDA:107,18,1,0
BRDA:108,19,0,0
BRDA:108,19,1,0
BRDA:115,20,0,0
BRDA:132,21,0,0
BRDA:132,21,1,0
BRDA:155,22,0,0
BRDA:155,22,1,0
BRDA:155,22,2,0
BRDA:156,23,0,0
BRDA:156,23,1,0
BRDA:156,23,2,0
BRDA:161,24,0,0
BRDA:169,25,0,0
BRDA:169,25,1,0
BRDA:169,26,0,0
BRDA:169,26,1,0
BRDA:170,27,0,0
BRDA:170,27,1,0
BRDA:174,28,0,0
BRDA:174,28,1,0
BRDA:177,29,0,0
BRDA:177,29,1,0
BRDA:194,30,0,0
BRDA:194,30,1,0
BRDA:201,31,0,0
BRDA:201,31,1,0
BRDA:205,32,0,0
BRDA:205,32,1,0
BRDA:209,33,0,0
BRDA:209,33,1,0
BRDA:214,34,0,0
BRDA:214,34,1,0
BRDA:243,35,0,0
BRDA:243,35,1,0
BRDA:243,36,0,0
BRDA:243,36,1,0
BRDA:246,37,0,0
BRDA:246,37,1,0
BRDA:256,38,0,0
BRDA:256,38,1,0
BRF:74
BRH:0
end_of_record
